This is pdfTeX, Version 3.14159265-2.6-1.40.20 (TeX Live 2019/Debian) (preloaded format=pdflatex 2021.3.24)  23 JUN 2021 19:18
entering extended mode
 restricted \write18 enabled.
 %&-line parsing enabled.
**diss.tex
(./diss.tex
LaTeX2e <2020-02-02> patch level 2
L3 programming layer <2020-02-14> (./ubcdiss.cls
Document Class: ubcdiss 2018/05/18
(/usr/share/texlive/texmf-dist/tex/latex/tools/calc.sty
Package: calc 2017/05/25 v4.3 Infix arithmetic (KKT,FJ)
\calc@Acount=\count167
\calc@Bcount=\count168
\calc@Adimen=\dimen134
\calc@Bdimen=\dimen135
\calc@Askip=\skip47
\calc@Bskip=\skip48
LaTeX Info: Redefining \setlength on input line 80.
LaTeX Info: Redefining \addtolength on input line 81.
\calc@Ccount=\count169
\calc@Cskip=\skip49
)
(/usr/share/texlive/texmf-dist/tex/latex/base/ifthen.sty
Package: ifthen 2014/09/29 v1.1c Standard LaTeX ifthen package (DPC)
)
Using one-and-a-half spacing
(/usr/share/texlive/texmf-dist/tex/latex/base/book.cls
Document Class: book 2019/12/20 v1.4l Standard LaTeX document class
(/usr/share/texlive/texmf-dist/tex/latex/base/bk11.clo
File: bk11.clo 2019/12/20 v1.4l Standard LaTeX file (size option)
)
\c@part=\count170
\c@chapter=\count171
\c@section=\count172
\c@subsection=\count173
\c@subsubsection=\count174
\c@paragraph=\count175
\c@subparagraph=\count176
\c@figure=\count177
\c@table=\count178
\abovecaptionskip=\skip50
\belowcaptionskip=\skip51
\bibindent=\dimen136
)
(/usr/share/texlive/texmf-dist/tex/latex/setspace/setspace.sty
Package: setspace 2011/12/19 v6.7a set line spacing
)
(/usr/share/texlive/texmf-dist/tex/latex/textcase/textcase.sty
Package: textcase 2019/09/14 v1.00 Text only upper/lower case changing (DPC)
)
(/usr/share/texlive/texmf-dist/tex/latex/tocbibind/tocbibind.sty
Package: tocbibind 2010/10/13 v1.5k extra ToC listings
Package tocbibind Info: The document has chapter divisions on input line 50.


Package tocbibind Note: Using chapter style headings, unless overridden.

) (/usr/share/texlive/texmf-dist/tex/latex/tocloft/tocloft.sty
Package: tocloft 2017/08/31 v2.3i parameterised ToC, etc., typesetting
Package tocloft Info: The document has chapter divisions on input line 51.
\cftparskip=\skip52
\cftbeforetoctitleskip=\skip53
\cftaftertoctitleskip=\skip54
\cftbeforepartskip=\skip55
\cftpartnumwidth=\skip56
\cftpartindent=\skip57
\cftbeforechapskip=\skip58
\cftchapindent=\skip59
\cftchapnumwidth=\skip60
\cftbeforesecskip=\skip61
\cftsecindent=\skip62
\cftsecnumwidth=\skip63
\cftbeforesubsecskip=\skip64
\cftsubsecindent=\skip65
\cftsubsecnumwidth=\skip66
\cftbeforesubsubsecskip=\skip67
\cftsubsubsecindent=\skip68
\cftsubsubsecnumwidth=\skip69
\cftbeforeparaskip=\skip70
\cftparaindent=\skip71
\cftparanumwidth=\skip72
\cftbeforesubparaskip=\skip73
\cftsubparaindent=\skip74
\cftsubparanumwidth=\skip75
\cftbeforeloftitleskip=\skip76
\cftafterloftitleskip=\skip77
\cftbeforefigskip=\skip78
\cftfigindent=\skip79
\cftfignumwidth=\skip80
\c@lofdepth=\count179
\c@lotdepth=\count180
\cftbeforelottitleskip=\skip81
\cftafterlottitleskip=\skip82
\cftbeforetabskip=\skip83
\cfttabindent=\skip84
\cfttabnumwidth=\skip85
)
\@figprefixlen=\skip86
\@tabprefixlen=\skip87
)
(/usr/share/texlive/texmf-dist/tex/latex/psnfss/times.sty
Package: times 2005/04/12 PSNFSS-v9.2a (SPQR) 
)
(/usr/share/texlive/texmf-dist/tex/latex/psnfss/mathptmx.sty
Package: mathptmx 2005/04/12 PSNFSS-v9.2a Times w/ Math, improved (SPQR, WaS) 
LaTeX Font Info:    Redeclaring symbol font `operators' on input line 28.
LaTeX Font Info:    Overwriting symbol font `operators' in version `normal'
(Font)                  OT1/cmr/m/n --> OT1/ztmcm/m/n on input line 28.
LaTeX Font Info:    Overwriting symbol font `operators' in version `bold'
(Font)                  OT1/cmr/bx/n --> OT1/ztmcm/m/n on input line 28.
LaTeX Font Info:    Redeclaring symbol font `letters' on input line 29.
LaTeX Font Info:    Overwriting symbol font `letters' in version `normal'
(Font)                  OML/cmm/m/it --> OML/ztmcm/m/it on input line 29.
LaTeX Font Info:    Overwriting symbol font `letters' in version `bold'
(Font)                  OML/cmm/b/it --> OML/ztmcm/m/it on input line 29.
LaTeX Font Info:    Redeclaring symbol font `symbols' on input line 30.
LaTeX Font Info:    Overwriting symbol font `symbols' in version `normal'
(Font)                  OMS/cmsy/m/n --> OMS/ztmcm/m/n on input line 30.
LaTeX Font Info:    Overwriting symbol font `symbols' in version `bold'
(Font)                  OMS/cmsy/b/n --> OMS/ztmcm/m/n on input line 30.
LaTeX Font Info:    Redeclaring symbol font `largesymbols' on input line 31.
LaTeX Font Info:    Overwriting symbol font `largesymbols' in version `normal'
(Font)                  OMX/cmex/m/n --> OMX/ztmcm/m/n on input line 31.
LaTeX Font Info:    Overwriting symbol font `largesymbols' in version `bold'
(Font)                  OMX/cmex/m/n --> OMX/ztmcm/m/n on input line 31.
\symbold=\mathgroup4
\symitalic=\mathgroup5
LaTeX Font Info:    Redeclaring math alphabet \mathbf on input line 34.
LaTeX Font Info:    Overwriting math alphabet `\mathbf' in version `normal'
(Font)                  OT1/cmr/bx/n --> OT1/ptm/bx/n on input line 34.
LaTeX Font Info:    Overwriting math alphabet `\mathbf' in version `bold'
(Font)                  OT1/cmr/bx/n --> OT1/ptm/bx/n on input line 34.
LaTeX Font Info:    Redeclaring math alphabet \mathit on input line 35.
LaTeX Font Info:    Overwriting math alphabet `\mathit' in version `normal'
(Font)                  OT1/cmr/m/it --> OT1/ptm/m/it on input line 35.
LaTeX Font Info:    Overwriting math alphabet `\mathit' in version `bold'
(Font)                  OT1/cmr/bx/it --> OT1/ptm/m/it on input line 35.
LaTeX Info: Redefining \hbar on input line 50.
)
(/usr/share/texlive/texmf-dist/tex/latex/psnfss/courier.sty
Package: courier 2005/04/12 PSNFSS-v9.2a (WaS) 
)
(/usr/share/texlive/texmf-dist/tex/latex/psnfss/helvet.sty
Package: helvet 2005/04/12 PSNFSS-v9.2a (WaS) 

(/usr/share/texlive/texmf-dist/tex/latex/graphics/keyval.sty
Package: keyval 2014/10/28 v1.15 key=value parser (DPC)
\KV@toks@=\toks14
))
(/usr/share/texlive/texmf-dist/tex/latex/amsmath/amsmath.sty
Package: amsmath 2020/01/20 v2.17e AMS math features
\@mathmargin=\skip88

For additional information on amsmath, use the `?' option.
(/usr/share/texlive/texmf-dist/tex/latex/amsmath/amstext.sty
Package: amstext 2000/06/29 v2.01 AMS text

(/usr/share/texlive/texmf-dist/tex/latex/amsmath/amsgen.sty
File: amsgen.sty 1999/11/30 v2.0 generic functions
\@emptytoks=\toks15
\ex@=\dimen137
))
(/usr/share/texlive/texmf-dist/tex/latex/amsmath/amsbsy.sty
Package: amsbsy 1999/11/29 v1.2d Bold Symbols
\pmbraise@=\dimen138
)
(/usr/share/texlive/texmf-dist/tex/latex/amsmath/amsopn.sty
Package: amsopn 2016/03/08 v2.02 operator names
)
\inf@bad=\count181
LaTeX Info: Redefining \frac on input line 227.
\uproot@=\count182
\leftroot@=\count183
LaTeX Info: Redefining \overline on input line 389.
\classnum@=\count184
\DOTSCASE@=\count185
LaTeX Info: Redefining \ldots on input line 486.
LaTeX Info: Redefining \dots on input line 489.
LaTeX Info: Redefining \cdots on input line 610.
\Mathstrutbox@=\box45
\strutbox@=\box46
\big@size=\dimen139
LaTeX Font Info:    Redeclaring font encoding OML on input line 733.
LaTeX Font Info:    Redeclaring font encoding OMS on input line 734.
\macc@depth=\count186
\c@MaxMatrixCols=\count187
\dotsspace@=\muskip16
\c@parentequation=\count188
\dspbrk@lvl=\count189
\tag@help=\toks16
\row@=\count190
\column@=\count191
\maxfields@=\count192
\andhelp@=\toks17
\eqnshift@=\dimen140
\alignsep@=\dimen141
\tagshift@=\dimen142
\tagwidth@=\dimen143
\totwidth@=\dimen144
\lineht@=\dimen145
\@envbody=\toks18
\multlinegap=\skip89
\multlinetaggap=\skip90
\mathdisplay@stack=\toks19
LaTeX Info: Redefining \[ on input line 2859.
LaTeX Info: Redefining \] on input line 2860.
)
(/usr/share/texlive/texmf-dist/tex/latex/float/float.sty
Package: float 2001/11/08 v1.3d Float enhancements (AL)
\c@float@type=\count193
\float@exts=\toks20
\float@box=\box47
\@float@everytoks=\toks21
\@floatcapt=\box48
)
(/usr/share/texlive/texmf-dist/tex/latex/wrapfig/wrapfig.sty
\wrapoverhang=\dimen146
\WF@size=\dimen147
\c@WF@wrappedlines=\count194
\WF@box=\box49
\WF@everypar=\toks22
Package: wrapfig 2003/01/31  v 3.6
)
(/usr/share/texlive/texmf-dist/tex/latex/psnfss/pifont.sty
Package: pifont 2005/04/12 PSNFSS-v9.2a Pi font support (SPQR) 
LaTeX Font Info:    Trying to load font information for U+pzd on input line 63.


(/usr/share/texlive/texmf-dist/tex/latex/psnfss/upzd.fd
File: upzd.fd 2001/06/04 font definitions for U/pzd.
)
LaTeX Font Info:    Trying to load font information for U+psy on input line 64.


(/usr/share/texlive/texmf-dist/tex/latex/psnfss/upsy.fd
File: upsy.fd 2001/06/04 font definitions for U/psy.
))
(/usr/share/texlive/texmf-dist/tex/latex/checkend/checkend.sty
Package: checkend 2002/04/20 v1.0 Environment checking
)
(/usr/share/texlive/texmf-dist/tex/latex/graphics/graphicx.sty
Package: graphicx 2019/11/30 v1.2a Enhanced LaTeX Graphics (DPC,SPQR)

(/usr/share/texlive/texmf-dist/tex/latex/graphics/graphics.sty
Package: graphics 2019/11/30 v1.4a Standard LaTeX Graphics (DPC,SPQR)

(/usr/share/texlive/texmf-dist/tex/latex/graphics/trig.sty
Package: trig 2016/01/03 v1.10 sin cos tan (DPC)
)
(/usr/share/texlive/texmf-dist/tex/latex/graphics-cfg/graphics.cfg
File: graphics.cfg 2016/06/04 v1.11 sample graphics configuration
)
Package graphics Info: Driver file: pdftex.def on input line 105.

(/usr/share/texlive/texmf-dist/tex/latex/graphics-def/pdftex.def
File: pdftex.def 2018/01/08 v1.0l Graphics/color driver for pdftex
))
\Gin@req@height=\dimen148
\Gin@req@width=\dimen149
)
(/usr/share/texlive/texmf-dist/tex/latex/booktabs/booktabs.sty
Package: booktabs 2020/01/12 v1.61803398 Publication quality tables
\heavyrulewidth=\dimen150
\lightrulewidth=\dimen151
\cmidrulewidth=\dimen152
\belowrulesep=\dimen153
\belowbottomsep=\dimen154
\aboverulesep=\dimen155
\abovetopsep=\dimen156
\cmidrulesep=\dimen157
\cmidrulekern=\dimen158
\defaultaddspace=\dimen159
\@cmidla=\count195
\@cmidlb=\count196
\@aboverulesep=\dimen160
\@belowrulesep=\dimen161
\@thisruleclass=\count197
\@lastruleclass=\count198
\@thisrulewidth=\dimen162
)
(/usr/share/texlive/texmf-dist/tex/latex/listings/listings.sty
\lst@mode=\count199
\lst@gtempboxa=\box50
\lst@token=\toks23
\lst@length=\count266
\lst@currlwidth=\dimen163
\lst@column=\count267
\lst@pos=\count268
\lst@lostspace=\dimen164
\lst@width=\dimen165
\lst@newlines=\count269
\lst@lineno=\count270
\lst@maxwidth=\dimen166

(/usr/share/texlive/texmf-dist/tex/latex/listings/lstmisc.sty
File: lstmisc.sty 2019/09/10 1.8c (Carsten Heinz)
\c@lstnumber=\count271
\lst@skipnumbers=\count272
\lst@framebox=\box51
)
(/usr/share/texlive/texmf-dist/tex/latex/listings/listings.cfg
File: listings.cfg 2019/09/10 1.8c listings configuration
))
Package: listings 2019/09/10 1.8c (Carsten Heinz)

(/usr/share/texlive/texmf-dist/tex/latex/acronym/acronym.sty
Package: acronym 2019/11/11 v1.42 Support for acronyms (Tobias Oetiker)

(/usr/share/texlive/texmf-dist/tex/latex/bigfoot/suffix.sty
Package: suffix 2006/07/15 1.5a Variant command support
)
(/usr/share/texlive/texmf-dist/tex/generic/xstring/xstring.sty
(/usr/share/texlive/texmf-dist/tex/generic/xstring/xstring.tex
\integerpart=\count273
\decimalpart=\count274
)
Package: xstring 2019/02/06 v1.83 String manipulations (CT)
)
\AC@clearlist=\toks24
)
(/usr/share/texlive/texmf-dist/tex/latex/graphics/color.sty
Package: color 2019/11/23 v1.2a Standard LaTeX Color (DPC)

(/usr/share/texlive/texmf-dist/tex/latex/graphics-cfg/color.cfg
File: color.cfg 2016/01/02 v1.6 sample color configuration
)
Package color Info: Driver file: pdftex.def on input line 147.
)
(/usr/share/texlive/texmf-dist/tex/latex/comment/comment.sty
\CommentStream=\write3

Excluding comment 'comment')
(/usr/share/texlive/texmf-dist/tex/latex/natbib/natbib.sty
Package: natbib 2010/09/13 8.31b (PWD, AO)
\bibhang=\skip91
\bibsep=\skip92
LaTeX Info: Redefining \cite on input line 694.
\c@NAT@ctr=\count275
)
(/usr/share/texlive/texmf-dist/tex/latex/titlesec/titlesec.sty
Package: titlesec 2019/10/16 v2.13 Sectioning titles
\ttl@box=\box52
\beforetitleunit=\skip93
\aftertitleunit=\skip94
\ttl@plus=\dimen167
\ttl@minus=\dimen168
\ttl@toksa=\toks25
\titlewidth=\dimen169
\titlewidthlast=\dimen170
\titlewidthfirst=\dimen171
)
(/usr/share/texlive/texmf-dist/tex/latex/caption/caption.sty
Package: caption 2020/01/03 v3.4h Customizing captions (AR)

(/usr/share/texlive/texmf-dist/tex/latex/caption/caption3.sty
Package: caption3 2020/01/03 v1.8h caption3 kernel (AR)
Package caption3 Info: TeX engine: e-TeX on input line 61.
\captionmargin=\dimen172
\captionmargin@=\dimen173
\captionwidth=\dimen174
\caption@tempdima=\dimen175
\caption@indent=\dimen176
\caption@parindent=\dimen177
\caption@hangindent=\dimen178
Package caption Info: Standard document class detected.
)
\c@caption@flags=\count276
\c@continuedfloat=\count277
Package caption Info: float package is loaded.
Package caption Info: listings package is loaded.
Package caption Info: wrapfig package is loaded.
)
(/usr/share/texlive/texmf-dist/tex/latex/url/url.sty
\Urlmuskip=\muskip17
Package: url 2013/09/16  ver 3.4  Verb mode for urls, etc.
)
(/usr/share/texlive/texmf-dist/tex/latex/tools/tabularx.sty
Package: tabularx 2020/01/15 v2.11c `tabularx' package (DPC)

(/usr/share/texlive/texmf-dist/tex/latex/tools/array.sty
Package: array 2019/08/31 v2.4l Tabular extension package (FMi)
\col@sep=\dimen179
\ar@mcellbox=\box53
\extrarowheight=\dimen180
\NC@list=\toks26
\extratabsurround=\skip95
\backup@length=\skip96
\ar@cellbox=\box54
)
\TX@col@width=\dimen181
\TX@old@table=\dimen182
\TX@old@col=\dimen183
\TX@target=\dimen184
\TX@delta=\dimen185
\TX@cols=\count278
\TX@ftn=\toks27
)
(/usr/share/texlive/texmf-dist/tex/latex/hyperref/hyperref.sty
Package: hyperref 2020/01/14 v7.00d Hypertext links for LaTeX

(/usr/share/texlive/texmf-dist/tex/generic/ltxcmds/ltxcmds.sty
Package: ltxcmds 2019/12/15 v1.24 LaTeX kernel commands for general use (HO)
)
(/usr/share/texlive/texmf-dist/tex/generic/iftex/iftex.sty
Package: iftex 2019/11/07 v1.0c TeX engine tests
)
(/usr/share/texlive/texmf-dist/tex/latex/pdftexcmds/pdftexcmds.sty
Package: pdftexcmds 2019/11/24 v0.31 Utility functions of pdfTeX for LuaTeX (HO
)

(/usr/share/texlive/texmf-dist/tex/generic/infwarerr/infwarerr.sty
Package: infwarerr 2019/12/03 v1.5 Providing info/warning/error messages (HO)
)
Package pdftexcmds Info: \pdf@primitive is available.
Package pdftexcmds Info: \pdf@ifprimitive is available.
Package pdftexcmds Info: \pdfdraftmode found.
)
(/usr/share/texlive/texmf-dist/tex/generic/kvsetkeys/kvsetkeys.sty
Package: kvsetkeys 2019/12/15 v1.18 Key value parser (HO)
)
(/usr/share/texlive/texmf-dist/tex/generic/kvdefinekeys/kvdefinekeys.sty
Package: kvdefinekeys 2019-12-19 v1.6 Define keys (HO)
)
(/usr/share/texlive/texmf-dist/tex/generic/pdfescape/pdfescape.sty
Package: pdfescape 2019/12/09 v1.15 Implements pdfTeX's escape features (HO)
)
(/usr/share/texlive/texmf-dist/tex/latex/hycolor/hycolor.sty
Package: hycolor 2020-01-27 v1.10 Color options for hyperref/bookmark (HO)
)
(/usr/share/texlive/texmf-dist/tex/latex/letltxmacro/letltxmacro.sty
Package: letltxmacro 2019/12/03 v1.6 Let assignment for LaTeX macros (HO)
)
(/usr/share/texlive/texmf-dist/tex/latex/auxhook/auxhook.sty
Package: auxhook 2019-12-17 v1.6 Hooks for auxiliary files (HO)
)
(/usr/share/texlive/texmf-dist/tex/latex/kvoptions/kvoptions.sty
Package: kvoptions 2019/11/29 v3.13 Key value format for package options (HO)
)
\@linkdim=\dimen186
\Hy@linkcounter=\count279
\Hy@pagecounter=\count280

(/usr/share/texlive/texmf-dist/tex/latex/hyperref/pd1enc.def
File: pd1enc.def 2020/01/14 v7.00d Hyperref: PDFDocEncoding definition (HO)
Now handling font encoding PD1 ...
... no UTF-8 mapping file for font encoding PD1
)
(/usr/share/texlive/texmf-dist/tex/generic/intcalc/intcalc.sty
Package: intcalc 2019/12/15 v1.3 Expandable calculations with integers (HO)
)
(/usr/share/texlive/texmf-dist/tex/generic/etexcmds/etexcmds.sty
Package: etexcmds 2019/12/15 v1.7 Avoid name clashes with e-TeX commands (HO)
)
\Hy@SavedSpaceFactor=\count281
\pdfmajorversion=\count282
Package hyperref Info: Option `bookmarks' set `true' on input line 4421.
Package hyperref Info: Option `bookmarksnumbered' set `true' on input line 4421
.
Package hyperref Info: Option `linktocpage' set `true' on input line 4421.
Package hyperref Info: Hyper figures OFF on input line 4547.
Package hyperref Info: Link nesting OFF on input line 4552.
Package hyperref Info: Hyper index ON on input line 4555.
Package hyperref Info: Plain pages OFF on input line 4562.
Package hyperref Info: Backreferencing ON on input line 4565.
Package hyperref Info: Implicit mode ON; LaTeX internals redefined.
Package hyperref Info: Bookmarks ON on input line 4800.

(/usr/share/texlive/texmf-dist/tex/latex/hyperref/backref.sty
Package: backref 2020/01/14 v1.40 Bibliographical back referencing

(/usr/share/texlive/texmf-dist/tex/latex/rerunfilecheck/rerunfilecheck.sty
Package: rerunfilecheck 2019/12/05 v1.9 Rerun checks for auxiliary files (HO)

(/usr/share/texlive/texmf-dist/tex/latex/atveryend/atveryend.sty
Package: atveryend 2019-12-11 v1.11 Hooks at the very end of document (HO)
Package atveryend Info: \enddocument detected (standard20110627).
)
(/usr/share/texlive/texmf-dist/tex/generic/uniquecounter/uniquecounter.sty
Package: uniquecounter 2019/12/15 v1.4 Provide unlimited unique counter (HO)

(/usr/share/texlive/texmf-dist/tex/generic/bigintcalc/bigintcalc.sty
Package: bigintcalc 2019/12/15 v1.5 Expandable calculations on big integers (HO
)
))
Package uniquecounter Info: New unique counter `rerunfilecheck' on input line 2
86.
))
\c@Hy@tempcnt=\count283
LaTeX Info: Redefining \url on input line 5159.
\XeTeXLinkMargin=\dimen187

(/usr/share/texlive/texmf-dist/tex/generic/bitset/bitset.sty
Package: bitset 2019/12/09 v1.3 Handle bit-vector datatype (HO)
)
\Fld@menulength=\count284
\Field@Width=\dimen188
\Fld@charsize=\dimen189
Package hyperref Info: Hyper figures OFF on input line 6430.
Package hyperref Info: Link nesting OFF on input line 6435.
Package hyperref Info: Hyper index ON on input line 6438.
Package hyperref Info: backreferencing ON on input line 6443.
Package hyperref Info: Link coloring OFF on input line 6450.
Package hyperref Info: Link coloring with OCG OFF on input line 6455.
Package hyperref Info: PDF/A mode OFF on input line 6460.
LaTeX Info: Redefining \ref on input line 6500.
LaTeX Info: Redefining \pageref on input line 6504.

(/usr/share/texlive/texmf-dist/tex/generic/atbegshi/atbegshi.sty
Package: atbegshi 2019/12/05 v1.19 At begin shipout hook (HO)
)
\Hy@abspage=\count285
\c@Item=\count286
\c@Hfootnote=\count287
)
Package hyperref Info: Driver (autodetected): hpdftex.

(/usr/share/texlive/texmf-dist/tex/latex/hyperref/hpdftex.def
File: hpdftex.def 2020/01/14 v7.00d Hyperref driver for pdfTeX
\Fld@listcount=\count288
\c@bookmark@seq@number=\count289
\Hy@SectionHShift=\skip97
) (./macros.tex)
(/usr/share/texlive/texmf-dist/tex/generic/babel/babel.sty
Package: babel 2020/02/14 3.40 The Babel package

(/usr/share/texlive/texmf-dist/tex/generic/babel/switch.def
File: switch.def 2020/02/14 3.40 Babel switching mechanism
)
(/usr/share/texlive/texmf-dist/tex/generic/babel-english/english.ldf
Language: english 2017/06/06 v3.3r English support from the babel system

(/usr/share/texlive/texmf-dist/tex/generic/babel/babel.def
File: babel.def 2020/02/14 3.40 Babel common definitions
\babel@savecnt=\count290
\U@D=\dimen190

(/usr/share/texlive/texmf-dist/tex/generic/babel/txtbabel.def)
\bbl@readstream=\read2
\bbl@dirlevel=\count291
)
Package babel Info: \l@british = using hyphenrules for english
(babel)             (\language0) on input line 82.
Package babel Info: \l@UKenglish = using hyphenrules for english
(babel)             (\language0) on input line 83.
Package babel Info: \l@canadian = using hyphenrules for english
(babel)             (\language0) on input line 102.
Package babel Info: \l@australian = using hyphenrules for english
(babel)             (\language0) on input line 105.
Package babel Info: \l@newzealand = using hyphenrules for english
(babel)             (\language0) on input line 108.
))
(/usr/share/texlive/texmf-dist/tex/latex/blindtext/blindtext.sty
Package: blindtext 2012/01/06 V2.0 blindtext-Package

(/usr/share/texlive/texmf-dist/tex/latex/tools/xspace.sty
Package: xspace 2014/10/28 v1.13 Space after command names (DPC,MH)
)
\c@blindtext=\count292
\c@Blindtext=\count293
\c@blind@countparstart=\count294
\blind@countxx=\count295
\blindtext@numBlindtext=\count296
\blind@countyy=\count297
\c@blindlist=\count298
\c@blindlistlevel=\count299
\c@blindlist@level=\count300
\blind@listitem=\count301
\c@blind@listcount=\count302
\c@blind@levelcount=\count303
\blind@mathformula=\count304
\blind@Mathformula=\count305
\c@blind@randomcount=\count306
\c@blind@randommax=\count307
\c@blind@pangramcount=\count308
\c@blind@pangrammax=\count309
)
(/usr/share/texlive/texmf-dist/tex/latex/l3backend/l3backend-pdfmode.def
File: l3backend-pdfmode.def 2020-02-03 L3 backend support: PDF mode
\l__kernel_color_stack_int=\count310
\l__pdf_internal_box=\box55
)
(./diss.aux (./abs.aux) (./laySum.aux) (./pref.aux) (./ack.aux) (./ch1intro.aux
) (./ch2flipFlop.aux

LaTeX Warning: Label `fig:fig1' multiply defined.

) (./ch3bedEle.aux

LaTeX Warning: Label `eq:master' multiply defined.

) (./ch4downDiff.aux

LaTeX Warning: Label `ch:downDiff' multiply defined.


LaTeX Warning: Label `sec:model' multiply defined.


LaTeX Warning: Label `sec:solution' multiply defined.


LaTeX Warning: Label `fig:pdfs' multiply defined.


LaTeX Warning: Label `eq:var' multiply defined.


LaTeX Warning: Label `fig:var' multiply defined.


LaTeX Warning: Label `sec:discussion' multiply defined.


LaTeX Warning: Label `sec:conclusion' multiply defined.

) (./ch5conc.aux) (./appendix.aux))
\openout1 = `diss.aux'.

LaTeX Font Info:    Checking defaults for OML/cmm/m/it on input line 356.
LaTeX Font Info:    ... okay on input line 356.
LaTeX Font Info:    Checking defaults for OMS/cmsy/m/n on input line 356.
LaTeX Font Info:    ... okay on input line 356.
LaTeX Font Info:    Checking defaults for OT1/cmr/m/n on input line 356.
LaTeX Font Info:    ... okay on input line 356.
LaTeX Font Info:    Checking defaults for T1/cmr/m/n on input line 356.
LaTeX Font Info:    ... okay on input line 356.
LaTeX Font Info:    Checking defaults for TS1/cmr/m/n on input line 356.
LaTeX Font Info:    ... okay on input line 356.
LaTeX Font Info:    Checking defaults for OMX/cmex/m/n on input line 356.
LaTeX Font Info:    ... okay on input line 356.
LaTeX Font Info:    Checking defaults for U/cmr/m/n on input line 356.
LaTeX Font Info:    ... okay on input line 356.
LaTeX Font Info:    Checking defaults for PD1/pdf/m/n on input line 356.
LaTeX Font Info:    ... okay on input line 356.
LaTeX Font Info:    Trying to load font information for OT1+ptm on input line 3
56.

(/usr/share/texlive/texmf-dist/tex/latex/psnfss/ot1ptm.fd
File: ot1ptm.fd 2001/06/04 font definitions for OT1/ptm.
)
(/usr/share/texlive/texmf-dist/tex/context/base/mkii/supp-pdf.mkii
[Loading MPS to PDF converter (version 2006.09.02).]
\scratchcounter=\count311
\scratchdimen=\dimen191
\scratchbox=\box56
\nofMPsegments=\count312
\nofMParguments=\count313
\everyMPshowfont=\toks28
\MPscratchCnt=\count314
\MPscratchDim=\dimen192
\MPnumerator=\count315
\makeMPintoPDFobject=\count316
\everyMPtoPDFconversion=\toks29
) (/usr/share/texlive/texmf-dist/tex/latex/epstopdf-pkg/epstopdf-base.sty
Package: epstopdf-base 2020-01-24 v2.11 Base part for package epstopdf
Package epstopdf-base Info: Redefining graphics rule for `.eps' on input line 4
85.

(/usr/share/texlive/texmf-dist/tex/latex/latexconfig/epstopdf-sys.cfg
File: epstopdf-sys.cfg 2010/07/13 v1.3 Configuration of (r)epstopdf for TeX Liv
e
))
\c@lstlisting=\count317
Package caption Info: Begin \AtBeginDocument code.
Package caption Info: hyperref package is loaded.
Package caption Info: End \AtBeginDocument code.
Package backref Info: ** backref set up for natbib ** on input line 356.
\AtBeginShipoutBox=\box57
Package hyperref Info: Link coloring OFF on input line 356.

(/usr/share/texlive/texmf-dist/tex/latex/hyperref/nameref.sty
Package: nameref 2019/09/16 v2.46 Cross-referencing by name of section

(/usr/share/texlive/texmf-dist/tex/latex/refcount/refcount.sty
Package: refcount 2019/12/15 v3.6 Data extraction from label references (HO)
)
(/usr/share/texlive/texmf-dist/tex/generic/gettitlestring/gettitlestring.sty
Package: gettitlestring 2019/12/15 v1.6 Cleanup title references (HO)
)
\c@section@level=\count318
)
LaTeX Info: Redefining \ref on input line 356.
LaTeX Info: Redefining \pageref on input line 356.
LaTeX Info: Redefining \nameref on input line 356.

(./diss.out) (./diss.out)
\@outlinefile=\write4
\openout4 = `diss.out'.

LaTeX Font Info:    Trying to load font information for TS1+ptm on input line 3
59.

(/usr/share/texlive/texmf-dist/tex/latex/psnfss/ts1ptm.fd
File: ts1ptm.fd 2001/06/04 font definitions for TS1/ptm.
) [1



{/var/lib/texmf/fonts/map/pdftex/updmap/pdftex.map}] [2]
\openout2 = `abs.aux'.

 (./abs.tex) [3



]
\openout2 = `laySum.aux'.

 (./laySum.tex) [4




]
\openout2 = `pref.aux'.


(./pref.tex) [5




] (./diss.toc
LaTeX Font Info:    Trying to load font information for OT1+ztmcm on input line
 2.

(/usr/share/texlive/texmf-dist/tex/latex/psnfss/ot1ztmcm.fd
File: ot1ztmcm.fd 2000/01/03 Fontinst v1.801 font definitions for OT1/ztmcm.
)
LaTeX Font Info:    Trying to load font information for OML+ztmcm on input line
 2.

(/usr/share/texlive/texmf-dist/tex/latex/psnfss/omlztmcm.fd
File: omlztmcm.fd 2000/01/03 Fontinst v1.801 font definitions for OML/ztmcm.
)
LaTeX Font Info:    Trying to load font information for OMS+ztmcm on input line
 2.

(/usr/share/texlive/texmf-dist/tex/latex/psnfss/omsztmcm.fd
File: omsztmcm.fd 2000/01/03 Fontinst v1.801 font definitions for OMS/ztmcm.
)
LaTeX Font Info:    Trying to load font information for OMX+ztmcm on input line
 2.

(/usr/share/texlive/texmf-dist/tex/latex/psnfss/omxztmcm.fd
File: omxztmcm.fd 2000/01/03 Fontinst v1.801 font definitions for OMX/ztmcm.
)
LaTeX Font Info:    Font shape `OT1/ptm/bx/n' in size <10.95> not available
(Font)              Font shape `OT1/ptm/b/n' tried instead on input line 2.
LaTeX Font Info:    Font shape `OT1/ptm/bx/n' in size <8> not available
(Font)              Font shape `OT1/ptm/b/n' tried instead on input line 2.
LaTeX Font Info:    Font shape `OT1/ptm/bx/n' in size <6> not available
(Font)              Font shape `OT1/ptm/b/n' tried instead on input line 2.
 [6



] [7])
\tf@toc=\write5
\openout5 = `diss.toc'.

 [8]
(./diss.lot)
\tf@lot=\write6
\openout6 = `diss.lot'.

 [9


] (./diss.lof
Overfull \hbox (0.26892pt too wide) in paragraph at lines 9--9
 \OT1/ptm/m/n/10.95 ary par-ti-cles and Normal-like mov-ing par-ti-cles. The ri
ght panel 
 []

[10


] [11] [12])
\tf@lof=\write7
\openout7 = `diss.lof'.

 [13] [14]
\openout2 = `ack.aux'.

 (./ack.tex
Overfull \hbox (4.59332pt too wide) in paragraph at lines 8--9
[]\OT1/ptm/m/n/10.95 Shawn Char-trand, Conor Mc-Dow-ell, Mat-teo Saletti, Will 
Booker, David Adams,
 []

) [15



]
\openout2 = `ch1intro.aux'.

 (./ch1intro.tex
Chapter 1.
) [1




]
\openout2 = `ch2flipFlop.aux'.

 (./ch2flipFlop.tex
Chapter 2.

Package natbib Warning: Citation `Celik2019' on page 2 undefined on input line 
9.


Package natbib Warning: Citation `Valyrakis2014' on page 2 undefined on input l
ine 9.


Package natbib Warning: Citation `Pierce2020' on page 2 undefined on input line
 11.


Package natbib Warning: Citation `Ancey2020' on page 2 undefined on input line 
11.

[2



]

Package natbib Warning: Citation `Ancey2014' on page 3 undefined on input line 
19.


Package natbib Warning: Citation `Fan2014' on page 3 undefined on input line 19
.


Package natbib Warning: Citation `Pierce2021' on page 3 undefined on input line
 19.


Package natbib Warning: Citation `Pierce2020b' on page 3 undefined on input lin
e 20.


Package natbib Warning: Citation `Ancey2014' on page 3 undefined on input line 
22.


Package natbib Warning: Citation `Saletti2014' on page 3 undefined on input lin
e 23.


Package natbib Warning: Citation `Dhont2019' on page 3 undefined on input line 
23.


Package natbib Warning: Citation `Ancey2019' on page 3 undefined on input line 
24.

[3] [4]
LaTeX Font Info:    Font shape `OT1/ptm/bx/n' in size <12> not available
(Font)              Font shape `OT1/ptm/b/n' tried instead on input line 45.
LaTeX Font Info:    Font shape `OT1/ptm/bx/n' in size <9> not available
(Font)              Font shape `OT1/ptm/b/n' tried instead on input line 45.
LaTeX Font Info:    Font shape `OT1/ptm/bx/n' in size <7> not available
(Font)              Font shape `OT1/ptm/b/n' tried instead on input line 45.


Package hyperref Warning: Token not allowed in a PDF string (PDFDocEncoding):
(hyperref)                removing `math shift' on input line 45.


Package hyperref Warning: Token not allowed in a PDF string (PDFDocEncoding):
(hyperref)                removing `math shift' on input line 45.


Package natbib Warning: Citation `Hanggi1978' on page 5 undefined on input line
 48.


Package natbib Warning: Citation `VanKampen1978' on page 5 undefined on input l
ine 51.


Package natbib Warning: Citation `Loginov1978' on page 5 undefined on input lin
e 51.


Package natbib Warning: Citation `Balakrishnan1993' on page 5 undefined on inpu
t line 51.

[5]

Package natbib Warning: Citation `Banerjee2020' on page 6 undefined on input li
ne 58.


LaTeX Warning: File `./figures/ch2/figure1.png' not found on input line 60.


! Package pdftex.def Error: File `./figures/ch2/figure1.png' not found: using d
raft setting.

See the pdftex.def package documentation for explanation.
Type  H <return>  for immediate help.
 ...                                              
                                                  
l.60 ...ncludegraphics{./figures/ch2/figure1.png}}
                                                  
Try typing  <return>  to proceed.
If that doesn't work, type  X <return>  to quit.

LaTeX Font Info:    Trying to load font information for OT1+pcr on input line 6
0.
(/usr/share/texlive/texmf-dist/tex/latex/psnfss/ot1pcr.fd
File: ot1pcr.fd 2001/06/04 font definitions for OT1/pcr.
) [6] [7]

LaTeX Warning: File `figures/ch2/figure2slopeKey.pdf' not found on input line 9
0.


! Package pdftex.def Error: File `figures/ch2/figure2slopeKey.pdf' not found: u
sing draft setting.

See the pdftex.def package documentation for explanation.
Type  H <return>  for immediate help.
 ...                                              
                                                  
l.90 ...graphics{figures/ch2/figure2slopeKey.pdf}}
                                                  
Try typing  <return>  to proceed.
If that doesn't work, type  X <return>  to quit.

[8] [9]) [10]
\openout2 = `ch3bedEle.aux'.

 (./ch3bedEle.tex
Chapter 3.
[11



]

Package natbib Warning: Citation `Pretzlav2016' on page 12 undefined on input l
ine 15.


Overfull \hbox (7.17049pt too wide) in paragraph at lines 14--22
\OT1/ptm/m/n/10.95 els be-cause the pre-dicted dif-fu-sion char-ac-ter-is-tics 
are crit-i-cally de-pen-dent on whether
 []


Package natbib Warning: Citation `Saletti2015a' on page 12 undefined on input l
ine 24.

[12]

Package natbib Warning: Citation `Sawai1987' on page 13 undefined on input line
 32.

[13]
<./figures/ch3/definition.pdf, id=745, 384.1122pt x 227.62204pt>
File: ./figures/ch3/definition.pdf Graphic file (type pdf)
<use ./figures/ch3/definition.pdf>
Package pdftex.def Info: ./figures/ch3/definition.pdf  used on input line 46.
(pdftex.def)             Requested size: 360.0pt x 213.34303pt.
 [14]

Package natbib Warning: Citation `Sawai1987' on page 15 undefined on input line
 59.


Package natbib Warning: Citation `Sawai1987' on page 15 undefined on input line
 60.


Package natbib Warning: Citation `Sawai1987' on page 15 undefined on input line
 61.


Package natbib Warning: Citation `Crickmore1962' on page 15 undefined on input 
line 62.

[15 <./figures/ch3/definition.pdf>]

Package natbib Warning: Citation `Cox1965' on page 16 undefined on input line 8
0.


Package natbib Warning: Citation `VanKampen1992' on page 16 undefined on input 
line 80.


Package natbib Warning: Citation `Cox1965' on page 16 undefined on input line 8
3.


Package natbib Warning: Citation `Gillespie1992' on page 16 undefined on input 
line 83.


Overfull \hbox (41.87094pt too wide) in paragraph at lines 82--84
\OT1/ptm/m/n/10.95 mogorov equa-tion $\OML/ztmcm/m/it/10.95 @P\OT1/ztmcm/m/n/10
.95 (\OML/ztmcm/m/it/10.95 n; m\OT1/ztmcm/m/n/10.95 ; \OML/ztmcm/m/it/10.95 t\O
T1/ztmcm/m/n/10.95 )\OML/ztmcm/m/it/10.95 =@t \OT1/ztmcm/m/n/10.95 = [][][\OML/
ztmcm/m/it/10.95 R\OT1/ztmcm/m/n/10.95 (\OML/ztmcm/m/it/10.95 n; m\OMS/ztmcm/m/
n/10.95 j\OML/ztmcm/m/it/10.95 n[]; m[]\OT1/ztmcm/m/n/10.95 )\OML/ztmcm/m/it/10
.95 P\OT1/ztmcm/m/n/10.95 (\OML/ztmcm/m/it/10.95 n[]; m[]\OT1/ztmcm/m/n/10.95 ;
 \OML/ztmcm/m/it/10.95 t\OT1/ztmcm/m/n/10.95 ) \OMS/ztmcm/m/n/10.95 ^^@ \OML/zt
mcm/m/it/10.95 R\OT1/ztmcm/m/n/10.95 (\OML/ztmcm/m/it/10.95 n[]; m[]\OMS/ztmcm/
m/n/10.95 j\OML/ztmcm/m/it/10.95 n; m\OT1/ztmcm/m/n/10.95 )\OML/ztmcm/m/it/10.9
5 P\OT1/ztmcm/m/n/10.95 (\OML/ztmcm/m/it/10.95 n; m\OT1/ztmcm/m/n/10.95 ; \OML/
ztmcm/m/it/10.95 t\OT1/ztmcm/m/n/10.95 )]$
 []

[16]
Overfull \hbox (11.72899pt too wide) detected at line 91
 []$[]  []\OT1/ztmcm/m/n/10.95 (\OML/ztmcm/m/it/10.95 n; m\OT1/ztmcm/m/n/10.95 
; \OML/ztmcm/m/it/10.95 t\OT1/ztmcm/m/n/10.95 ) = \OML/ztmcm/m/it/10.95 ^^WP\OT
1/ztmcm/m/n/10.95 (\OML/ztmcm/m/it/10.95 n \OMS/ztmcm/m/n/10.95 ^^@ \OT1/ztmcm/
m/n/10.95 1\OML/ztmcm/m/it/10.95 ; m\OT1/ztmcm/m/n/10.95 ; \OML/ztmcm/m/it/10.9
5 t\OT1/ztmcm/m/n/10.95 ) + [\OML/ztmcm/m/it/10.95 ^^U\OT1/ztmcm/m/n/10.95 (\OM
L/ztmcm/m/it/10.95 m \OT1/ztmcm/m/n/10.95 + 1) + \OML/ztmcm/m/it/10.95 ^^V\OT1/
ztmcm/m/n/10.95 (\OML/ztmcm/m/it/10.95 n \OMS/ztmcm/m/n/10.95 ^^@ \OT1/ztmcm/m/
n/10.95 1)][1 + \OML/ztmcm/m/it/10.95 ^^T\OT1/ztmcm/m/n/10.95 (\OML/ztmcm/m/it/
10.95 m \OT1/ztmcm/m/n/10.95 + 1)]\OML/ztmcm/m/it/10.95 P\OT1/ztmcm/m/n/10.95 (
\OML/ztmcm/m/it/10.95 n \OMS/ztmcm/m/n/10.95 ^^@ \OT1/ztmcm/m/n/10.95 1\OML/ztm
cm/m/it/10.95 ; m \OT1/ztmcm/m/n/10.95 + 1; \OML/ztmcm/m/it/10.95 t\OT1/ztmcm/m
/n/10.95 )$ 
 []


Package natbib Warning: Citation `Cox1965' on page 17 undefined on input line 9
5.


Package natbib Warning: Citation `Gillespie1992' on page 17 undefined on input 
line 104.


Package natbib Warning: Citation `Haken1983' on page 17 undefined on input line
 104.


Underfull \hbox (badness 1817) in paragraph at lines 110--110
[][]\OT1/ptm/m/it/10.95 An-cey et al.[] \OT1/ptm/m/n/10.95 ([]2008[]). Units ar
e
 []


Underfull \hbox (badness 5403) in paragraph at lines 110--110
\OML/ztmcm/m/it/10.95 s[]$ \OT1/ptm/m/n/10.95 (prob-a-bil-i-ty/-time). In our
 []


Overfull \hbox (17.95758pt too wide) in paragraph at lines 111--124
[][] 
 []

[17]

Package natbib Warning: Citation `Cox1965' on page 18 undefined on input line 1
24.


Underfull \hbox (badness 1769) in paragraph at lines 124--129
\OT1/ptm/m/n/10.95 re-sult, to step the Markov pro-cess
 []

[18] [19] [20]
<./figures/ch3/distributions.pdf, id=944, 398.9304pt x 166.22101pt>
File: ./figures/ch3/distributions.pdf Graphic file (type pdf)
<use ./figures/ch3/distributions.pdf>
Package pdftex.def Info: ./figures/ch3/distributions.pdf  used on input line 19
8.
(pdftex.def)             Requested size: 360.0pt x 150.00839pt.
 [21]
<./figures/ch3/variance.pdf, id=957, 198.7425pt x 198.7425pt>
File: ./figures/ch3/variance.pdf Graphic file (type pdf)
<use ./figures/ch3/variance.pdf>
Package pdftex.def Info: ./figures/ch3/variance.pdf  used on input line 215.
(pdftex.def)             Requested size: 180.0pt x 180.00682pt.

Underfull \hbox (badness 2334) in paragraph at lines 216--216
[] []|\OT1/ptm/m/n/10.95 Data from all sim-u-la-tions
 []


Underfull \hbox (badness 1472) in paragraph at lines 216--216
\OT1/ptm/m/n/10.95 depth $\OML/ztmcm/m/it/10.95 l$ \OT1/ptm/m/n/10.95 char-ac-t
er-izes bed el-e-va-
 []

[22 <./figures/ch3/distributions.pdf>]
<./figures/ch3/momentsuppression.pdf, id=1027, 398.9304pt x 189.96686pt>
File: ./figures/ch3/momentsuppression.pdf Graphic file (type pdf)
<use ./figures/ch3/momentsuppression.pdf>
Package pdftex.def Info: ./figures/ch3/momentsuppression.pdf  used on input lin
e 226.
(pdftex.def)             Requested size: 360.0pt x 171.43816pt.

Overfull \hbox (14.46613pt too wide) in paragraph at lines 224--235
\OT1/ptm/m/n/10.95 plays the mean shift $\OT1/ztmcm/m/n/10.95 [\OMS/ztmcm/m/n/1
0.95 h\OML/ztmcm/m/it/10.95 n\OMS/ztmcm/m/n/10.95 j\OML/ztmcm/m/it/10.95 m\OMS/
ztmcm/m/n/10.95 i ^^@ h\OML/ztmcm/m/it/10.95 n\OMS/ztmcm/m/n/10.95 i\OT1/ztmcm/
m/n/10.95 ]\OML/ztmcm/m/it/10.95 =\OMS/ztmcm/m/n/10.95 h\OML/ztmcm/m/it/10.95 n
\OMS/ztmcm/m/n/10.95 i$ \OT1/ptm/m/n/10.95 and the vari-ance shift $\OT1/ztmcm/
m/n/10.95 [[](\OML/ztmcm/m/it/10.95 n\OMS/ztmcm/m/n/10.95 j\OML/ztmcm/m/it/10.9
5 m\OT1/ztmcm/m/n/10.95 ) \OMS/ztmcm/m/n/10.95 ^^@ []\OT1/ztmcm/m/n/10.95 (\OML
/ztmcm/m/it/10.95 n\OT1/ztmcm/m/n/10.95 )]\OML/ztmcm/m/it/10.95 =[]\OT1/ztmcm/m
/n/10.95 (\OML/ztmcm/m/it/10.95 n\OT1/ztmcm/m/n/10.95 )$
 []

[23 <./figures/ch3/variance.pdf>]
<./figures/ch3/colent-suppression.pdf, id=1075, 398.9304pt x 189.96686pt>
File: ./figures/ch3/colent-suppression.pdf Graphic file (type pdf)
<use ./figures/ch3/colent-suppression.pdf>
Package pdftex.def Info: ./figures/ch3/colent-suppression.pdf  used on input li
ne 241.
(pdftex.def)             Requested size: 360.0pt x 171.43816pt.
 [24 <./figures/ch3/momentsuppression.pdf>]
[25 <./figures/ch3/colent-suppression.pdf>]
<./figures/ch3/rtcdf.pdf, id=1194, 398.9304pt x 306.86955pt>
File: ./figures/ch3/rtcdf.pdf Graphic file (type pdf)
<use ./figures/ch3/rtcdf.pdf>
Package pdftex.def Info: ./figures/ch3/rtcdf.pdf  used on input line 251.
(pdftex.def)             Requested size: 360.0pt x 276.93858pt.


Package natbib Warning: Citation `Nakagawa1980' on page 26 undefined on input l
ine 260.

[26 <./figures/ch3/rtcdf.pdf>]

Package natbib Warning: Citation `Nakagawa1980' on page 27 undefined on input l
ine 280.


Package natbib Warning: Citation `Nakagawa1980' on page 27 undefined on input l
ine 280.

[27]

Package natbib Warning: Citation `Saletti2015a' on page 28 undefined on input l
ine 287.

[28] [29]

Package natbib Warning: Citation `Pretzlav2016' on page 30 undefined on input l
ine 304.


Package natbib Warning: Citation `Sornette2000' on page 30 undefined on input l
ine 305.


Package natbib Warning: Citation `Saletti2015a' on page 30 undefined on input l
ine 314.


Package natbib Warning: Citation `Sornette2000' on page 30 undefined on input l
ine 314.


Package natbib Warning: Citation `Saletti2015a' on page 30 undefined on input l
ine 315.

[30] [31]) [32]
\openout2 = `ch4downDiff.aux'.

 (./ch4downDiff.tex
Chapter 4.

Package natbib Warning: Citation `Ettema2014' on page 33 undefined on input lin
e 10.


Overfull \hbox (4.39107pt too wide) in paragraph at lines 6--12
\OT1/ptm/m/n/10.95 Many en-vi-ron-men-tal prob-lems in-clud-ing chan-nel mor-ph
ol-ogy ([][]\OT1/ptm/m/it/10.95 Has-san and Bradley[]\OT1/ptm/m/n/10.95 ,
 []

[33



]

Package natbib Warning: Citation `Cundall1979' on page 34 undefined on input li
ne 27.

[34]

Package natbib Warning: Citation `Lajeunesse2018' on page 35 undefined on input
 line 35.

[35]

Package natbib Warning: Citation `Lajeunesse2018' on page 36 undefined on input
 line 52.

[36] [37]
<./figures/ch4/pdf-plot.png, id=1657, 385.9218pt x 164.5347pt>
File: ./figures/ch4/pdf-plot.png Graphic file (type png)
<use ./figures/ch4/pdf-plot.png>
Package pdftex.def Info: ./figures/ch4/pdf-plot.png  used on input line 94.
(pdftex.def)             Requested size: 360.0pt x 153.48766pt.
 [38] [39 <./figures/ch4/pdf-plot.png>]
LaTeX Font Info:    Font shape `OT1/ptm/bx/n' in size <10> not available
(Font)              Font shape `OT1/ptm/b/n' tried instead on input line 124.
LaTeX Font Info:    Font shape `OT1/ptm/bx/n' in size <7.4> not available
(Font)              Font shape `OT1/ptm/b/n' tried instead on input line 124.

Overfull \hbox (41.31207pt too wide) in paragraph at lines 124--143
 [][] 
 []


Package natbib Warning: Citation `Nakagawa1980' on page 40 undefined on input l
ine 148.

[40]
<./figures/ch4/diffusion.png, id=1741, 380.98335pt x 308.71335pt>
File: ./figures/ch4/diffusion.png Graphic file (type png)
<use ./figures/ch4/diffusion.png>
Package pdftex.def Info: ./figures/ch4/diffusion.png  used on input line 151.
(pdftex.def)             Requested size: 360.0pt x 291.7168pt.


LaTeX Warning: Float too large for page by 32.31667pt on input line 155.


Package natbib Warning: Citation `Pierce2020' on page 41 undefined on input lin
e 179.

[41] [42 <./figures/ch4/diffusion.png>] [43]

Package natbib Warning: Citation `Pierce2020' on page 44 undefined on input lin
e 193.


Package natbib Warning: Citation `Pierce2020' on page 44 undefined on input lin
e 195.

[44]) [45] [46]
\openout2 = `ch5conc.aux'.

 (./ch5conc.tex
Chapter 5.
) [47



] (./diss.bbl (./diss.brf)
\tf@brf=\write8
\openout8 = `diss.brf'.

 [48


] [49] [50] [51] [52] [53] [54] [55]
[56]) [57]
\openout2 = `appendix.aux'.

 (./appendix.tex)

Package natbib Warning: There were undefined citations.

Package atveryend Info: Empty hook `BeforeClearDocument' on input line 408.
Package atveryend Info: Empty hook `AfterLastShipout' on input line 408.
(./diss.aux (./abs.aux) (./laySum.aux) (./pref.aux) (./ack.aux) (./ch1intro.aux
) (./ch2flipFlop.aux) (./ch3bedEle.aux) (./ch4downDiff.aux) (./ch5conc.aux)
(./appendix.aux))
Package atveryend Info: Executing hook `AtVeryEndDocument' on input line 408.
Package atveryend Info: Executing hook `AtEndAfterFileList' on input line 408.
Package rerunfilecheck Info: File `diss.out' has not changed.
(rerunfilecheck)             Checksum: EE41359069BFB253FE82D810BD140BEC;4311.
Package rerunfilecheck Info: File `diss.brf' has not changed.
(rerunfilecheck)             Checksum: 4AA4ECC04BEABFE9BF007C8581809CDD;18833.


LaTeX Warning: There were multiply-defined labels.

Package atveryend Info: Empty hook `AtVeryVeryEnd' on input line 408.
 ) 
Here is how much of TeX's memory you used:
 13028 strings out of 483183
 195068 string characters out of 5966292
 508176 words of memory out of 5000000
 27330 multiletter control sequences out of 15000+600000
 590829 words of font info for 138 fonts, out of 8000000 for 9000
 14 hyphenation exceptions out of 8191
 47i,20n,46p,1672b,748s stack positions out of 5000i,500n,10000p,200000b,80000s
{/usr/share/texlive/texmf-dist/fonts/enc/dvips/base/8r.enc}</usr/share/texliv
e/texmf-dist/fonts/type1/public/amsfonts/cm/cmex10.pfb></usr/share/texlive/texm
f-dist/fonts/type1/public/amsfonts/cm/cmmi10.pfb></usr/share/texlive/texmf-dist
/fonts/type1/public/amsfonts/cm/cmr10.pfb></usr/share/texlive/texmf-dist/fonts/
type1/public/amsfonts/cm/cmsy10.pfb></usr/share/texlive/texmf-dist/fonts/type1/
public/rsfs/rsfs10.pfb></usr/share/texlive/texmf-dist/fonts/type1/urw/courier/u
crr8a.pfb></usr/share/texlive/texmf-dist/fonts/type1/urw/symbol/usyr.pfb></usr/
share/texlive/texmf-dist/fonts/type1/urw/symbol/usyr.pfb></usr/share/texlive/te
xmf-dist/fonts/type1/urw/times/utmb8a.pfb></usr/share/texlive/texmf-dist/fonts/
type1/urw/times/utmr8a.pfb></usr/share/texlive/texmf-dist/fonts/type1/urw/times
/utmri8a.pfb>
Output written on diss.pdf (72 pages, 1150984 bytes).
PDF statistics:
 2412 PDF objects out of 2487 (max. 8388607)
 2077 compressed objects within 21 object streams
 303 named destinations out of 1000 (max. 500000)
 481 words of extra memory for PDF output out of 10000 (max. 10000000)

