This is pdfTeX, Version 3.14159265-2.6-1.40.20 (TeX Live 2019/Debian) (preloaded format=pdflatex 2021.7.2)  23 SEP 2021 21:13
entering extended mode
 restricted \write18 enabled.
 %&-line parsing enabled.
**diss.tex
(./diss.tex
LaTeX2e <2020-02-02> patch level 2
L3 programming layer <2020-02-14> (./ubcdiss.cls
Document Class: ubcdiss 2018/05/18
(/usr/share/texlive/texmf-dist/tex/latex/tools/calc.sty
Package: calc 2017/05/25 v4.3 Infix arithmetic (KKT,FJ)
\calc@Acount=\count167
\calc@Bcount=\count168
\calc@Adimen=\dimen134
\calc@Bdimen=\dimen135
\calc@Askip=\skip47
\calc@Bskip=\skip48
LaTeX Info: Redefining \setlength on input line 80.
LaTeX Info: Redefining \addtolength on input line 81.
\calc@Ccount=\count169
\calc@Cskip=\skip49
)
(/usr/share/texlive/texmf-dist/tex/latex/base/ifthen.sty
Package: ifthen 2014/09/29 v1.1c Standard LaTeX ifthen package (DPC)
)
Using one-and-a-half spacing
(/usr/share/texlive/texmf-dist/tex/latex/base/book.cls
Document Class: book 2019/12/20 v1.4l Standard LaTeX document class
(/usr/share/texlive/texmf-dist/tex/latex/base/bk11.clo
File: bk11.clo 2019/12/20 v1.4l Standard LaTeX file (size option)
)
\c@part=\count170
\c@chapter=\count171
\c@section=\count172
\c@subsection=\count173
\c@subsubsection=\count174
\c@paragraph=\count175
\c@subparagraph=\count176
\c@figure=\count177
\c@table=\count178
\abovecaptionskip=\skip50
\belowcaptionskip=\skip51
\bibindent=\dimen136
)
(/usr/share/texlive/texmf-dist/tex/latex/setspace/setspace.sty
Package: setspace 2011/12/19 v6.7a set line spacing
)
(/usr/share/texlive/texmf-dist/tex/latex/textcase/textcase.sty
Package: textcase 2019/09/14 v1.00 Text only upper/lower case changing (DPC)
)
(/usr/share/texlive/texmf-dist/tex/latex/tocbibind/tocbibind.sty
Package: tocbibind 2010/10/13 v1.5k extra ToC listings
Package tocbibind Info: The document has chapter divisions on input line 50.


Package tocbibind Note: Using chapter style headings, unless overridden.

) (/usr/share/texlive/texmf-dist/tex/latex/tocloft/tocloft.sty
Package: tocloft 2017/08/31 v2.3i parameterised ToC, etc., typesetting
Package tocloft Info: The document has chapter divisions on input line 51.
\cftparskip=\skip52
\cftbeforetoctitleskip=\skip53
\cftaftertoctitleskip=\skip54
\cftbeforepartskip=\skip55
\cftpartnumwidth=\skip56
\cftpartindent=\skip57
\cftbeforechapskip=\skip58
\cftchapindent=\skip59
\cftchapnumwidth=\skip60
\cftbeforesecskip=\skip61
\cftsecindent=\skip62
\cftsecnumwidth=\skip63
\cftbeforesubsecskip=\skip64
\cftsubsecindent=\skip65
\cftsubsecnumwidth=\skip66
\cftbeforesubsubsecskip=\skip67
\cftsubsubsecindent=\skip68
\cftsubsubsecnumwidth=\skip69
\cftbeforeparaskip=\skip70
\cftparaindent=\skip71
\cftparanumwidth=\skip72
\cftbeforesubparaskip=\skip73
\cftsubparaindent=\skip74
\cftsubparanumwidth=\skip75
\cftbeforeloftitleskip=\skip76
\cftafterloftitleskip=\skip77
\cftbeforefigskip=\skip78
\cftfigindent=\skip79
\cftfignumwidth=\skip80
\c@lofdepth=\count179
\c@lotdepth=\count180
\cftbeforelottitleskip=\skip81
\cftafterlottitleskip=\skip82
\cftbeforetabskip=\skip83
\cfttabindent=\skip84
\cfttabnumwidth=\skip85
)
\@figprefixlen=\skip86
\@tabprefixlen=\skip87
)
(/usr/share/texlive/texmf-dist/tex/latex/amsmath/amsmath.sty
Package: amsmath 2020/01/20 v2.17e AMS math features
\@mathmargin=\skip88

For additional information on amsmath, use the `?' option.
(/usr/share/texlive/texmf-dist/tex/latex/amsmath/amstext.sty
Package: amstext 2000/06/29 v2.01 AMS text

(/usr/share/texlive/texmf-dist/tex/latex/amsmath/amsgen.sty
File: amsgen.sty 1999/11/30 v2.0 generic functions
\@emptytoks=\toks14
\ex@=\dimen137
))
(/usr/share/texlive/texmf-dist/tex/latex/amsmath/amsbsy.sty
Package: amsbsy 1999/11/29 v1.2d Bold Symbols
\pmbraise@=\dimen138
)
(/usr/share/texlive/texmf-dist/tex/latex/amsmath/amsopn.sty
Package: amsopn 2016/03/08 v2.02 operator names
)
\inf@bad=\count181
LaTeX Info: Redefining \frac on input line 227.
\uproot@=\count182
\leftroot@=\count183
LaTeX Info: Redefining \overline on input line 389.
\classnum@=\count184
\DOTSCASE@=\count185
LaTeX Info: Redefining \ldots on input line 486.
LaTeX Info: Redefining \dots on input line 489.
LaTeX Info: Redefining \cdots on input line 610.
\Mathstrutbox@=\box45
\strutbox@=\box46
\big@size=\dimen139
LaTeX Font Info:    Redeclaring font encoding OML on input line 733.
LaTeX Font Info:    Redeclaring font encoding OMS on input line 734.
\macc@depth=\count186
\c@MaxMatrixCols=\count187
\dotsspace@=\muskip16
\c@parentequation=\count188
\dspbrk@lvl=\count189
\tag@help=\toks15
\row@=\count190
\column@=\count191
\maxfields@=\count192
\andhelp@=\toks16
\eqnshift@=\dimen140
\alignsep@=\dimen141
\tagshift@=\dimen142
\tagwidth@=\dimen143
\totwidth@=\dimen144
\lineht@=\dimen145
\@envbody=\toks17
\multlinegap=\skip89
\multlinetaggap=\skip90
\mathdisplay@stack=\toks18
LaTeX Info: Redefining \[ on input line 2859.
LaTeX Info: Redefining \] on input line 2860.
)
(/usr/share/texlive/texmf-dist/tex/latex/float/float.sty
Package: float 2001/11/08 v1.3d Float enhancements (AL)
\c@float@type=\count193
\float@exts=\toks19
\float@box=\box47
\@float@everytoks=\toks20
\@floatcapt=\box48
)
(/usr/share/texlive/texmf-dist/tex/latex/wrapfig/wrapfig.sty
\wrapoverhang=\dimen146
\WF@size=\dimen147
\c@WF@wrappedlines=\count194
\WF@box=\box49
\WF@everypar=\toks21
Package: wrapfig 2003/01/31  v 3.6
)
(/usr/share/texlive/texmf-dist/tex/latex/psnfss/pifont.sty
Package: pifont 2005/04/12 PSNFSS-v9.2a Pi font support (SPQR) 
LaTeX Font Info:    Trying to load font information for U+pzd on input line 63.


(/usr/share/texlive/texmf-dist/tex/latex/psnfss/upzd.fd
File: upzd.fd 2001/06/04 font definitions for U/pzd.
)
LaTeX Font Info:    Trying to load font information for U+psy on input line 64.


(/usr/share/texlive/texmf-dist/tex/latex/psnfss/upsy.fd
File: upsy.fd 2001/06/04 font definitions for U/psy.
))
(/usr/share/texlive/texmf-dist/tex/latex/checkend/checkend.sty
Package: checkend 2002/04/20 v1.0 Environment checking
)
(/usr/share/texlive/texmf-dist/tex/latex/graphics/graphicx.sty
Package: graphicx 2019/11/30 v1.2a Enhanced LaTeX Graphics (DPC,SPQR)

(/usr/share/texlive/texmf-dist/tex/latex/graphics/keyval.sty
Package: keyval 2014/10/28 v1.15 key=value parser (DPC)
\KV@toks@=\toks22
)
(/usr/share/texlive/texmf-dist/tex/latex/graphics/graphics.sty
Package: graphics 2019/11/30 v1.4a Standard LaTeX Graphics (DPC,SPQR)

(/usr/share/texlive/texmf-dist/tex/latex/graphics/trig.sty
Package: trig 2016/01/03 v1.10 sin cos tan (DPC)
)
(/usr/share/texlive/texmf-dist/tex/latex/graphics-cfg/graphics.cfg
File: graphics.cfg 2016/06/04 v1.11 sample graphics configuration
)
Package graphics Info: Driver file: pdftex.def on input line 105.

(/usr/share/texlive/texmf-dist/tex/latex/graphics-def/pdftex.def
File: pdftex.def 2018/01/08 v1.0l Graphics/color driver for pdftex
))
\Gin@req@height=\dimen148
\Gin@req@width=\dimen149
)
(/usr/share/texlive/texmf-dist/tex/latex/booktabs/booktabs.sty
Package: booktabs 2020/01/12 v1.61803398 Publication quality tables
\heavyrulewidth=\dimen150
\lightrulewidth=\dimen151
\cmidrulewidth=\dimen152
\belowrulesep=\dimen153
\belowbottomsep=\dimen154
\aboverulesep=\dimen155
\abovetopsep=\dimen156
\cmidrulesep=\dimen157
\cmidrulekern=\dimen158
\defaultaddspace=\dimen159
\@cmidla=\count195
\@cmidlb=\count196
\@aboverulesep=\dimen160
\@belowrulesep=\dimen161
\@thisruleclass=\count197
\@lastruleclass=\count198
\@thisrulewidth=\dimen162
)
(/usr/share/texlive/texmf-dist/tex/latex/listings/listings.sty
\lst@mode=\count199
\lst@gtempboxa=\box50
\lst@token=\toks23
\lst@length=\count266
\lst@currlwidth=\dimen163
\lst@column=\count267
\lst@pos=\count268
\lst@lostspace=\dimen164
\lst@width=\dimen165
\lst@newlines=\count269
\lst@lineno=\count270
\lst@maxwidth=\dimen166

(/usr/share/texlive/texmf-dist/tex/latex/listings/lstmisc.sty
File: lstmisc.sty 2019/09/10 1.8c (Carsten Heinz)
\c@lstnumber=\count271
\lst@skipnumbers=\count272
\lst@framebox=\box51
)
(/usr/share/texlive/texmf-dist/tex/latex/listings/listings.cfg
File: listings.cfg 2019/09/10 1.8c listings configuration
))
Package: listings 2019/09/10 1.8c (Carsten Heinz)

(/usr/share/texlive/texmf-dist/tex/latex/acronym/acronym.sty
Package: acronym 2019/11/11 v1.42 Support for acronyms (Tobias Oetiker)

(/usr/share/texlive/texmf-dist/tex/latex/bigfoot/suffix.sty
Package: suffix 2006/07/15 1.5a Variant command support
)
(/usr/share/texlive/texmf-dist/tex/generic/xstring/xstring.sty
(/usr/share/texlive/texmf-dist/tex/generic/xstring/xstring.tex
\integerpart=\count273
\decimalpart=\count274
)
Package: xstring 2019/02/06 v1.83 String manipulations (CT)
)
\AC@clearlist=\toks24
)
(/usr/share/texlive/texmf-dist/tex/latex/graphics/color.sty
Package: color 2019/11/23 v1.2a Standard LaTeX Color (DPC)

(/usr/share/texlive/texmf-dist/tex/latex/graphics-cfg/color.cfg
File: color.cfg 2016/01/02 v1.6 sample color configuration
)
Package color Info: Driver file: pdftex.def on input line 147.
)
(/usr/share/texlive/texmf-dist/tex/latex/comment/comment.sty
\CommentStream=\write3

Excluding comment 'comment')
(/usr/share/texlive/texmf-dist/tex/latex/natbib/natbib.sty
Package: natbib 2010/09/13 8.31b (PWD, AO)
\bibhang=\skip91
\bibsep=\skip92
LaTeX Info: Redefining \cite on input line 694.
\c@NAT@ctr=\count275
)
(/usr/share/texlive/texmf-dist/tex/latex/titlesec/titlesec.sty
Package: titlesec 2019/10/16 v2.13 Sectioning titles
\ttl@box=\box52
\beforetitleunit=\skip93
\aftertitleunit=\skip94
\ttl@plus=\dimen167
\ttl@minus=\dimen168
\ttl@toksa=\toks25
\titlewidth=\dimen169
\titlewidthlast=\dimen170
\titlewidthfirst=\dimen171
)
(/usr/share/texlive/texmf-dist/tex/latex/caption/caption.sty
Package: caption 2020/01/03 v3.4h Customizing captions (AR)

(/usr/share/texlive/texmf-dist/tex/latex/caption/caption3.sty
Package: caption3 2020/01/03 v1.8h caption3 kernel (AR)
Package caption3 Info: TeX engine: e-TeX on input line 61.
\captionmargin=\dimen172
\captionmargin@=\dimen173
\captionwidth=\dimen174
\caption@tempdima=\dimen175
\caption@indent=\dimen176
\caption@parindent=\dimen177
\caption@hangindent=\dimen178
Package caption Info: Standard document class detected.
)
\c@caption@flags=\count276
\c@continuedfloat=\count277
Package caption Info: float package is loaded.
Package caption Info: listings package is loaded.
Package caption Info: wrapfig package is loaded.
)
(/usr/share/texlive/texmf-dist/tex/latex/url/url.sty
\Urlmuskip=\muskip17
Package: url 2013/09/16  ver 3.4  Verb mode for urls, etc.
)
(/usr/share/texlive/texmf-dist/tex/latex/tools/tabularx.sty
Package: tabularx 2020/01/15 v2.11c `tabularx' package (DPC)

(/usr/share/texlive/texmf-dist/tex/latex/tools/array.sty
Package: array 2019/08/31 v2.4l Tabular extension package (FMi)
\col@sep=\dimen179
\ar@mcellbox=\box53
\extrarowheight=\dimen180
\NC@list=\toks26
\extratabsurround=\skip95
\backup@length=\skip96
\ar@cellbox=\box54
)
\TX@col@width=\dimen181
\TX@old@table=\dimen182
\TX@old@col=\dimen183
\TX@target=\dimen184
\TX@delta=\dimen185
\TX@cols=\count278
\TX@ftn=\toks27
)
(/usr/share/texlive/texmf-dist/tex/latex/hyperref/hyperref.sty
Package: hyperref 2020/01/14 v7.00d Hypertext links for LaTeX

(/usr/share/texlive/texmf-dist/tex/generic/ltxcmds/ltxcmds.sty
Package: ltxcmds 2019/12/15 v1.24 LaTeX kernel commands for general use (HO)
)
(/usr/share/texlive/texmf-dist/tex/generic/iftex/iftex.sty
Package: iftex 2019/11/07 v1.0c TeX engine tests
)
(/usr/share/texlive/texmf-dist/tex/latex/pdftexcmds/pdftexcmds.sty
Package: pdftexcmds 2019/11/24 v0.31 Utility functions of pdfTeX for LuaTeX (HO
)

(/usr/share/texlive/texmf-dist/tex/generic/infwarerr/infwarerr.sty
Package: infwarerr 2019/12/03 v1.5 Providing info/warning/error messages (HO)
)
Package pdftexcmds Info: \pdf@primitive is available.
Package pdftexcmds Info: \pdf@ifprimitive is available.
Package pdftexcmds Info: \pdfdraftmode found.
)
(/usr/share/texlive/texmf-dist/tex/generic/kvsetkeys/kvsetkeys.sty
Package: kvsetkeys 2019/12/15 v1.18 Key value parser (HO)
)
(/usr/share/texlive/texmf-dist/tex/generic/kvdefinekeys/kvdefinekeys.sty
Package: kvdefinekeys 2019-12-19 v1.6 Define keys (HO)
)
(/usr/share/texlive/texmf-dist/tex/generic/pdfescape/pdfescape.sty
Package: pdfescape 2019/12/09 v1.15 Implements pdfTeX's escape features (HO)
)
(/usr/share/texlive/texmf-dist/tex/latex/hycolor/hycolor.sty
Package: hycolor 2020-01-27 v1.10 Color options for hyperref/bookmark (HO)
)
(/usr/share/texlive/texmf-dist/tex/latex/letltxmacro/letltxmacro.sty
Package: letltxmacro 2019/12/03 v1.6 Let assignment for LaTeX macros (HO)
)
(/usr/share/texlive/texmf-dist/tex/latex/auxhook/auxhook.sty
Package: auxhook 2019-12-17 v1.6 Hooks for auxiliary files (HO)
)
(/usr/share/texlive/texmf-dist/tex/latex/kvoptions/kvoptions.sty
Package: kvoptions 2019/11/29 v3.13 Key value format for package options (HO)
)
\@linkdim=\dimen186
\Hy@linkcounter=\count279
\Hy@pagecounter=\count280

(/usr/share/texlive/texmf-dist/tex/latex/hyperref/pd1enc.def
File: pd1enc.def 2020/01/14 v7.00d Hyperref: PDFDocEncoding definition (HO)
Now handling font encoding PD1 ...
... no UTF-8 mapping file for font encoding PD1
)
(/usr/share/texlive/texmf-dist/tex/generic/intcalc/intcalc.sty
Package: intcalc 2019/12/15 v1.3 Expandable calculations with integers (HO)
)
(/usr/share/texlive/texmf-dist/tex/generic/etexcmds/etexcmds.sty
Package: etexcmds 2019/12/15 v1.7 Avoid name clashes with e-TeX commands (HO)
)
\Hy@SavedSpaceFactor=\count281
\pdfmajorversion=\count282
Package hyperref Info: Option `bookmarks' set `true' on input line 4421.
Package hyperref Info: Option `bookmarksnumbered' set `true' on input line 4421
.
Package hyperref Info: Option `linktocpage' set `true' on input line 4421.
Package hyperref Info: Hyper figures OFF on input line 4547.
Package hyperref Info: Link nesting OFF on input line 4552.
Package hyperref Info: Hyper index ON on input line 4555.
Package hyperref Info: Plain pages OFF on input line 4562.
Package hyperref Info: Backreferencing ON on input line 4565.
Package hyperref Info: Implicit mode ON; LaTeX internals redefined.
Package hyperref Info: Bookmarks ON on input line 4800.

(/usr/share/texlive/texmf-dist/tex/latex/hyperref/backref.sty
Package: backref 2020/01/14 v1.40 Bibliographical back referencing

(/usr/share/texlive/texmf-dist/tex/latex/rerunfilecheck/rerunfilecheck.sty
Package: rerunfilecheck 2019/12/05 v1.9 Rerun checks for auxiliary files (HO)

(/usr/share/texlive/texmf-dist/tex/latex/atveryend/atveryend.sty
Package: atveryend 2019-12-11 v1.11 Hooks at the very end of document (HO)
Package atveryend Info: \enddocument detected (standard20110627).
)
(/usr/share/texlive/texmf-dist/tex/generic/uniquecounter/uniquecounter.sty
Package: uniquecounter 2019/12/15 v1.4 Provide unlimited unique counter (HO)

(/usr/share/texlive/texmf-dist/tex/generic/bigintcalc/bigintcalc.sty
Package: bigintcalc 2019/12/15 v1.5 Expandable calculations on big integers (HO
)
))
Package uniquecounter Info: New unique counter `rerunfilecheck' on input line 2
86.
))
\c@Hy@tempcnt=\count283
LaTeX Info: Redefining \url on input line 5159.
\XeTeXLinkMargin=\dimen187

(/usr/share/texlive/texmf-dist/tex/generic/bitset/bitset.sty
Package: bitset 2019/12/09 v1.3 Handle bit-vector datatype (HO)
)
\Fld@menulength=\count284
\Field@Width=\dimen188
\Fld@charsize=\dimen189
Package hyperref Info: Hyper figures OFF on input line 6430.
Package hyperref Info: Link nesting OFF on input line 6435.
Package hyperref Info: Hyper index ON on input line 6438.
Package hyperref Info: backreferencing ON on input line 6443.
Package hyperref Info: Link coloring OFF on input line 6450.
Package hyperref Info: Link coloring with OCG OFF on input line 6455.
Package hyperref Info: PDF/A mode OFF on input line 6460.
LaTeX Info: Redefining \ref on input line 6500.
LaTeX Info: Redefining \pageref on input line 6504.

(/usr/share/texlive/texmf-dist/tex/generic/atbegshi/atbegshi.sty
Package: atbegshi 2019/12/05 v1.19 At begin shipout hook (HO)
)
\Hy@abspage=\count285
\c@Item=\count286
\c@Hfootnote=\count287
)
Package hyperref Info: Driver (autodetected): hpdftex.

(/usr/share/texlive/texmf-dist/tex/latex/hyperref/hpdftex.def
File: hpdftex.def 2020/01/14 v7.00d Hyperref driver for pdfTeX
\Fld@listcount=\count288
\c@bookmark@seq@number=\count289
\Hy@SectionHShift=\skip97
) (./macros.tex)
(/usr/share/texlive/texmf-dist/tex/generic/babel/babel.sty
Package: babel 2020/02/14 3.40 The Babel package

(/usr/share/texlive/texmf-dist/tex/generic/babel/switch.def
File: switch.def 2020/02/14 3.40 Babel switching mechanism
)
(/usr/share/texlive/texmf-dist/tex/generic/babel-english/english.ldf
Language: english 2017/06/06 v3.3r English support from the babel system

(/usr/share/texlive/texmf-dist/tex/generic/babel/babel.def
File: babel.def 2020/02/14 3.40 Babel common definitions
\babel@savecnt=\count290
\U@D=\dimen190

(/usr/share/texlive/texmf-dist/tex/generic/babel/txtbabel.def)
\bbl@readstream=\read2
\bbl@dirlevel=\count291
)
Package babel Info: \l@british = using hyphenrules for english
(babel)             (\language0) on input line 82.
Package babel Info: \l@UKenglish = using hyphenrules for english
(babel)             (\language0) on input line 83.
Package babel Info: \l@canadian = using hyphenrules for english
(babel)             (\language0) on input line 102.
Package babel Info: \l@australian = using hyphenrules for english
(babel)             (\language0) on input line 105.
Package babel Info: \l@newzealand = using hyphenrules for english
(babel)             (\language0) on input line 108.
))
(/usr/share/texlive/texmf-dist/tex/latex/tools/longtable.sty
Package: longtable 2020/01/07 v4.13 Multi-page Table package (DPC)
\LTleft=\skip98
\LTright=\skip99
\LTpre=\skip100
\LTpost=\skip101
\LTchunksize=\count292
\LTcapwidth=\dimen191
\LT@head=\box55
\LT@firsthead=\box56
\LT@foot=\box57
\LT@lastfoot=\box58
\LT@cols=\count293
\LT@rows=\count294
\c@LT@tables=\count295
\c@LT@chunks=\count296
\LT@p@ftn=\toks28
)
(/usr/share/texlive/texmf-dist/tex/latex/algorithms/algorithm.sty
Package: algorithm 2009/08/24 v0.1 Document Style `algorithm' - floating enviro
nment
\@float@every@algorithm=\toks29
\c@algorithm=\count297
)
(/usr/share/texlive/texmf-dist/tex/latex/algorithmicx/algpseudocode.sty
Package: algpseudocode 

(/usr/share/texlive/texmf-dist/tex/latex/algorithmicx/algorithmicx.sty
Package: algorithmicx 2005/04/27 v1.2 Algorithmicx

Document Style algorithmicx 1.2 - a greatly improved `algorithmic' style
\c@ALG@line=\count298
\c@ALG@rem=\count299
\c@ALG@nested=\count300
\ALG@tlm=\skip102
\ALG@thistlm=\skip103
\c@ALG@Lnr=\count301
\c@ALG@blocknr=\count302
\c@ALG@storecount=\count303
\c@ALG@tmpcounter=\count304
\ALG@tmplength=\skip104
)
Document Style - pseudocode environments for use with the `algorithmicx' style
) (/usr/share/texlive/texmf-dist/tex/latex/mathtools/mathtools.sty
Package: mathtools 2020/01/17 v1.23 mathematical typesetting tools

(/usr/share/texlive/texmf-dist/tex/latex/mathtools/mhsetup.sty
Package: mhsetup 2017/03/31 v1.3 programming setup (MH)
)
LaTeX Info: Thecontrolsequence`\('isalreadyrobust on input line 129.
LaTeX Info: Thecontrolsequence`\)'isalreadyrobust on input line 129.
LaTeX Info: Thecontrolsequence`\['isalreadyrobust on input line 129.
LaTeX Info: Thecontrolsequence`\]'isalreadyrobust on input line 129.
\g_MT_multlinerow_int=\count305
\l_MT_multwidth_dim=\dimen192
\origjot=\skip105
\l_MT_shortvdotswithinadjustabove_dim=\dimen193
\l_MT_shortvdotswithinadjustbelow_dim=\dimen194
\l_MT_above_intertext_sep=\dimen195
\l_MT_below_intertext_sep=\dimen196
\l_MT_above_shortintertext_sep=\dimen197
\l_MT_below_shortintertext_sep=\dimen198
)
(/usr/share/texlive/texmf-dist/tex/latex/l3backend/l3backend-pdfmode.def
File: l3backend-pdfmode.def 2020-02-03 L3 backend support: PDF mode
\l__kernel_color_stack_int=\count306
\l__pdf_internal_box=\box59
)
(./diss.aux (./abs.aux) (./laySum.aux) (./pref.aux) (./ack.aux) (./ch1intro.aux
) (./ch2flipFlop.aux) (./ch3bedEle.aux) (./ch4downDiff.aux) (./ch5langevin.aux)
(./ch6conc.aux) (./app_ch2.aux) (./app_ch4.aux) (./app_ch3.aux) (./app_ch5.aux)
)
\openout1 = `diss.aux'.

LaTeX Font Info:    Checking defaults for OML/cmm/m/it on input line 374.
LaTeX Font Info:    ... okay on input line 374.
LaTeX Font Info:    Checking defaults for OMS/cmsy/m/n on input line 374.
LaTeX Font Info:    ... okay on input line 374.
LaTeX Font Info:    Checking defaults for OT1/cmr/m/n on input line 374.
LaTeX Font Info:    ... okay on input line 374.
LaTeX Font Info:    Checking defaults for T1/cmr/m/n on input line 374.
LaTeX Font Info:    ... okay on input line 374.
LaTeX Font Info:    Checking defaults for TS1/cmr/m/n on input line 374.
LaTeX Font Info:    ... okay on input line 374.
LaTeX Font Info:    Checking defaults for OMX/cmex/m/n on input line 374.
LaTeX Font Info:    ... okay on input line 374.
LaTeX Font Info:    Checking defaults for U/cmr/m/n on input line 374.
LaTeX Font Info:    ... okay on input line 374.
LaTeX Font Info:    Checking defaults for PD1/pdf/m/n on input line 374.
LaTeX Font Info:    ... okay on input line 374.
 (/usr/share/texlive/texmf-dist/tex/context/base/mkii/supp-pdf.mkii
[Loading MPS to PDF converter (version 2006.09.02).]
\scratchcounter=\count307
\scratchdimen=\dimen199
\scratchbox=\box60
\nofMPsegments=\count308
\nofMParguments=\count309
\everyMPshowfont=\toks30
\MPscratchCnt=\count310
\MPscratchDim=\dimen256
\MPnumerator=\count311
\makeMPintoPDFobject=\count312
\everyMPtoPDFconversion=\toks31
) (/usr/share/texlive/texmf-dist/tex/latex/epstopdf-pkg/epstopdf-base.sty
Package: epstopdf-base 2020-01-24 v2.11 Base part for package epstopdf
Package epstopdf-base Info: Redefining graphics rule for `.eps' on input line 4
85.

(/usr/share/texlive/texmf-dist/tex/latex/latexconfig/epstopdf-sys.cfg
File: epstopdf-sys.cfg 2010/07/13 v1.3 Configuration of (r)epstopdf for TeX Liv
e
))
\c@lstlisting=\count313
Package caption Info: Begin \AtBeginDocument code.
Package caption Info: hyperref package is loaded.
Package caption Info: longtable package is loaded.

(/usr/share/texlive/texmf-dist/tex/latex/caption/ltcaption.sty
Package: ltcaption 2018/08/26 v1.4a longtable captions (AR)
)
Package caption Info: End \AtBeginDocument code.
Package backref Info: ** backref set up for natbib ** on input line 374.
\AtBeginShipoutBox=\box61
Package hyperref Info: Link coloring OFF on input line 374.

(/usr/share/texlive/texmf-dist/tex/latex/hyperref/nameref.sty
Package: nameref 2019/09/16 v2.46 Cross-referencing by name of section

(/usr/share/texlive/texmf-dist/tex/latex/refcount/refcount.sty
Package: refcount 2019/12/15 v3.6 Data extraction from label references (HO)
)
(/usr/share/texlive/texmf-dist/tex/generic/gettitlestring/gettitlestring.sty
Package: gettitlestring 2019/12/15 v1.6 Cleanup title references (HO)
)
\c@section@level=\count314
)
LaTeX Info: Redefining \ref on input line 374.
LaTeX Info: Redefining \pageref on input line 374.
LaTeX Info: Redefining \nameref on input line 374.

(./diss.out) (./diss.out)
\@outlinefile=\write4
\openout4 = `diss.out'.

 [1



{/var/lib/texmf/fonts/map/pdftex/updmap/pdftex.map}]
\openout2 = `abs.aux'.

 (./abs.tex [2


]) [3]
\openout2 = `laySum.aux'.

 (./laySum.tex) [4




]
\openout2 = `pref.aux'.

 (./pref.tex) [5




] (./diss.toc [6



]
[7] [8] [9]
Overfull \hbox (2.93219pt too wide) in paragraph at lines 96--96
 [][] []\OT1/cmr/m/n/10.95 Description of how particle-bed col-li-sions con-tro
l move- 
 []

[10])
\tf@toc=\write5
\openout5 = `diss.toc'.

 [11] (./diss.lot)
\tf@lot=\write6
\openout6 = `diss.lot'.

 [12


] (./diss.lof [13


] [14] [15] [16] [17]
Overfull \hbox (1.06667pt too wide) in paragraph at lines 24--24
 \OT1/cmr/m/n/10.95 con-di-tions and the bed el-e-va-tion vari-ance. Panel (a) 
shows 
 []

[18] [19] [20])
\tf@lof=\write7
\openout7 = `diss.lof'.

 [21]
\openout2 = `ack.aux'.

 (./ack.tex [22



] [23]) [24]
\openout2 = `ch1intro.aux'.

 (./ch1intro.tex
Chapter 1.
[1




] [2] [3] [4] [5] [6]
<./figures/ch1/einsteinConcept.pdf, id=1164, 397.485pt x 130.086pt>
File: ./figures/ch1/einsteinConcept.pdf Graphic file (type pdf)
<use ./figures/ch1/einsteinConcept.pdf>
Package pdftex.def Info: ./figures/ch1/einsteinConcept.pdf  used on input line 
96.
(pdftex.def)             Requested size: 360.0pt x 117.82263pt.
 [7 <./figures/ch1/einsteinConcept.pdf>] [8] [9]
<./figures/ch1/lisleConcept.pdf, id=1303, 397.485pt x 130.086pt>
File: ./figures/ch1/lisleConcept.pdf Graphic file (type pdf)
<use ./figures/ch1/lisleConcept.pdf>
Package pdftex.def Info: ./figures/ch1/lisleConcept.pdf  used on input line 138
.
(pdftex.def)             Requested size: 360.0pt x 117.82263pt.

[10 <./figures/ch1/lisleConcept.pdf>] [11]
Overfull \hbox (12.27008pt too wide) in paragraph at lines 174--175
\OT1/cmr/m/n/10.95 Another cat-e-gory of mod-els de-scribes bed-load par-ti-cle
 ve-loc-i-ties us-ing Langevin
 []

[12] [13]
<./figures/ch1/fanAncey.pdf, id=1478, 397.485pt x 216.81pt>
File: ./figures/ch1/fanAncey.pdf Graphic file (type pdf)
<use ./figures/ch1/fanAncey.pdf>
Package pdftex.def Info: ./figures/ch1/fanAncey.pdf  used on input line 197.
(pdftex.def)             Requested size: 360.0pt x 196.3711pt.
<./figures/ch1/fluxDefinitions.png, id=1483, 397.485pt x 137.313pt>
File: ./figures/ch1/fluxDefinitions.png Graphic file (type png)
<use ./figures/ch1/fluxDefinitions.png>
Package pdftex.def Info: ./figures/ch1/fluxDefinitions.png  used on input line 
208.
(pdftex.def)             Requested size: 360.0pt x 124.36835pt.
 [14] [15 <./figures/ch1/fanAncey.pdf>] [16 <./figures/ch1/fluxdefinitions.png>
] [17]
<./figures/ch1/yalinDrawing.pdf, id=1625, 397.485pt x 126.4725pt>
File: ./figures/ch1/yalinDrawing.pdf Graphic file (type pdf)
<use ./figures/ch1/yalinDrawing.pdf>
Package pdftex.def Info: ./figures/ch1/yalinDrawing.pdf  used on input line 248
.
(pdftex.def)             Requested size: 360.0pt x 114.54979pt.
 [18 <./figures/ch1/yalindrawing.pdf>] [19] [20] [21] [22]
[23]
Overfull \hbox (2.4034pt too wide) in paragraph at lines 343--346
\OT1/cmr/m/n/10.95 Sediment trans-port rates al-ways fluc-tu-ate ([][]\OT1/cmr/
m/it/10.95 Hoey[]\OT1/cmr/m/n/10.95 , []1992[]; [][]\OT1/cmr/m/it/10.95 Kuhnle 
and Southard[]\OT1/cmr/m/n/10.95 ,
 []

[24] [25] [26]
<./figures/ch1/anceyRenewal.pdf, id=1950, 397.485pt x 130.086pt>
File: ./figures/ch1/anceyRenewal.pdf Graphic file (type pdf)
<use ./figures/ch1/anceyRenewal.pdf>
Package pdftex.def Info: ./figures/ch1/anceyRenewal.pdf  used on input line 394
.
(pdftex.def)             Requested size: 360.0pt x 117.82263pt.
 [27 <./figures/ch1/anceyRenewal.pdf>] [28] [29] [30]
Overfull \hbox (8.55626pt too wide) in paragraph at lines 460--463
[]\OT1/cmr/m/n/10.95 Chapter []5[] presents a stochas-tic Langevin model in-clu
d-ing episodic particle-
 []

) [31]
\openout2 = `ch2flipFlop.aux'.

 (./ch2flipFlop.tex
Chapter 2.
[32



] [33] [34]
<./figures/ch2/fig0mod.pdf, id=2147, 397.485pt x 130.086pt>
File: ./figures/ch2/fig0mod.pdf Graphic file (type pdf)
<use ./figures/ch2/fig0mod.pdf>
Package pdftex.def Info: ./figures/ch2/fig0mod.pdf  used on input line 49.
(pdftex.def)             Requested size: 397.48402pt x 130.08566pt.
 [35 <./figures/ch2/fig0mod.pdf>] [36] [37]
<./figures/ch2/figure1.pdf, id=2293, 397.485pt x 198.7425pt>
File: ./figures/ch2/figure1.pdf Graphic file (type pdf)
<use ./figures/ch2/figure1.pdf>
Package pdftex.def Info: ./figures/ch2/figure1.pdf  used on input line 98.
(pdftex.def)             Requested size: 397.48402pt x 198.742pt.
 [38] [39 <./figures/ch2/figure1.pdf>] [40]
<figures/ch2/figure2_slopeKey.pdf, id=2358, 397.485pt x 137.313pt>
File: figures/ch2/figure2_slopeKey.pdf Graphic file (type pdf)
<use figures/ch2/figure2_slopeKey.pdf>
Package pdftex.def Info: figures/ch2/figure2_slopeKey.pdf  used on input line 1
35.
(pdftex.def)             Requested size: 397.48402pt x 137.31265pt.
 [41] [42 <./figures/ch2/figure2_slopekey.pdf>] [43]
Overfull \hbox (15.6767pt too wide) in paragraph at lines 160--162
\OT1/cmr/m/n/10.95 This equa-tion de-scribes a non-trivial multi-scale dif-fu-s
ion phe-nomenon, whereby
 []

[44]
<figures/ch2/figure3_slopeKey.pdf, id=2780, 180.675pt x 126.4725pt>
File: figures/ch2/figure3_slopeKey.pdf Graphic file (type pdf)
<use figures/ch2/figure3_slopeKey.pdf>
Package pdftex.def Info: figures/ch2/figure3_slopeKey.pdf  used on input line 1
94.
(pdftex.def)             Requested size: 360.0pt x 252.02383pt.
 [45] [46 <./figures/ch2/figure3_slopekey.pdf>] [47] [48]
Overfull \hbox (8.68088pt too wide) in paragraph at lines 236--237
\OT1/cmr/m/n/10.95 clude particle-particle in-ter-ac-tions should be ca-pa-ble 
of pro-duc-ing realistically-
 []

[49] [50] [51]
Overfull \hbox (1.06787pt too wide) in paragraph at lines 279--280
[]\OT1/cmr/m/n/10.95 These re-sults gen-er-al-ize the bed-load tra-jec-tory mod
-els of [][]\OT1/cmr/m/it/10.95 Ein-stein[] \OT1/cmr/m/n/10.95 ([]1937[]),
 []

) [52]
\openout2 = `ch3bedEle.aux'.

 (./ch3bedEle.tex
Chapter 3.
[53



] [54] [55]
<./figures/ch3/improveddef.png, id=3469, 383.9946pt x 227.6505pt>
File: ./figures/ch3/improveddef.png Graphic file (type png)
<use ./figures/ch3/improveddef.png>
Package pdftex.def Info: ./figures/ch3/improveddef.png  used on input line 50.
(pdftex.def)             Requested size: 360.0pt x 213.43918pt.
 [56]
Overfull \hbox (27.96559pt too wide) in paragraph at lines 55--60
\OT1/cmr/m/n/10.95 where $\OML/cmm/m/it/10.95 u[]$ \OT1/cmr/m/n/10.95 is the ch
ar-ac-ter-is-tic ve-loc-ity of mov-ing bed-load and $\OMS/cmsy/m/n/10.95 h\OML/
cmm/m/it/10.95 n\OMS/cmsy/m/n/10.95 i \OT1/cmr/m/n/10.95 = [][] \OML/cmm/m/it/1
0.95 nP\OT1/cmr/m/n/10.95 (\OML/cmm/m/it/10.95 n; m\OT1/cmr/m/n/10.95 )$
 []

[57 <./figures/ch3/improveddef.png>] [58]
Overfull \hbox (18.14078pt too wide) detected at line 99
 []$[]  []\OT1/cmr/m/n/10.95 (\OML/cmm/m/it/10.95 n; m\OT1/cmr/m/n/10.95 ; \OML
/cmm/m/it/10.95 t\OT1/cmr/m/n/10.95 ) = \OML/cmm/m/it/10.95 ^^WP\OT1/cmr/m/n/10
.95 (\OML/cmm/m/it/10.95 n \OMS/cmsy/m/n/10.95 ^^@ \OT1/cmr/m/n/10.95 1\OML/cmm
/m/it/10.95 ; m\OT1/cmr/m/n/10.95 ; \OML/cmm/m/it/10.95 t\OT1/cmr/m/n/10.95 ) +
 [\OML/cmm/m/it/10.95 ^^U\OT1/cmr/m/n/10.95 (\OML/cmm/m/it/10.95 m \OT1/cmr/m/n
/10.95 + 1) + \OML/cmm/m/it/10.95 ^^V\OT1/cmr/m/n/10.95 (\OML/cmm/m/it/10.95 n 
\OMS/cmsy/m/n/10.95 ^^@ \OT1/cmr/m/n/10.95 1)][1 + \OML/cmm/m/it/10.95 ^^T\OT1/
cmr/m/n/10.95 (\OML/cmm/m/it/10.95 m \OT1/cmr/m/n/10.95 + 1)]\OML/cmm/m/it/10.9
5 P\OT1/cmr/m/n/10.95 (\OML/cmm/m/it/10.95 n \OMS/cmsy/m/n/10.95 ^^@ \OT1/cmr/m
/n/10.95 1\OML/cmm/m/it/10.95 ; m \OT1/cmr/m/n/10.95 + 1; \OML/cmm/m/it/10.95 t
\OT1/cmr/m/n/10.95 )$ 
 []

[59] [60]
Underfull \hbox (badness 1360) in paragraph at lines 148--152
\OT1/cmr/m/n/10.95 train-ment, and de-po-si-tion
 []


Overfull \hbox (3.12068pt too wide) in paragraph at lines 148--152
\OT1/cmr/m/n/10.95 pa-ram-e-ters rep-re-sent-ing bed-
 []


Underfull \hbox (badness 6493) in paragraph at lines 148--152
\OT1/cmr/m/n/10.95 con-di-tion $(\OML/cmm/m/it/10.95 ^^W; ^^U; ^^V; ^^[; ^^M\OT
1/cmr/m/n/10.95 )$, I
 []

[61] [62] [63]
Overfull \hbox (9.72017pt too wide) in paragraph at lines 206--207
\OT1/cmr/m/n/10.95 steady-state stochas-tic dy-nam-ics of $\OML/cmm/m/it/10.95 
n$ \OT1/cmr/m/n/10.95 and $\OML/cmm/m/it/10.95 m$ \OT1/cmr/m/n/10.95 which sup-
port a time-independent
 []

<./figures/ch3/distributions.pdf, id=3677, 398.9304pt x 166.22101pt>
File: ./figures/ch3/distributions.pdf Graphic file (type pdf)
<use ./figures/ch3/distributions.pdf>
Package pdftex.def Info: ./figures/ch3/distributions.pdf  used on input line 21
5.
(pdftex.def)             Requested size: 360.0pt x 150.00839pt.
[64]
<./figures/ch3/variance.pdf, id=3691, 198.7425pt x 198.7425pt>
File: ./figures/ch3/variance.pdf Graphic file (type pdf)
<use ./figures/ch3/variance.pdf>
Package pdftex.def Info: ./figures/ch3/variance.pdf  used on input line 234.
(pdftex.def)             Requested size: 180.0pt x 180.00682pt.

Underfull \hbox (badness 1102) in paragraph at lines 235--235
[] []|\OT1/cmr/m/n/10.95 Data from all sim-u-la-
 []


Underfull \hbox (badness 10000) in paragraph at lines 229--237
\OT1/cmr/m/n/10.95 train-ment and de-po-si-tion rate scal-ing with $\OML/cmm/m/
it/10.95 m$\OT1/cmr/m/n/10.95 .
 []

[65 <./figures/ch3/distributions.pdf>]
<./figures/ch3/momentsuppression.pdf, id=3760, 398.9304pt x 189.96686pt>
File: ./figures/ch3/momentsuppression.pdf Graphic file (type pdf)
<use ./figures/ch3/momentsuppression.pdf>
Package pdftex.def Info: ./figures/ch3/momentsuppression.pdf  used on input lin
e 243.
(pdftex.def)             Requested size: 360.0pt x 171.43816pt.
 [66 <./figures/ch3/variance.pdf>]
<./figures/ch3/colent-suppression.pdf, id=3803, 398.9304pt x 189.96686pt>
File: ./figures/ch3/colent-suppression.pdf Graphic file (type pdf)
<use ./figures/ch3/colent-suppression.pdf>
Package pdftex.def Info: ./figures/ch3/colent-suppression.pdf  used on input li
ne 258.
(pdftex.def)             Requested size: 360.0pt x 171.43816pt.

[67 <./figures/ch3/momentsuppression.pdf>]
<./figures/ch3/rtcdf.pdf, id=3871, 398.9304pt x 306.86955pt>
File: ./figures/ch3/rtcdf.pdf Graphic file (type pdf)
<use ./figures/ch3/rtcdf.pdf>
Package pdftex.def Info: ./figures/ch3/rtcdf.pdf  used on input line 268.
(pdftex.def)             Requested size: 360.0pt x 276.93858pt.
 [68] [69 <./figures/ch3/colent-suppression.pdf>] [70 <./figures/ch3/rtcdf.pdf>
] [71] [72] [73] [74]
Overfull \hbox (1.5938pt too wide) in paragraph at lines 350--351
[]\OT1/cmr/m/n/10.95 Collective en-train-ment gen-er-ates a sta-tis-ti-cal reg-
u-la-tion ef-fect, whereby
 []

) [75]
\openout2 = `ch4downDiff.aux'.

 (./ch4downDiff.tex
Chapter 4.
[76



]
Overfull \hbox (1.10417pt too wide) in paragraph at lines 25--31
[]\OT1/cmr/m/n/10.95 Newtonian bed-load tra-jec-tory mod-els also show mul-ti-p
le dif-fu-sion ranges,
 []


Overfull \hbox (2.45276pt too wide) in paragraph at lines 25--31
\OT1/cmr/m/n/10.95 range. Among these, [][]\OT1/cmr/m/it/10.95 Nikora et al.[] 
\OT1/cmr/m/n/10.95 ([]2001b[]) used syn-thetic tur-bu-lence ([][]\OT1/cmr/m/it/
10.95 Kraich-
 []

[77] [78] [79] [80] [81]
<./figures/ch4/pdf-plot.png, id=4390, 385.9218pt x 164.5347pt>
File: ./figures/ch4/pdf-plot.png Graphic file (type png)
<use ./figures/ch4/pdf-plot.png>
Package pdftex.def Info: ./figures/ch4/pdf-plot.png  used on input line 95.
(pdftex.def)             Requested size: 360.0pt x 153.48766pt.
 [82 <./figures/ch4/pdf-plot.png>]
Overfull \hbox (63.39835pt too wide) in paragraph at lines 125--144
 [][] 
 []


LaTeX Warning: `!h' float specifier changed to `!ht'.

[83]
<./figures/ch4/diffusion.png, id=4467, 380.98335pt x 308.71335pt>
File: ./figures/ch4/diffusion.png Graphic file (type png)
<use ./figures/ch4/diffusion.png>
Package pdftex.def Info: ./figures/ch4/diffusion.png  used on input line 152.
(pdftex.def)             Requested size: 360.0pt x 291.7168pt.


LaTeX Warning: Float too large for page by 59.51668pt on input line 156.

[84] [85 <./figures/ch4/diffusion.png>] [86] [87] [88]) [89] [90]
\openout2 = `ch5langevin.aux'.


(./ch5langevin.tex
Chapter 5.
[91



] [92] [93] [94]
<./figures/ch5/Fig1Concept.png, id=4862, 361.35pt x 162.6075pt>
File: ./figures/ch5/Fig1Concept.png Graphic file (type png)
<use ./figures/ch5/Fig1Concept.png>
Package pdftex.def Info: ./figures/ch5/Fig1Concept.png  used on input line 64.
(pdftex.def)             Requested size: 361.34912pt x 162.6071pt.
 [95] [96 <./figures/ch5/Fig1Concept.png>] [97] [98]
[99] [100] [101] [102]
<./figures/ch5/Fig2pdfs.png, id=5092, 319.37317pt x 232.89008pt>
File: ./figures/ch5/Fig2pdfs.png Graphic file (type png)
<use ./figures/ch5/Fig2pdfs.png>
Package pdftex.def Info: ./figures/ch5/Fig2pdfs.png  used on input line 177.
(pdftex.def)             Requested size: 319.37238pt x 232.8895pt.
<./figures/ch5/Fig3asymptotic.png, id=5102, 312.50752pt x 122.91922pt>
File: ./figures/ch5/Fig3asymptotic.png Graphic file (type png)
<use ./figures/ch5/Fig3asymptotic.png>
Package pdftex.def Info: ./figures/ch5/Fig3asymptotic.png  used on input line 1
91.
(pdftex.def)             Requested size: 312.50674pt x 122.9189pt.
 [103] [104 <./figures/ch5/Fig2pdfs.png>] [105 <./figures/ch5/Fig3asymptotic.pn
g>]
Overfull \hbox (33.43335pt too wide) in paragraph at lines 224--234
 [] 
 []

<./figures/ch5/Fig4expComparison.png, id=5153, 388.99327pt x 203.19914pt>
File: ./figures/ch5/Fig4expComparison.png Graphic file (type png)
<use ./figures/ch5/Fig4expComparison.png>
Package pdftex.def Info: ./figures/ch5/Fig4expComparison.png  used on input lin
e 240.
(pdftex.def)             Requested size: 388.99231pt x 203.19864pt.
[106] [107] [108 <./figures/ch5/Fig4expComparison.png>] [109] [110]) [111]
\openout2 = `ch6conc.aux'.


(./ch6conc.tex
Chapter 6.

Overfull \hbox (2.84085pt too wide) in paragraph at lines 17--18
\OT1/cmr/m/n/10.95 These de-vel-op-ments im-prove un-der-stand-ing of sed-i-men
t trans-port in streams. 
 []

[112



] [113] [114] [115] [116] [117] [118] [119]
Overfull \hbox (5.94334pt too wide) in paragraph at lines 127--130
\OT1/cmr/m/n/10.95 This the-sis has de-scribed the move-ments of in-di-vid-ual 
grains along streambeds
 []

) [120] (./diss.bbl (./diss.brf)
\tf@brf=\write8
\openout8 = `diss.brf'.

 [121


]
Overfull \hbox (6.52132pt too wide) in paragraph at lines 67--67
[]\OT1/cmr/m/n/10.95 xii[], []xviii[], []17[], []25[], []30[], []34[], []48[], 
[]55[], []56[], []57[], []58[], []59[], []61[], []62[], []63[], []66[], []67[],
 []71[], []72[], []73[], []175[][]  
 []

[122] [123] [124] [125] [126] [127] [128]
Overfull \hbox (21.42548pt too wide) in paragraph at lines 506--506
[]\OT1/cmr/m/n/10.95 xix[], []4[], []5[], []8[], []9[], []18[], []29[], []30[],
 []32[], []41[], []52[], []53[], []54[], []71[], []76[], []77[], []78[], []79[]
, []81[], []82[], []84[], []86[], []87[], []88[][]  
 []

[129] [130] [131] [132] [133] [134] [135] [136] [137] [138] [139] [140]
[141] [142] [143] [144] [145] [146] [147] [148] [149] [150] [151] [152]
[153] [154]) [155]
\openout2 = `app_ch2.aux'.

 (./app_ch2.tex
Appendix A.
[156


]
Overfull \hbox (0.10338pt too wide) in paragraph at lines 24--26
\OT1/cmr/m/n/10.95 Taking a sec-ond time deriva-tive opens up the pos-si-bil-it
y of us-ing the Furutsu-
 []

[157] [158]
Overfull \hbox (41.93484pt too wide) detected at line 54
[][][]\OT1/cmr/m/n/10.95 (\OML/cmm/m/it/10.95 x; s\OT1/cmr/m/n/10.95 ) = [][]\O
ML/cmm/m/it/10.95 ^^R\OT1/cmr/m/n/10.95 (\OML/cmm/m/it/10.95 x\OT1/cmr/m/n/10.9
5 ) [] [][](1 \OMS/cmsy/m/n/10.95 ^^@ \OML/cmm/m/it/10.95 R\OT1/cmr/m/n/10.95 )
[] + \OML/cmm/m/it/10.95 ^^R\OT1/cmr/m/n/10.95 (\OMS/cmsy/m/n/10.95 ^^@\OML/cmm
/m/it/10.95 x\OT1/cmr/m/n/10.95 ) [] [][](1 + \OML/cmm/m/it/10.95 R\OT1/cmr/m/n
/10.95 )[][]\OML/cmm/m/it/10.95 :
 []


Overfull \hbox (1.07391pt too wide) detected at line 62
[][]\OML/cmm/m/it/10.95 P\OT1/cmr/m/n/10.95 (\OML/cmm/m/it/10.95 x; t\OT1/cmr/m
/n/10.95 ) = []\OML/cmm/m/it/10.95 e[]\OMS/cmsy/m/n/10.95 L[][][] ^^@ \OML/cmm/
m/it/10.95 'D@[] \OT1/cmr/m/n/10.95 + \OML/cmm/m/it/10.95 V'@[] \OT1/cmr/m/n/10
.95 + \OML/cmm/m/it/10.95 k[] \OT1/cmr/m/n/10.95 + \OML/cmm/m/it/10.95 s[] [] [
][][][][];
 []

[159]
Overfull \hbox (45.8885pt too wide) detected at line 66
[][]\OML/cmm/m/it/10.95 P\OT1/cmr/m/n/10.95 (\OML/cmm/m/it/10.95 x; t\OT1/cmr/m
/n/10.95 ) = []\OML/cmm/m/it/10.95 e[][] \OMS/cmsy/m/n/10.95 ^^@ \OML/cmm/m/it/
10.95 'D@[] \OT1/cmr/m/n/10.95 + \OML/cmm/m/it/10.95 V'@[] \OT1/cmr/m/n/10.95 +
 \OML/cmm/m/it/10.95 k[] \OT1/cmr/m/n/10.95 + \OML/cmm/m/it/10.95 ^^N\OT1/cmr/m
/n/10.95 (\OML/cmm/m/it/10.95 t\OT1/cmr/m/n/10.95 ) + \OML/cmm/m/it/10.95 @[][]
 [] [][][]\OMS/cmsy/m/n/10.95 L[][][][]\OT1/cmr/m/n/10.95 (\OML/cmm/m/it/10.95 
t\OT1/cmr/m/n/10.95 )
 []


Overfull \hbox (3.55617pt too wide) detected at line 75
 []$[]  \OML/cmm/m/it/10.95 P\OT1/cmr/m/n/10.95 (\OML/cmm/m/it/10.95 x; t\OT1/c
mr/m/n/10.95 ) = [] \OMS/cmsy/m/n/10.95 ^^@ \OML/cmm/m/it/10.95 'D@[] \OT1/cmr/
m/n/10.95 + \OML/cmm/m/it/10.95 V'@[] \OT1/cmr/m/n/10.95 + \OML/cmm/m/it/10.95 
k \OT1/cmr/m/n/10.95 + \OML/cmm/m/it/10.95 ^^N\OT1/cmr/m/n/10.95 (\OML/cmm/m/it
/10.95 t\OT1/cmr/m/n/10.95 ) + \OML/cmm/m/it/10.95 @[][] [][] \OMS/cmsy/m/n/10.
95 I[][]\OT1/cmr/m/n/10.95 2[][]\OML/cmm/m/it/10.95 e[]$ 
 []


Package hyperref Warning: Token not allowed in a PDF string (PDFDocEncoding):
(hyperref)                removing `math shift' on input line 79.


Package hyperref Warning: Token not allowed in a PDF string (PDFDocEncoding):
(hyperref)                removing `\Lambda' on input line 79.


Package hyperref Warning: Token not allowed in a PDF string (PDFDocEncoding):
(hyperref)                removing `math shift' on input line 79.

[160] [161] [162]) [163]
\openout2 = `app_ch4.aux'.

 (./app_ch4.tex
Appendix B.
[164



] [165] [166]
Overfull \hbox (39.14093pt too wide) detected at line 77
[]
 []

[167] [168]) [169] [170]
\openout2 = `app_ch3.aux'.

 (./app_ch3.tex
Appendix C.
[171



]
Overfull \hbox (12.50656pt too wide) in paragraph at lines 20--22
\OT1/cmr/m/n/10.95 Taking $\OML/cmm/m/it/10.95 ^^N^^\ \OMS/cmsy/m/n/10.95 ! \OT
1/cmr/m/n/10.95 0$ pro-duces a mas-ter equa-tion $[]\OML/cmm/m/it/10.95 Q\OT1/c
mr/m/n/10.95 (\OML/cmm/m/it/10.95 ^^\\OMS/cmsy/m/n/10.95 j\OML/cmm/m/it/10.95 n
; m\OT1/cmr/m/n/10.95 ) = \OMS/cmsy/m/n/10.95 ^^@\OML/cmm/m/it/10.95 A\OT1/cmr/
m/n/10.95 (\OML/cmm/m/it/10.95 n; m\OT1/cmr/m/n/10.95 )\OML/cmm/m/it/10.95 Q\OT
1/cmr/m/n/10.95 (\OML/cmm/m/it/10.95 ^^\\OMS/cmsy/m/n/10.95 j\OML/cmm/m/it/10.9
5 n; m\OT1/cmr/m/n/10.95 )$,
 []

[172]
Overfull \hbox (17.0pt too wide) in paragraph at lines 45--46
[][] 
 []

[173] [174] [175]
Overfull \hbox (33.33513pt too wide) in paragraph at lines 100--102
\OT1/cmr/m/n/10.95 Taking into ac-count that this dis-tri-bu-tion should be nor
-mal-iz-able, $[][] \OML/cmm/m/it/10.95 M\OT1/cmr/m/n/10.95 (\OML/cmm/m/it/10.9
5 z\OT1/cmr/m/n/10.95 ) =
 []

[176]) [177]
\openout2 = `app_ch5.aux'.

 (./app_ch5.tex
Appendix D.
[178



] [179] [180] [181]) [182]
Package atveryend Info: Empty hook `BeforeClearDocument' on input line 435.
Package atveryend Info: Empty hook `AfterLastShipout' on input line 435.
 (./diss.aux (./abs.aux) (./laySum.aux)
(./pref.aux) (./ack.aux) (./ch1intro.aux) (./ch2flipFlop.aux) (./ch3bedEle.aux)
(./ch4downDiff.aux) (./ch5langevin.aux) (./ch6conc.aux) (./app_ch2.aux)
(./app_ch4.aux) (./app_ch3.aux) (./app_ch5.aux))
Package atveryend Info: Executing hook `AtVeryEndDocument' on input line 435.
Package atveryend Info: Executing hook `AtEndAfterFileList' on input line 435.
Package rerunfilecheck Info: File `diss.out' has not changed.
(rerunfilecheck)             Checksum: 4E2D6F01D21B05E16814B2DC6919861A;11392.


Package rerunfilecheck Warning: File `diss.brf' has changed.
(rerunfilecheck)                Rerun to get bibliographical references right.

Package rerunfilecheck Info: Checksums for `diss.brf':
(rerunfilecheck)             Before: 68553B82FD5AB412487CB0AB39785D51;54253
(rerunfilecheck)             After:  17713233E41812258364E1CC25859D9B;54253.
Package atveryend Info: Empty hook `AtVeryVeryEnd' on input line 435.
 ) 
Here is how much of TeX's memory you used:
 16719 strings out of 483107
 254175 string characters out of 5964631
 605448 words of memory out of 5000000
 30414 multiletter control sequences out of 15000+600000
 542069 words of font info for 57 fonts, out of 8000000 for 9000
 59 hyphenation exceptions out of 8191
 47i,20n,46p,1665b,1934s stack positions out of 5000i,500n,10000p,200000b,80000s
 </home/kp/.texlive2019/texmf-var/fonts/pk/ljfour/jknappen/ec/tcrm1200.600pk>
</usr/share/texlive/texmf-dist/fonts/type1/public/amsfonts/cm/cmbx10.pfb></usr/
share/texlive/texmf-dist/fonts/type1/public/amsfonts/cm/cmbx12.pfb></usr/share/
texlive/texmf-dist/fonts/type1/public/amsfonts/cm/cmcsc10.pfb></usr/share/texli
ve/texmf-dist/fonts/type1/public/amsfonts/cm/cmex10.pfb></usr/share/texlive/tex
mf-dist/fonts/type1/public/amsfonts/cm/cmmi10.pfb></usr/share/texlive/texmf-dis
t/fonts/type1/public/amsfonts/cm/cmmi12.pfb></usr/share/texlive/texmf-dist/font
s/type1/public/amsfonts/cm/cmmi6.pfb></usr/share/texlive/texmf-dist/fonts/type1
/public/amsfonts/cm/cmmi8.pfb></usr/share/texlive/texmf-dist/fonts/type1/public
/amsfonts/cm/cmr10.pfb></usr/share/texlive/texmf-dist/fonts/type1/public/amsfon
ts/cm/cmr12.pfb></usr/share/texlive/texmf-dist/fonts/type1/public/amsfonts/cm/c
mr6.pfb></usr/share/texlive/texmf-dist/fonts/type1/public/amsfonts/cm/cmr7.pfb>
</usr/share/texlive/texmf-dist/fonts/type1/public/amsfonts/cm/cmr8.pfb></usr/sh
are/texlive/texmf-dist/fonts/type1/public/amsfonts/cm/cmsy10.pfb></usr/share/te
xlive/texmf-dist/fonts/type1/public/amsfonts/cm/cmsy6.pfb></usr/share/texlive/t
exmf-dist/fonts/type1/public/amsfonts/cm/cmsy8.pfb></usr/share/texlive/texmf-di
st/fonts/type1/public/amsfonts/cm/cmti10.pfb>
Output written on diss.pdf (206 pages, 4840780 bytes).
PDF statistics:
 7246 PDF objects out of 7423 (max. 8388607)
 6380 compressed objects within 64 object streams
 946 named destinations out of 1000 (max. 500000)
 1095 words of extra memory for PDF output out of 10000 (max. 10000000)

