\BOOKMARK [0][-]{chapter*.1}{Abstract}{}% 1
\BOOKMARK [0][-]{chapter*.2}{Lay Summary}{}% 2
\BOOKMARK [0][-]{chapter*.3}{Preface}{}% 3
\BOOKMARK [0][-]{chapter*.4}{Contents}{}% 4
\BOOKMARK [0][-]{chapter*.5}{List of Tables}{}% 5
\BOOKMARK [0][-]{chapter*.6}{List of Figures}{}% 6
\BOOKMARK [0][-]{chapter*.7}{Acknowledgments}{}% 7
\BOOKMARK [0][-]{chapter.1}{1 Sediment transport and channel evolution}{}% 8
\BOOKMARK [1][-]{section.1.1}{1.1 Theories of individual particle movement}{chapter.1}% 9
\BOOKMARK [2][-]{subsection.1.1.1}{1.1.1 Motivation: tracers and basic understanding}{section.1.1}% 10
\BOOKMARK [2][-]{subsection.1.1.2}{1.1.2 Einstein's random walk model}{section.1.1}% 11
\BOOKMARK [2][-]{subsection.1.1.3}{1.1.3 Inclusion of the movement duration}{section.1.1}% 12
\BOOKMARK [2][-]{subsection.1.1.4}{1.1.4 The Newtonian approach}{section.1.1}% 13
\BOOKMARK [2][-]{subsection.1.1.5}{1.1.5 Mechanistic-stochastic models for the sediment velocity distribution}{section.1.1}% 14
\BOOKMARK [2][-]{subsection.1.1.6}{1.1.6 The definition of the flux}{section.1.1}% 15
\BOOKMARK [2][-]{subsection.1.1.7}{1.1.7 The scaling arguments of Bagnold}{section.1.1}% 16
\BOOKMARK [2][-]{subsection.1.1.8}{1.1.8 Einstein's probabilistic approach}{section.1.1}% 17
\BOOKMARK [2][-]{subsection.1.1.9}{1.1.9 Fusing Einstein and Bagnold: The erosion-deposition model}{section.1.1}% 18
\BOOKMARK [2][-]{subsection.1.1.10}{1.1.10 The nonlocal formulation}{section.1.1}% 19
\BOOKMARK [2][-]{subsection.1.1.11}{1.1.11 Channel evolution}{section.1.1}% 20
\BOOKMARK [2][-]{subsection.1.1.12}{1.1.12 Fluctuations and scale dependence}{section.1.1}% 21
\BOOKMARK [2][-]{subsection.1.1.13}{1.1.13 Birth death models for bedload flucuations}{section.1.1}% 22
\BOOKMARK [2][-]{subsection.1.1.14}{1.1.14 Renewal theories for scale dependence}{section.1.1}% 23
\BOOKMARK [1][-]{section.1.2}{1.2 Summary}{chapter.1}% 24
\BOOKMARK [1][-]{section.1.3}{1.3 Outline of the thesis}{chapter.1}% 25
\BOOKMARK [2][-]{subsection.1.3.1}{1.3.1 Problem 1: The scale-dependent flux from individual particle dynamics}{section.1.3}% 26
\BOOKMARK [2][-]{subsection.1.3.2}{1.3.2 Problem 2: Feedbacks between sediment transport fluctuations and bed elevation change}{section.1.3}% 27
\BOOKMARK [2][-]{subsection.1.3.3}{1.3.3 Problem 3: The effect of sediment burial on downstream transport of sediment tracers}{section.1.3}% 28
\BOOKMARK [2][-]{subsection.1.3.4}{1.3.4 Problem 4: The control of particle-bed collisions over bedload particle velocity distributions}{section.1.3}% 29
\BOOKMARK [0][-]{chapter.2}{2 From particle dynamics to the sediment flux}{}% 30
\BOOKMARK [1][-]{section.2.1}{2.1 Introduction}{chapter.2}% 31
\BOOKMARK [1][-]{section.2.2}{2.2 Description of motion-rest alternation with velocity fluctuations }{chapter.2}% 32
\BOOKMARK [2][-]{subsection.2.2.1}{2.2.1 Dynamical equation for grain-scale sediment transport}{section.2.2}% 33
\BOOKMARK [2][-]{subsection.2.2.2}{2.2.2 Derivation of the master equation for the sediment position distribution}{section.2.2}% 34
\BOOKMARK [1][-]{section.2.3}{2.3 Formalism for the downstream sediment flux}{chapter.2}% 35
\BOOKMARK [1][-]{section.2.4}{2.4 Results }{chapter.2}% 36
\BOOKMARK [2][-]{subsection.2.4.1}{2.4.1 Position probability distribution of sediment particles}{section.2.4}% 37
\BOOKMARK [2][-]{subsection.2.4.2}{2.4.2 The moments of particle position through motion-rest alternation}{section.2.4}% 38
\BOOKMARK [2][-]{subsection.2.4.3}{2.4.3 Calculation of the sediment flux}{section.2.4}% 39
\BOOKMARK [1][-]{section.2.5}{2.5 Discussion }{chapter.2}% 40
\BOOKMARK [2][-]{subsection.2.5.1}{2.5.1 Fluctuations and collective motions}{section.2.5}% 41
\BOOKMARK [2][-]{subsection.2.5.2}{2.5.2 Velocity correlations and bedload diffusion}{section.2.5}% 42
\BOOKMARK [2][-]{subsection.2.5.3}{2.5.3 Scale dependent fluxes and channel evolution}{section.2.5}% 43
\BOOKMARK [2][-]{subsection.2.5.4}{2.5.4 Collective motions}{section.2.5}% 44
\BOOKMARK [1][-]{section.2.6}{2.6 Summary }{chapter.2}% 45
\BOOKMARK [0][-]{chapter.3}{3 Analysis of bed elevation change and sediment transport fluctuations}{}% 46
\BOOKMARK [1][-]{section.3.1}{3.1 Stochastic model of bedload transport and bed elevations}{chapter.3}% 47
\BOOKMARK [1][-]{section.3.2}{3.2 Model solutions}{chapter.3}% 48
\BOOKMARK [2][-]{subsection.3.2.1}{3.2.1 Numerical study of the joint model}{section.3.2}% 49
\BOOKMARK [2][-]{subsection.3.2.2}{3.2.2 Approximate solutions of the joint model}{section.3.2}% 50
\BOOKMARK [1][-]{section.3.3}{3.3 Results}{chapter.3}% 51
\BOOKMARK [2][-]{subsection.3.3.1}{3.3.1 Probability distributions of bedload transport and bed elevations}{section.3.3}% 52
\BOOKMARK [2][-]{subsection.3.3.2}{3.3.2 Statistical moments of bed elevation and the particle activity}{section.3.3}% 53
\BOOKMARK [2][-]{subsection.3.3.3}{3.3.3 Collective entrainment and bedload activity fluctuations}{section.3.3}% 54
\BOOKMARK [2][-]{subsection.3.3.4}{3.3.4 Resting times of sediment undergoing burial}{section.3.3}% 55
\BOOKMARK [1][-]{section.3.4}{3.4 Discussion}{chapter.3}% 56
\BOOKMARK [2][-]{subsection.3.4.1}{3.4.1 Context of the research}{section.3.4}% 57
\BOOKMARK [2][-]{subsection.3.4.2}{3.4.2 New contributions}{section.3.4}% 58
\BOOKMARK [2][-]{subsection.3.4.3}{3.4.3 Next steps for research}{section.3.4}% 59
\BOOKMARK [1][-]{section.3.5}{3.5 Summary}{chapter.3}% 60
\BOOKMARK [0][-]{chapter.4}{4 Burial-induced three-range diffusion in sediment transport}{}% 61
\BOOKMARK [1][-]{section.4.1}{4.1 Bedload trajectories as a multi-state random walk}{chapter.4}% 62
\BOOKMARK [2][-]{subsection.4.1.1}{4.1.1 Assumptions of the burial model}{section.4.1}% 63
\BOOKMARK [2][-]{subsection.4.1.2}{4.1.2 Governing equations}{section.4.1}% 64
\BOOKMARK [2][-]{subsection.4.1.3}{4.1.3 Joint probability distribution of particle position with burial}{section.4.1}% 65
\BOOKMARK [2][-]{subsection.4.1.4}{4.1.4 Downstream diffusion}{section.4.1}% 66
\BOOKMARK [2][-]{subsection.4.1.5}{4.1.5 Diffusion exponents and three range scaling}{section.4.1}% 67
\BOOKMARK [1][-]{section.4.2}{4.2 Discussion}{chapter.4}% 68
\BOOKMARK [2][-]{subsection.4.2.1}{4.2.1 Local and intermediate ranges with comparison to earlier work}{section.4.2}% 69
\BOOKMARK [2][-]{subsection.4.2.2}{4.2.2 Global and geomorphic ranges with next steps for research}{section.4.2}% 70
\BOOKMARK [1][-]{section.4.3}{4.3 Summary}{chapter.4}% 71
\BOOKMARK [0][-]{chapter.5}{5 Collisional Langevin model of bedload sediment velocity distributions}{}% 72
\BOOKMARK [1][-]{section.5.1}{5.1 Introduction}{chapter.5}% 73
\BOOKMARK [1][-]{section.5.2}{5.2 Mechanistic description of particle velocities}{chapter.5}% 74
\BOOKMARK [2][-]{subsection.5.2.1}{5.2.1 Episodic collision forces}{section.5.2}% 75
\BOOKMARK [2][-]{subsection.5.2.2}{5.2.2 Turbulent fluid forces}{section.5.2}% 76
\BOOKMARK [2][-]{subsection.5.2.3}{5.2.3 Langevin equation for collisional bedload transport}{section.5.2}% 77
\BOOKMARK [2][-]{subsection.5.2.4}{5.2.4 Chapman-Kolmogorov equation and particle-bed collision integral}{section.5.2}% 78
\BOOKMARK [1][-]{section.5.3}{5.3 Results}{chapter.5}% 79
\BOOKMARK [2][-]{subsection.5.3.1}{5.3.1 Derivation of the bedload velocity distribution}{section.5.3}% 80
\BOOKMARK [2][-]{subsection.5.3.2}{5.3.2 Exponential and Gaussian regimes: limits to earlier work}{section.5.3}% 81
\BOOKMARK [2][-]{subsection.5.3.3}{5.3.3 Comparison with experimental data}{section.5.3}% 82
\BOOKMARK [1][-]{section.5.4}{5.4 Discussion}{chapter.5}% 83
\BOOKMARK [2][-]{subsection.5.4.1}{5.4.1 Does the velocity distribution depend on particle size?}{section.5.4}% 84
\BOOKMARK [1][-]{section.5.5}{5.5 Summary}{chapter.5}% 85
\BOOKMARK [0][-]{chapter.6}{6 Summary and future work}{}% 86
\BOOKMARK [1][-]{section.6.1}{6.1 Overall methodology of the thesis}{chapter.6}% 87
\BOOKMARK [2][-]{subsection.6.1.1}{6.1.1 Langevin and master equations}{section.6.1}% 88
\BOOKMARK [2][-]{subsection.6.1.2}{6.1.2 Idealized noises and their combinations}{section.6.1}% 89
\BOOKMARK [1][-]{section.6.2}{6.2 Key contributions}{chapter.6}% 90
\BOOKMARK [2][-]{subsection.6.2.1}{6.2.1 Calculation of the probability distribution of the sediment flux from micromechanics of particle transport}{section.6.2}% 91
\BOOKMARK [2][-]{subsection.6.2.2}{6.2.2 Inclusion of velocity fluctuations into Einstein's model of individual particle trajectories}{section.6.2}% 92
\BOOKMARK [2][-]{subsection.6.2.3}{6.2.3 Quantification of the control of bed elevation fluctuations over sediment transport fluctuations}{section.6.2}% 93
\BOOKMARK [2][-]{subsection.6.2.4}{6.2.4 Characterization of how sediment burial affects the downstream transport of sediment particles}{section.6.2}% 94
\BOOKMARK [2][-]{subsection.6.2.5}{6.2.5 Description of how particle-bed collisions control movement velocities of grains}{section.6.2}% 95
\BOOKMARK [1][-]{section.6.3}{6.3 Limitations and future research directions}{chapter.6}% 96
\BOOKMARK [2][-]{subsection.6.3.1}{6.3.1 Channel dynamics and morphology}{section.6.3}% 97
\BOOKMARK [2][-]{subsection.6.3.2}{6.3.2 Grain size distributions}{section.6.3}% 98
\BOOKMARK [2][-]{subsection.6.3.3}{6.3.3 The full range of geophysical flows}{section.6.3}% 99
\BOOKMARK [1][-]{section.6.4}{6.4 Conclusion}{chapter.6}% 100
\BOOKMARK [0][-]{chapter*.33}{Bibliography}{}% 101
\BOOKMARK [0][-]{appendix.A}{A Calculations involved in dynamical sediment flux model}{}% 102
\BOOKMARK [1][-]{section.A.1}{A.1 Derivation of the master equation for particle position}{appendix.A}% 103
\BOOKMARK [1][-]{section.A.2}{A.2 Solution for the position probability distribution}{appendix.A}% 104
\BOOKMARK [1][-]{section.A.3}{A.3 Calculation of the scale-dependent rate function \(T\)}{appendix.A}% 105
\BOOKMARK [0][-]{appendix.B}{B Calculations involved in the sediment burial model}{}% 106
\BOOKMARK [1][-]{section.B.1}{B.1 Calculation of the distribution function}{appendix.B}% 107
\BOOKMARK [1][-]{section.B.2}{B.2 Calculation of the moments}{appendix.B}% 108
\BOOKMARK [1][-]{section.B.3}{B.3 Limiting behavior of the moments}{appendix.B}% 109
\BOOKMARK [0][-]{appendix.C}{C Calculations involved in the bed elevation model}{}% 110
\BOOKMARK [1][-]{section.C.1}{C.1 Numerical simulation algorithm}{appendix.C}% 111
\BOOKMARK [2][-]{subsection.C.1.1}{C.1.1 Times between transitions of any kind}{section.C.1}% 112
\BOOKMARK [2][-]{subsection.C.1.2}{C.1.2 Selection of transitions that occur}{section.C.1}% 113
\BOOKMARK [2][-]{subsection.C.1.3}{C.1.3 Pseudo code for the Gillespie SSA}{section.C.1}% 114
\BOOKMARK [1][-]{section.C.2}{C.2 Approximate solutions of the Master equation}{appendix.C}% 115
\BOOKMARK [2][-]{subsection.C.2.1}{C.2.1 Mean field solution of particle activity}{section.C.2}% 116
\BOOKMARK [2][-]{subsection.C.2.2}{C.2.2 Mean field solution of bed elevations}{section.C.2}% 117
\BOOKMARK [2][-]{subsection.C.2.3}{C.2.3 Closure equation approach for bed elevations}{section.C.2}% 118
\BOOKMARK [0][-]{appendix.D}{D Calculations involved in the Collisional Langevin model}{}% 119
\BOOKMARK [1][-]{section.D.1}{D.1 Derivation of Master Equation}{appendix.D}% 120
\BOOKMARK [1][-]{section.D.2}{D.2 Derivation of Steady-state solution}{appendix.D}% 121
\BOOKMARK [1][-]{section.D.3}{D.3 Calculation of the moments}{appendix.D}% 122
\BOOKMARK [1][-]{section.D.4}{D.4 Weak and strong collision limits}{appendix.D}% 123
