This is pdfTeX, Version 3.14159265-2.6-1.40.18 (TeX Live 2017/Debian) (preloaded format=pdflatex 2018.11.19)  12 NOV 2019 23:08
entering extended mode
 restricted \write18 enabled.
 %&-line parsing enabled.
**rwdiffu.tex
(./rwdiffu.tex
LaTeX2e <2017-04-15>
Babel <3.18> and hyphenation patterns for 84 language(s) loaded.
(./agujournal2018.cls
Document Class: agujournal2018 08/23/2018
(/usr/share/texlive/texmf-dist/tex/latex/graphics/graphicx.sty
Package: graphicx 2017/06/01 v1.1a Enhanced LaTeX Graphics (DPC,SPQR)

(/usr/share/texlive/texmf-dist/tex/latex/graphics/keyval.sty
Package: keyval 2014/10/28 v1.15 key=value parser (DPC)
\KV@toks@=\toks14
)
(/usr/share/texlive/texmf-dist/tex/latex/graphics/graphics.sty
Package: graphics 2017/06/25 v1.2c Standard LaTeX Graphics (DPC,SPQR)

(/usr/share/texlive/texmf-dist/tex/latex/graphics/trig.sty
Package: trig 2016/01/03 v1.10 sin cos tan (DPC)
)
(/usr/share/texlive/texmf-dist/tex/latex/graphics-cfg/graphics.cfg
File: graphics.cfg 2016/06/04 v1.11 sample graphics configuration
)
Package graphics Info: Driver file: pdftex.def on input line 99.

(/usr/share/texlive/texmf-dist/tex/latex/graphics-def/pdftex.def
File: pdftex.def 2018/01/08 v1.0l Graphics/color driver for pdftex
))
\Gin@req@height=\dimen102
\Gin@req@width=\dimen103
)
(/usr/share/texlive/texmf-dist/tex/latex/xcolor/xcolor.sty
Package: xcolor 2016/05/11 v2.12 LaTeX color extensions (UK)

(/usr/share/texlive/texmf-dist/tex/latex/graphics-cfg/color.cfg
File: color.cfg 2016/01/02 v1.6 sample color configuration
)
Package xcolor Info: Driver file: pdftex.def on input line 225.
Package xcolor Info: Model `cmy' substituted by `cmy0' on input line 1348.
Package xcolor Info: Model `hsb' substituted by `rgb' on input line 1352.
Package xcolor Info: Model `RGB' extended on input line 1364.
Package xcolor Info: Model `HTML' substituted by `rgb' on input line 1366.
Package xcolor Info: Model `Hsb' substituted by `hsb' on input line 1367.
Package xcolor Info: Model `tHsb' substituted by `hsb' on input line 1368.
Package xcolor Info: Model `HSB' substituted by `hsb' on input line 1369.
Package xcolor Info: Model `Gray' substituted by `gray' on input line 1370.
Package xcolor Info: Model `wave' substituted by `hsb' on input line 1371.
)
(/usr/share/texlive/texmf-dist/tex/latex/url/url.sty
\Urlmuskip=\muskip10
Package: url 2013/09/16  ver 3.4  Verb mode for urls, etc.
) (./trackchanges.sty
Package: trackchanges 2009/04/22 v0.7.0 TrackChanges file 

(/usr/share/texlive/texmf-dist/tex/latex/base/ifthen.sty
Package: ifthen 2014/09/29 v1.1c Standard LaTeX ifthen package (DPC)
)
(/usr/share/texlive/texmf-dist/tex/latex/tools/calc.sty
Package: calc 2014/10/28 v4.3 Infix arithmetic (KKT,FJ)
\calc@Acount=\count79
\calc@Bcount=\count80
\calc@Adimen=\dimen104
\calc@Bdimen=\dimen105
\calc@Askip=\skip41
\calc@Bskip=\skip42
LaTeX Info: Redefining \setlength on input line 80.
LaTeX Info: Redefining \addtolength on input line 81.
\calc@Ccount=\count81
\calc@Cskip=\skip43
)
(/usr/share/texlive/texmf-dist/tex/latex/soul/soul.sty
Package: soul 2003/11/17 v2.4 letterspacing/underlining (mf)
\SOUL@word=\toks15
\SOUL@lasttoken=\toks16
\SOUL@cmds=\toks17
\SOUL@buffer=\toks18
\SOUL@token=\toks19
\SOUL@spaceskip=\skip44
\SOUL@ttwidth=\dimen106
\SOUL@uldp=\dimen107
\SOUL@ulht=\dimen108
)
(/usr/share/texlive/texmf-dist/tex/latex/morefloats/morefloats.sty
Package: morefloats 2015/07/22 v1.0h Raise limit of unprocessed floats (HMM)

(/usr/share/texlive/texmf-dist/tex/latex/oberdiek/kvoptions.sty
Package: kvoptions 2016/05/16 v3.12 Key value format for package options (HO)

(/usr/share/texlive/texmf-dist/tex/generic/oberdiek/ltxcmds.sty
Package: ltxcmds 2016/05/16 v1.23 LaTeX kernel commands for general use (HO)
)
(/usr/share/texlive/texmf-dist/tex/generic/oberdiek/kvsetkeys.sty
Package: kvsetkeys 2016/05/16 v1.17 Key value parser (HO)

(/usr/share/texlive/texmf-dist/tex/generic/oberdiek/infwarerr.sty
Package: infwarerr 2016/05/16 v1.4 Providing info/warning/error messages (HO)
)
(/usr/share/texlive/texmf-dist/tex/generic/oberdiek/etexcmds.sty
Package: etexcmds 2016/05/16 v1.6 Avoid name clashes with e-TeX commands (HO)

(/usr/share/texlive/texmf-dist/tex/generic/oberdiek/ifluatex.sty
Package: ifluatex 2016/05/16 v1.4 Provides the ifluatex switch (HO)
Package ifluatex Info: LuaTeX not detected.
)
Package etexcmds Info: Could not find \expanded.
(etexcmds)             That can mean that you are not using pdfTeX 1.50 or
(etexcmds)             that some package has redefined \expanded.
(etexcmds)             In the latter case, load this package earlier.
)))
Package morefloats Info: Maximum number of possible floats asked for: 36
(morefloats)             (i.e. 18 more floats).
(morefloats)             LaTeX might run out of memory before this
(morefloats)             (in which case it will notify you).
)
\c@userid=\count82
\c@changenumber=\count83
\c@storefootnote=\count84
\c@numeditors=\count85
\c@maxeditors=\count86
)
(/usr/share/texlive/texmf-dist/tex/latex/lineno/lineno.sty
Package: lineno 2005/11/02 line numbers on paragraphs v4.41
\linenopenalty=\count87
\output=\toks20
\linenoprevgraf=\count88
\linenumbersep=\dimen109
\linenumberwidth=\dimen110
\c@linenumber=\count89
\c@pagewiselinenumber=\count90
\c@LN@truepage=\count91
\c@internallinenumber=\count92
\c@internallinenumbers=\count93
\quotelinenumbersep=\dimen111
\bframerule=\dimen112
\bframesep=\dimen113
\bframebox=\box26
LaTeX Info: Redefining \\ on input line 3056.
)
(/usr/share/texlive/texmf-dist/tex/latex/tools/indentfirst.sty
Package: indentfirst 1995/11/23 v1.03 Indent first paragraph (DPC)
)
(/usr/share/texlive/texmf-dist/tex/latex/ms/ragged2e.sty
Package: ragged2e 2009/05/21 v2.1 ragged2e Package (MS)

(/usr/share/texlive/texmf-dist/tex/latex/ms/everysel.sty
Package: everysel 2011/10/28 v1.2 EverySelectfont Package (MS)
)
\CenteringLeftskip=\skip45
\RaggedLeftLeftskip=\skip46
\RaggedRightLeftskip=\skip47
\CenteringRightskip=\skip48
\RaggedLeftRightskip=\skip49
\RaggedRightRightskip=\skip50
\CenteringParfillskip=\skip51
\RaggedLeftParfillskip=\skip52
\RaggedRightParfillskip=\skip53
\JustifyingParfillskip=\skip54
\CenteringParindent=\skip55
\RaggedLeftParindent=\skip56
\RaggedRightParindent=\skip57
\JustifyingParindent=\skip58
)
(/usr/share/texlive/texmf-dist/tex/latex/graphics/rotating.sty
Package: rotating 2016/08/11 v2.16d rotated objects in LaTeX
\c@r@tfl@t=\count94
\rotFPtop=\skip59
\rotFPbot=\skip60
\rot@float@box=\box27
\rot@mess@toks=\toks21
)
(/usr/share/texlive/texmf-dist/tex/generic/ulem/ulem.sty
\UL@box=\box28
\UL@hyphenbox=\box29
\UL@skip=\skip61
\UL@hook=\toks22
\UL@height=\dimen114
\UL@pe=\count95
\UL@pixel=\dimen115
\ULC@box=\box30
Package: ulem 2012/05/18
\ULdepth=\dimen116
)
\draftskip=\count96
\c@section=\count97
\c@subsection=\count98
\c@subsubsection=\count99
\c@paragraph=\count100
\c@subparagraph=\count101
\c@figure=\count102
\c@table=\count103
\abovecaptionskip=\skip62
\belowcaptionskip=\skip63
\c@appendnum=\count104
\bibindent=\dimen117

(/usr/share/texlive/texmf-dist/tex/latex/apacite/apacite.sty
Package: apacite 2013/07/21 v6.03 APA citation
\c@BibCnt=\count105
\bibleftmargin=\skip64
\bibindent=\skip65
\bibparsep=\skip66
\bibitemsep=\skip67
\biblabelsep=\skip68
)
(/usr/share/texlive/texmf-dist/tex/latex/natbib/natbib.sty
Package: natbib 2010/09/13 8.31b (PWD, AO)
\bibhang=\skip69
\bibsep=\skip70
LaTeX Info: Redefining \cite on input line 694.
\c@NAT@ctr=\count106
)
LaTeX Info: Redefining \BBA on input line 1149.
)
(/usr/share/texlive/texmf-dist/tex/latex/amsmath/amsmath.sty
Package: amsmath 2017/09/02 v2.17a AMS math features
\@mathmargin=\skip71

For additional information on amsmath, use the `?' option.
(/usr/share/texlive/texmf-dist/tex/latex/amsmath/amstext.sty
Package: amstext 2000/06/29 v2.01 AMS text

(/usr/share/texlive/texmf-dist/tex/latex/amsmath/amsgen.sty
File: amsgen.sty 1999/11/30 v2.0 generic functions
\@emptytoks=\toks23
\ex@=\dimen118
))
(/usr/share/texlive/texmf-dist/tex/latex/amsmath/amsbsy.sty
Package: amsbsy 1999/11/29 v1.2d Bold Symbols
\pmbraise@=\dimen119
)
(/usr/share/texlive/texmf-dist/tex/latex/amsmath/amsopn.sty
Package: amsopn 2016/03/08 v2.02 operator names
)
\inf@bad=\count107
LaTeX Info: Redefining \frac on input line 213.
\uproot@=\count108
\leftroot@=\count109
LaTeX Info: Redefining \overline on input line 375.
\classnum@=\count110
\DOTSCASE@=\count111
LaTeX Info: Redefining \ldots on input line 472.
LaTeX Info: Redefining \dots on input line 475.
LaTeX Info: Redefining \cdots on input line 596.
\Mathstrutbox@=\box31
\strutbox@=\box32
\big@size=\dimen120
LaTeX Font Info:    Redeclaring font encoding OML on input line 712.
LaTeX Font Info:    Redeclaring font encoding OMS on input line 713.
\macc@depth=\count112
\c@MaxMatrixCols=\count113
\dotsspace@=\muskip11
\c@parentequation=\count114
\dspbrk@lvl=\count115
\tag@help=\toks24
\row@=\count116
\column@=\count117
\maxfields@=\count118
\andhelp@=\toks25
\eqnshift@=\dimen121
\alignsep@=\dimen122
\tagshift@=\dimen123
\tagwidth@=\dimen124
\totwidth@=\dimen125
\lineht@=\dimen126
\@envbody=\toks26
\multlinegap=\skip72
\multlinetaggap=\skip73
\mathdisplay@stack=\toks27
LaTeX Info: Redefining \[ on input line 2817.
LaTeX Info: Redefining \] on input line 2818.
)
(/usr/share/texlive/texmf-dist/tex/latex/amsfonts/amssymb.sty
Package: amssymb 2013/01/14 v3.01 AMS font symbols

(/usr/share/texlive/texmf-dist/tex/latex/amsfonts/amsfonts.sty
Package: amsfonts 2013/01/14 v3.01 Basic AMSFonts support
\symAMSa=\mathgroup4
\symAMSb=\mathgroup5
LaTeX Font Info:    Overwriting math alphabet `\mathfrak' in version `bold'
(Font)                  U/euf/m/n --> U/euf/b/n on input line 106.
))
(/usr/share/texlive/texmf-dist/tex/latex/amscls/amsthm.sty
Package: amsthm 2017/10/31 v2.20.4
\thm@style=\toks28
\thm@bodyfont=\toks29
\thm@headfont=\toks30
\thm@notefont=\toks31
\thm@headpunct=\toks32
\thm@preskip=\skip74
\thm@postskip=\skip75
\thm@headsep=\skip76
\dth@everypar=\toks33
)
(/usr/share/texlive/texmf-dist/tex/latex/comment/comment.sty
\CommentStream=\write3

Excluding comment 'comment')
(/usr/share/texlive/texmf-dist/tex/latex/booktabs/booktabs.sty
Package: booktabs 2016/04/27 v1.618033 publication quality tables
\heavyrulewidth=\dimen127
\lightrulewidth=\dimen128
\cmidrulewidth=\dimen129
\belowrulesep=\dimen130
\belowbottomsep=\dimen131
\aboverulesep=\dimen132
\abovetopsep=\dimen133
\cmidrulesep=\dimen134
\cmidrulekern=\dimen135
\defaultaddspace=\dimen136
\@cmidla=\count119
\@cmidlb=\count120
\@aboverulesep=\dimen137
\@belowrulesep=\dimen138
\@thisruleclass=\count121
\@lastruleclass=\count122
\@thisrulewidth=\dimen139
)

LaTeX Warning: Unused global option(s):
    [grl].

(./rwdiffu.aux)
\openout1 = `rwdiffu.aux'.

LaTeX Font Info:    Checking defaults for OML/cmm/m/it on input line 55.
LaTeX Font Info:    ... okay on input line 55.
LaTeX Font Info:    Checking defaults for T1/cmr/m/n on input line 55.
LaTeX Font Info:    ... okay on input line 55.
LaTeX Font Info:    Checking defaults for OT1/cmr/m/n on input line 55.
LaTeX Font Info:    ... okay on input line 55.
LaTeX Font Info:    Checking defaults for OMS/cmsy/m/n on input line 55.
LaTeX Font Info:    ... okay on input line 55.
LaTeX Font Info:    Checking defaults for OMX/cmex/m/n on input line 55.
LaTeX Font Info:    ... okay on input line 55.
LaTeX Font Info:    Checking defaults for U/cmr/m/n on input line 55.
LaTeX Font Info:    ... okay on input line 55.

(/usr/share/texlive/texmf-dist/tex/context/base/mkii/supp-pdf.mkii
[Loading MPS to PDF converter (version 2006.09.02).]
\scratchcounter=\count123
\scratchdimen=\dimen140
\scratchbox=\box33
\nofMPsegments=\count124
\nofMParguments=\count125
\everyMPshowfont=\toks34
\MPscratchCnt=\count126
\MPscratchDim=\dimen141
\MPnumerator=\count127
\makeMPintoPDFobject=\count128
\everyMPtoPDFconversion=\toks35
) (/usr/share/texlive/texmf-dist/tex/latex/oberdiek/epstopdf-base.sty
Package: epstopdf-base 2016/05/15 v2.6 Base part for package epstopdf

(/usr/share/texlive/texmf-dist/tex/latex/oberdiek/grfext.sty
Package: grfext 2016/05/16 v1.2 Manage graphics extensions (HO)

(/usr/share/texlive/texmf-dist/tex/generic/oberdiek/kvdefinekeys.sty
Package: kvdefinekeys 2016/05/16 v1.4 Define keys (HO)
))
(/usr/share/texlive/texmf-dist/tex/generic/oberdiek/pdftexcmds.sty
Package: pdftexcmds 2018/01/21 v0.26 Utility functions of pdfTeX for LuaTeX (HO
)

(/usr/share/texlive/texmf-dist/tex/generic/oberdiek/ifpdf.sty
Package: ifpdf 2017/03/15 v3.2 Provides the ifpdf switch
)
Package pdftexcmds Info: LuaTeX not detected.
Package pdftexcmds Info: \pdf@primitive is available.
Package pdftexcmds Info: \pdf@ifprimitive is available.
Package pdftexcmds Info: \pdfdraftmode found.
)
Package epstopdf-base Info: Redefining graphics rule for `.eps' on input line 4
38.
Package grfext Info: Graphics extension search list:
(grfext)             [.pdf,.png,.jpg,.mps,.jpeg,.jbig2,.jb2,.PDF,.PNG,.JPG,.JPE
G,.JBIG2,.JB2,.eps]
(grfext)             \AppendGraphicsExtensions on input line 456.

(/usr/share/texlive/texmf-dist/tex/latex/latexconfig/epstopdf-sys.cfg
File: epstopdf-sys.cfg 2010/07/13 v1.3 Configuration of (r)epstopdf for TeX Liv
e
))

Package trackchanges Warning: TrackChanges is not compatable with the 
(trackchanges)                'ulem' package.
(trackchanges)                Use the 'soul' package instead.

ABD: EverySelectfont initializing macros
LaTeX Info: Redefining \selectfont on input line 55.
\c@maskedRefs=\count129

(/usr/share/texlive/texmf-dist/tex/latex/apacite/english.apc
File: english.apc 2013/07/21 v6.03 apacite language file
LaTeX Info: Redefining \BPBI on input line 129.
LaTeX Info: Redefining \BHBI on input line 130.
)
LaTeX Font Info:    Try loading font information for U+msa on input line 59.

(/usr/share/texlive/texmf-dist/tex/latex/amsfonts/umsa.fd
File: umsa.fd 2013/01/14 v3.01 AMS symbols A
)
LaTeX Font Info:    Try loading font information for U+msb on input line 59.

(/usr/share/texlive/texmf-dist/tex/latex/amsfonts/umsb.fd
File: umsb.fd 2013/01/14 v3.01 AMS symbols B
) [1{/var/lib/texmf/fonts/map/pdftex/updmap/pdftex.map}]
Overfull \hbox (11.73795pt too wide) in paragraph at lines 72--85
\OT1/cmr/m/n/10 Sediment grains trans-port through gravel bed rivers in cy-cles
 of mo-tion and rest. When 
 []


Overfull \hbox (13.23792pt too wide) in paragraph at lines 72--85
\OT1/cmr/m/n/10 grains rest on the sur-face, ma-te-rial trans-ported from up-st
ream can bury them. The sur- 
 []


Overfull \hbox (8.59904pt too wide) in paragraph at lines 72--85
\OT1/cmr/m/n/10 face shields buried grains from the flow, so they can be im-mo-
bile for long time pe-ri-ods. 
 []


Overfull \hbox (3.59904pt too wide) in paragraph at lines 72--85
\OT1/cmr/m/n/10 These im-mo-bile pe-ri-ods can dom-i-nate sed-i-ment dif-fu-sio
n char-ac-ter-is-tics. Al-though in- 
 []


Overfull \hbox (5.82129pt too wide) in paragraph at lines 72--85
\OT1/cmr/m/n/10 ves-ti-ga-tors have rec-og-nized the im-pact of sed-i-ment buri
al on dif-fu-sion, ex-ist-ing mod-els 
 []


Overfull \hbox (9.71014pt too wide) in paragraph at lines 72--85
\OT1/cmr/m/n/10 do not usu-ally in-cor-po-rate it. In this study, we present th
e first ran-dom walk model in- 
 []


Overfull \hbox (7.12694pt too wide) in paragraph at lines 72--85
\OT1/cmr/m/n/10 cor-po-rat-ing sed-i-ment burial and the du-ra-tion of in-di-vi
d-ual sed-i-ment mo-tions and solve 
 []


Overfull \hbox (9.1546pt too wide) in paragraph at lines 72--85
\OT1/cmr/m/n/10 it an-a-lyt-i-cally. The model pre-dicts three sed-i-ment dif-f
u-sion ranges with dis-tinct scal-ing 
 []


Overfull \hbox (13.79346pt too wide) in paragraph at lines 72--85
\OT1/cmr/m/n/10 times di-vid-ing these ranges to mea-sur-able trans-port pa-ram
-e-ters and de-scribe each range 
 []


LaTeX Font Warning: Font shape `OT1/cmr/m/n' in size <10.5> not available
(Font)              size <10.95> substituted on input line 87.


LaTeX Font Warning: Font shape `OT1/cmr/bx/n' in size <10.5> not available
(Font)              size <10.95> substituted on input line 87.


Overfull \hbox (2.2658pt too wide) in paragraph at lines 89--97
\OT1/cmr/m/n/10 men-tal prob-lems in-clud-ing con-tam-i-nant trans-port (e.g., 
Mack-lin et al.[], 2006), chan-nel 
 []


Overfull \hbox (15.91862pt too wide) in paragraph at lines 89--97
\OT1/cmr/m/n/10 sta-bil-ity (e.g., Has-san & Bradley, 2017), and aquatic habi-t
at restora-tion (e.g., Gaeu-man, 
 []


Overfull \hbox (2.54353pt too wide) in paragraph at lines 89--97
\OT1/cmr/m/n/10 Stew-art, Schmandt, & Pryor, 2017) rely on our abil-ity to pre-
dict this dif-fu-sion, so the 
 []


Overfull \hbox (0.79343pt too wide) in paragraph at lines 89--97
\OT1/cmr/m/n/10 topic has been re-searched in-ten-sively for over 80 years. Dif
-fu-sion is usu-ally quan-ti-fied 
 []


Overfull \hbox (15.40459pt too wide) in paragraph at lines 89--97
\OT1/cmr/m/n/10 by the time de-pen-dence of the po-si-tional vari-ance of the g
roup of trac-ers. With the scal- 
 []


Overfull \hbox (8.93103pt too wide) in paragraph at lines 89--97
\OT1/cmr/m/n/10 ing $\OML/cmm/m/it/10 ^^[[] \OMS/cmsy/m/n/10 / \OML/cmm/m/it/10
 t$\OT1/cmr/m/n/10 , the dif-fu-sion is said to be nor-mal, since this is found
 in the clas-sic prob-lems 
 []


Overfull \hbox (19.66518pt too wide) in paragraph at lines 89--97
\OT1/cmr/m/n/10 dif-fu-sion is said to be anoma-lous (Sokolov, 2012). If $\OML/
cmm/m/it/10 ^^M > \OT1/cmr/m/n/10 1$, it is said to be super-diffusive; 
 []


Overfull \hbox (11.08173pt too wide) in paragraph at lines 89--97
\OT1/cmr/m/n/10 while if $\OML/cmm/m/it/10 ^^M < \OT1/cmr/m/n/10 1$, it is said
 to be sub-diffusive (Met-zler & Klafter, 2000). Hans Al-bert Ein- 
 []


Overfull \hbox (18.86298pt too wide) in paragraph at lines 89--97
\OT1/cmr/m/n/10 stein de-vel-oped the first model of bed-load dif-fu-sion to de
-scribe his com-pre-hen-sive [][][]flume[] 
 []


Overfull \hbox (12.08528pt too wide) in paragraph at lines 89--97
\OT1/cmr/m/n/10 ex-per-i-ments vi-su-ally track-ing painted grains [] (Ein-stei
n, 1937; Et-tema & Mu-tel, 2004). 
 []


Underfull \vbox (badness 10000) has occurred while \output is active []

 [2]
Overfull \hbox (12.86284pt too wide) in paragraph at lines 98--107
[][][][]\OT1/cmr/m/n/10 More[] [][][]re[]-[]cently[], Nikora and cowork-ers [][
][](here[]-[]after[] [][][]``Nikora'')[] [][][]re[]-[]al[]-[]ized[] coarse sed-
 
 []


Overfull \hbox (28.77971pt too wide) in paragraph at lines 98--107
\OT1/cmr/m/n/10 i-ment [][][]trac[]-[]ers[] [] can show ei-ther anoma-lous or n
or-mal dif-fu-sion de-pend-ing on the [][][]length[] 
 []


Overfull \hbox (9.01581pt too wide) in paragraph at lines 98--107
\OT1/cmr/m/n/10 Heald, Gor-ing, & McE-wan, 2001). [][][]From[] [][][]nu[]-[]mer
[]-[]i[]-[]cal[] [][][]sim[]-[]u[]-[]la[]-[]tions[] [][][]and[] [][][]ex[]-[]pe
r[]-[]i[]-[]men[]-[]tal[] [][][]data,[] 
 []


Underfull \vbox (badness 10000) has occurred while \output is active []

 [3]
Overfull \hbox (0.80734pt too wide) in paragraph at lines 108--112
[]\OT1/cmr/m/n/10 ing[] [][][]ranges[], but they do not [][][] [][][]pro[]-[]vi
de[] con-sen-sus on the ex-pected num-ber of ranges or 
 []


Overfull \hbox (7.61307pt too wide) in paragraph at lines 108--112
[]\OT1/cmr/m/n/10 me[]-[]di[]-[]ate[] [][][]range[] (e.g., Ein-stein, 1937; Nak
-a-gawa & Tsu-ji-moto, 1976; Yano, 1969); [][][]mod[]- 
 []


Overfull \hbox (14.54355pt too wide) in paragraph at lines 108--112
[][][]\OT1/cmr/m/n/10 pe[]-[]ri[]-[]ods,[] [][][]sam[]-[]pling[] [][][]only[] [
][][]the[] [][][]global[] [][][]range[] (e.g., D. N. Bradley, 2017; D. N. Bradl
ey, Tucker, 
 []


Overfull \hbox (2.18231pt too wide) in paragraph at lines 108--112
[][][]\OT1/cmr/m/n/10 be[] [][][]iden[]-[]ti[]-[]fied[] [][][]by[] [][][]patch[
]-[]ing[] [][][]to[]-[]gether[] [][][]mul[]-[]ti[]-[]ple[] [][][]datasets[] (e.
g., Zhang, Meer-schaert, & Pack- 
 []


Underfull \vbox (badness 10000) has occurred while \output is active []

 [4]
Overfull \hbox (5.01567pt too wide) in paragraph at lines 129--136
[]\OT1/cmr/m/n/10 In this study, we de-velop the first model of bed-load dif-fu
-sion de-scrib-ing lo-cal, in- 
 []


Overfull \hbox (2.65468pt too wide) in paragraph at lines 129--136
\OT1/cmr/m/n/10 ter-me-di-ate, and global [][][]dif[]-[]fu[]-[]sion[] [][][]ran
ges[] by [][][]in[]-[]cor[]-[]po[]-[]rat[]-[]ing[] [][][]these[] [][][]two[] []
[][]com[]-[]po[]-[]nents[] [][][]into[] 
 []


Overfull \hbox (7.0018pt too wide) in paragraph at lines 129--136
[][][]\OT1/cmr/m/n/10 Ein[]-[]stein's[] [][][]orig[]-[]i[]-[]nal[] [][][]model.
[][] Ein-stein was a gi-ant in river geo-physics and fos-tered an en- 
 []


Overfull \hbox (8.44623pt too wide) in paragraph at lines 129--136
\OT1/cmr/m/n/10 tire paradigm of re-search lever-ag-ing and gen-er-al-iz-ing hi
s stochas-tic meth-ods (e.g., Gor- 
 []


Overfull \hbox (20.90472pt too wide) in paragraph at lines 129--136
\OT1/cmr/m/n/10 don, Carmichael, & Isack-son, 1972; Hubbell & Sayre, 1964; Nak-
a-gawa & Tsu-ji-moto, 1976; 
 []


Overfull \hbox (1.40456pt too wide) in paragraph at lines 129--136
\OT1/cmr/m/n/10 Yang & Sayre, 1971; Yano, 1969). Ein-stein's model can be viewe
d as a spe-cial case of 
 []


Overfull \hbox (6.87682pt too wide) in paragraph at lines 129--136
\OT1/cmr/m/n/10 the con-tin-u-ous time ran-dom walk (CTRW) de-vel-oped by Mon-t
roll and Weiss (1965) in 
 []


Overfull \hbox (18.48787pt too wide) in paragraph at lines 129--136
\OT1/cmr/m/n/10 con-densed mat-ter physics to de-scribe the dif-fu-sion of char
ge car-ri-ers in solids. [] To [][][]in[]- 
 []


Overfull \hbox (11.96014pt too wide) in paragraph at lines 129--136
\OT1/cmr/m/n/10 de-vel-oped by Weiss (1976, 1994) that ex-tends the CTRW of Mon
-troll and Weiss (1965). 
 []


Overfull \hbox (2.1267pt too wide) in paragraph at lines 129--136
\OT1/cmr/m/n/10 Be-low, we de-velop the model in sec-tion 2[] and solve it in s
ec-tion 3[]. Fi-nally, we dis-cuss 
 []


Underfull \vbox (badness 10000) has occurred while \output is active []

 [5]
Overfull \hbox (8.34897pt too wide) in paragraph at lines 140--147
[]\OT1/cmr/m/n/10 Following Ein-stein, we de-scribe bed-load trans-port as a ra
n-dom walk be-tween mo- 
 []


Overfull \hbox (9.57121pt too wide) in paragraph at lines 140--147
\OT1/cmr/m/n/10 bile and im-mo-bile states. How-ever, in con-trast to Ein-stein
, we care-fully dis-tin-guish two 
 []


Overfull \hbox (25.87675pt too wide) in paragraph at lines 140--147
\OT1/cmr/m/n/10 states of im-mo-bil-ity: grains can be im-mo-bile on the sur-fa
ce, which we re-fer to as the ``rest- 
 []


Overfull \hbox (0.54337pt too wide) in paragraph at lines 140--147
\OT1/cmr/m/n/10 ing state'', or grains can be im-mo-bile within the sub-surface
, which we re-fer to as the 
 []


Overfull \hbox (11.0435pt too wide) in paragraph at lines 140--147
\OT1/cmr/m/n/10 ``burial state''. To model bed-load trans-port with both of the
se im-mo-bile states, we con- 
 []


Overfull \hbox (6.1545pt too wide) in paragraph at lines 140--147
\OT1/cmr/m/n/10 struct a three-state ran-dom walk where the states are mo-tion,
 rest, and burial, and we 
 []


Overfull \hbox (4.96011pt too wide) in paragraph at lines 140--147
\OT1/cmr/m/n/10 ment of the gov-ern-ing equa-tions for the three state walk fol
-lows Weiss (1994), and our 
 []


Overfull \hbox (8.37688pt too wide) in paragraph at lines 140--147
\OT1/cmr/m/n/10 in-cor-po-ra-tion of the sed-i-ment burial pro-cess is sim-i-la
r to Schmidt, Sagu^^Ses, and Sokolov 
 []


Overfull \hbox (14.98796pt too wide) in paragraph at lines 140--147
\OT1/cmr/m/n/10 (2007). In our model, times spent mov-ing or rest-ing on the be
d sur-face are ran-dom vari- 
 []


Overfull \hbox (15.25188pt too wide) in paragraph at lines 140--147
\OT1/cmr/m/n/10 ables char-ac-ter-ized by [][][]prob[]-[]a[]-[]bil[]-[]ity[] di
s-tri-bu-tions, and mov-ing grains have a con-stant ve- 
 []


Overfull \hbox (5.24953pt too wide) in paragraph at lines 140--147
\OT1/cmr/m/n/10 loc-ity $\OML/cmm/m/it/10 v$\OT1/cmr/m/n/10 . Within the model,
 we con-sider burial to be a rel-a-tively long last-ing con-di-tion 
 []


Overfull \hbox (26.79344pt too wide) in paragraph at lines 140--147
\OT1/cmr/m/n/10 that has some prob-a-bil-ity to oc-cur when grains rest-ing on 
the sur-face are cov-ered by trans- 
 []


Overfull \hbox (12.43239pt too wide) in paragraph at lines 140--147
\OT1/cmr/m/n/10 ported sed-i-ment. The prob-a-bil-ity of burial per unit time (
burial rate) is con-sid-ered con- 
 []


Overfull \hbox (23.76634pt too wide) in paragraph at lines 149--153
[]\OT1/cmr/m/n/10 Our deriva-tion hinges on the con-cept of a so-journ in the s
tate $\OML/cmm/m/it/10 i$ \OT1/cmr/m/n/10 (Weiss, 1994). When 
 []


Overfull \hbox (9.80101pt too wide) in paragraph at lines 149--153
\OT1/cmr/m/n/10 a grain en-ters a state $\OML/cmm/m/it/10 i$ \OT1/cmr/m/n/10 at
 some time $\OML/cmm/m/it/10 t[]$ \OT1/cmr/m/n/10 and po-si-tion $\OML/cmm/m/it
/10 x[]$\OT1/cmr/m/n/10 , then leaves [][][]the[] state at some 
 []


Overfull \hbox (17.11984pt too wide) in paragraph at lines 149--153
\OT1/cmr/m/n/10 other time $\OML/cmm/m/it/10 t[]$ \OT1/cmr/m/n/10 and po-si-tio
n $\OML/cmm/m/it/10 x[]$\OT1/cmr/m/n/10 , we say that the grain has com-pleted 
a so-journ in the state 
 []


Overfull \hbox (11.41985pt too wide) in paragraph at lines 149--153
\OML/cmm/m/it/10 i$\OT1/cmr/m/n/10 . [][][]We[] [][][]de[]-[]note[] [][][]the j
oint prob-a-bil-ity den-sity for a com-plete so-journ in the state $\OML/cmm/m/
it/10 i$ \OT1/cmr/m/n/10 of time 
 []


Overfull \hbox (18.81491pt too wide) in paragraph at lines 149--153
\OT1/cmr/m/n/10 plete so-journs. If a grain be-gins a so-journ in the state $\O
ML/cmm/m/it/10 i$ \OT1/cmr/m/n/10 at $(\OML/cmm/m/it/10 t[]; x[]\OT1/cmr/m/n/10
 )$ and the so-journ is still 
 []


Overfull \hbox (0.83238pt too wide) in paragraph at lines 149--153
\OT1/cmr/m/n/10 on-go-ing at $(\OML/cmm/m/it/10 x[]; t[]\OT1/cmr/m/n/10 )$, the
 joint prob-a-bil-ity den-sity to find the grain is $\OML/cmm/m/it/10 G[]\OT1/c
mr/m/n/10 (\OML/cmm/m/it/10 x; t\OT1/cmr/m/n/10 )$. We re-fer 
 []


Overfull \hbox (4.38976pt too wide) in paragraph at lines 149--153
\OT1/cmr/m/n/10 to $\OML/cmm/m/it/10 g[]$ \OT1/cmr/m/n/10 and $\OML/cmm/m/it/10
 G[]$ \OT1/cmr/m/n/10 as the com-plete and in-com-plete prop-a-ga-tors, since t
hey move prob-a-bil-ity 
 []


Overfull \hbox (26.4046pt too wide) in paragraph at lines 149--153
\OT1/cmr/m/n/10 through space-time and are as-so-ci-ated re-spec-tively with co
m-plete and in-com-plete so-journs.  
 []


Underfull \vbox (badness 10000) has occurred while \output is active []

 [6]
Overfull \hbox (5.5607pt too wide) in paragraph at lines 154--160
[]\OT1/cmr/m/n/10 Our tar-get is the prob-a-bil-ity dis-tri-bu-tion $\OML/cmm/m
/it/10 p\OT1/cmr/m/n/10 (\OML/cmm/m/it/10 x; t\OT1/cmr/m/n/10 )$ to find a grai
n at $\OML/cmm/m/it/10 x; t$ \OT1/cmr/m/n/10 if we know 
 []


Overfull \hbox (0.6927pt too wide) in paragraph at lines 154--160
\OML/cmm/m/it/10 ^^N\OT1/cmr/m/n/10 (\OML/cmm/m/it/10 x\OT1/cmr/m/n/10 )$. We d
e-note the ini-tial prob-a-bil-i-ties to be at rest or in mo-tion as $\OML/cmm/
m/it/10 ^^R[]$ \OT1/cmr/m/n/10 and $\OML/cmm/m/it/10 ^^R[]$\OT1/cmr/m/n/10 . No
r- 
 []


Overfull \hbox (13.94632pt too wide) in paragraph at lines 154--160
\OT1/cmr/m/n/10 duce and solve for a set of joint prob-a-bil-i-ties [][][]de[]-
[]scrib[]-[]ing[] tran-si-tions of a grain from one 
 []


Overfull \hbox (23.07123pt too wide) in paragraph at lines 154--160
\OT1/cmr/m/n/10 state to an-other. Sec-ond, we use these quan-ti-ties to solve 
for the prob-a-bil-i-ties that a grain 
 []


Overfull \hbox (20.37048pt too wide) in paragraph at lines 154--160
\OT1/cmr/m/n/10 is in state $\OML/cmm/m/it/10 i$ \OT1/cmr/m/n/10 hav-ing po-si-
tion $\OML/cmm/m/it/10 x$ \OT1/cmr/m/n/10 at time $\OML/cmm/m/it/10 t$\OT1/cmr/
m/n/10 . Af-ter-ward, we sum these lat-ter dis-tri-bu-tions over 
 []


Overfull \hbox (5.39061pt too wide) in paragraph at lines 162--171
[]\OT1/cmr/m/n/10 Now we be-gin the first stage of the deriva-tion. Grains at r
est may be trapped by 
 []


Overfull \hbox (2.21017pt too wide) in paragraph at lines 162--171
\OT1/cmr/m/n/10 burial. For sim-plic-ity, we model burial as long last-ing enou
gh to be ef-fec-tively per-ma- 
 []


Overfull \hbox (19.05736pt too wide) in paragraph at lines 162--171
\OT1/cmr/m/n/10 nent (e.g., Wu, Foufoula-Georgiou, et al.[], 2019), and we as-s
ume grains rest-ing on the sur- 
 []


Overfull \hbox (3.44385pt too wide) in paragraph at lines 162--171
\OT1/cmr/m/n/10 face can be buried with con-stant rate $\OML/cmm/m/it/10 ^^T$\O
T1/cmr/m/n/10 . Equiv-a-lently, we could say the mean time re- 
 []


Overfull \hbox (9.83286pt too wide) in paragraph at lines 162--171
\OT1/cmr/m/n/10 quired for a rest-ing grain to be-come buried is $1\OML/cmm/m/i
t/10 =^^T$\OT1/cmr/m/n/10 . From this as-sump-tion, the prob-a-bil- 
 []


Overfull \hbox (8.24695pt too wide) in paragraph at lines 162--171
\OT1/cmr/m/n/10 ity that a grain is not trapped af-ter a time $\OML/cmm/m/it/10
 t$ \OT1/cmr/m/n/10 at rest obeys a sur-vival func-tion: $^^H[](\OML/cmm/m/it/1
0 t\OT1/cmr/m/n/10 ) = 
 []


Overfull \hbox (16.49954pt too wide) in paragraph at lines 162--171
\OML/cmm/m/it/10 e[]$ \OT1/cmr/m/n/10 ($\OML/cmm/m/it/10 F$ \OT1/cmr/m/n/10 is 
for ``free''). Like-wise, the prob-a-bil-ity that it is trapped af-ter rest-ing
 for a time 
 []


Overfull \hbox (12.56398pt too wide) in paragraph at lines 162--171
\OML/cmm/m/it/10 ![]\OT1/cmr/m/n/10 (\OML/cmm/m/it/10 x; t\OT1/cmr/m/n/10 )$, a
nd $\OML/cmm/m/it/10 ![]\OT1/cmr/m/n/10 (\OML/cmm/m/it/10 x; t\OT1/cmr/m/n/10 )
$ as the joint prob-a-bil-i-ties to find a grain at $(\OML/cmm/m/it/10 x; t\OT1
/cmr/m/n/10 )$ hav-ing just com- 
 []


Overfull \hbox (16.16495pt too wide) in paragraph at lines 162--171
\OT1/cmr/m/n/10 pleted a so-journ. The sub-script $[]$ de-notes the com-ple-tio
n of a rest so-journ due to trap- 
 []


Overfull \hbox (5.14072pt too wide) in paragraph at lines 162--171
\OT1/cmr/m/n/10 ping by burial, while $1\OML/cmm/m/it/10 F$ \OT1/cmr/m/n/10 de-
notes the com-ple-tion of a rest so-journ due to mo-tion. Sim- 
 []


Overfull \hbox (18.2935pt too wide) in paragraph at lines 162--171
\OT1/cmr/m/n/10 i-larly, the sub-script $2$ de-notes the com-ple-tion of a mo-t
ion so-journ due to rest-ing. We link 
 []


Overfull \hbox (21.11623pt too wide) in paragraph at lines 175--180
\OT1/cmr/m/n/10 The first equa-tion can be un-der-stood as fol-lows: $\OML/cmm/
m/it/10 ![]\OT1/cmr/m/n/10 (\OML/cmm/m/it/10 x; t\OT1/cmr/m/n/10 )$ de-scribes 
the prob-a-bil-ity [][][]den[]- 
 []


Overfull \hbox (4.842pt too wide) in paragraph at lines 175--180
[]\OT1/cmr/m/n/10 sity[] that a so-journ in the state $1$ ends due to trap-ping
 at $(\OML/cmm/m/it/10 x; t\OT1/cmr/m/n/10 )$. This quan-tity has two 
 []


Overfull \hbox (8.7657pt too wide) in paragraph at lines 175--180
\OT1/cmr/m/n/10 con-tri-bu-tions. The first con-tri-bu-tion rep-re-sents the po
s-si-bil-ity that the grain started at 
 []


Overfull \hbox (14.475pt too wide) in paragraph at lines 175--180
\OT1/cmr/m/n/10 bil-ity $^^H[](\OML/cmm/m/it/10 t\OT1/cmr/m/n/10 )$), and is no
w at $(\OML/cmm/m/it/10 x; t\OT1/cmr/m/n/10 )$. The sec-ond con-tri-bu-tion de-
scribes the pos-si-bil-ity that 
 []


Overfull \hbox (23.2864pt too wide) in paragraph at lines 175--180
\OT1/cmr/m/n/10 the grain was in a mo-tion so-journ which ended at $(\OML/cmm/m
/it/10 x[]; t[]\OT1/cmr/m/n/10 )$ when it came to rest. From here, 
 []


Overfull \hbox (21.64873pt too wide) in paragraph at lines 175--180
\OT1/cmr/m/n/10 and was trapped dur-ing this so-journ (with prob-a-bil-ity $^^H
[](\OML/cmm/m/it/10 t \OMS/cmsy/m/n/10 ^^@ \OML/cmm/m/it/10 t[]\OT1/cmr/m/n/10 
)$). The rea-son-ing is closely 
 []


Overfull \hbox (0.2379pt too wide) in paragraph at lines 175--180
\OT1/cmr/m/n/10 anal-o-gous for equa-tions (2[]) and (3[]). Once the prop-a-ga-
tors are spec-i-fied, we can solve 
 []

[7]
Overfull \hbox (11.71013pt too wide) in paragraph at lines 182--183
[]\OT1/cmr/m/n/10 The sec-ond stage of our deriva-tion in-volves the joint prob
-a-bil-i-ties of be-ing in state 
 []


Overfull \hbox (24.16492pt too wide) in paragraph at lines 182--183
\OT1/cmr/m/n/10 re-gard-less of whether a so-journ has just com-pleted. We de-n
ote these by $\OML/cmm/m/it/10 p[]\OT1/cmr/m/n/10 (\OML/cmm/m/it/10 x; t\OT1/cm
r/m/n/10 )$ (trapped), 
 []


Overfull \hbox (26.55733pt too wide) in paragraph at lines 187--193
\OT1/cmr/m/n/10 Equation (4[]) says that grains buried at any $(\OML/cmm/m/it/1
0 x; t\OT1/cmr/m/n/10 )$ were trapped at $\OML/cmm/m/it/10 x$ \OT1/cmr/m/n/10 f
rom any ear-lier times. 
 []


Overfull \hbox (12.54338pt too wide) in paragraph at lines 187--193
\OT1/cmr/m/n/10 The rea-son-ing in (5[]-6[]) is the same as for (1[]-3[]) ex-ce
pt we use the prop-a-ga-tors for in-com- 
 []


Overfull \hbox (13.76567pt too wide) in paragraph at lines 187--193
\OT1/cmr/m/n/10 plete so-journs. Equa-tions (4[]-6[]) can be solved once the pr
op-a-ga-tors are spec-i-fied and the 
 []


Overfull \hbox (6.0435pt too wide) in paragraph at lines 187--193
\OML/cmm/m/it/10 !$\OT1/cmr/m/n/10 's are de-rived from (1[]-3[]). Fi-nally, we
 form the to-tal prob-a-bil-ity den-sity for a grain to 
 []


Overfull \hbox (10.87685pt too wide) in paragraph at lines 200--206
[][][]\OT1/cmr/m/n/10 works[] (e.g., Fan et al.[], 2016; Wu, Foufoula-Georgiou,
 et al.[], 2019). [][][]We[] [][][]ex[]-[]pect[] [][][]our[] [][][]con[]- 
 []


Overfull \hbox (7.54346pt too wide) in paragraph at lines 200--206
\OT1/cmr/m/n/10 a sin-gle rest. Since grains do not move in the rest so-journ, 
the prob-a-bil-ity den-sity that 
 []


Overfull \hbox (4.33847pt too wide) in paragraph at lines 200--206
\OT1/cmr/m/n/10 a grain is dis-placed by a dis-tance $\OML/cmm/m/it/10 x$ \OT1/
cmr/m/n/10 in the rest so-journ in $\OML/cmm/m/it/10 ^^N\OT1/cmr/m/n/10 (\OML/c
mm/m/it/10 x\OT1/cmr/m/n/10 )$. [][][]This[] [][][]means[] the com- 
 []

[8]
Overfull \hbox (31.5561pt too wide) in paragraph at lines 206--211
\OT1/cmr/m/n/10 Likewise, the in-com-plete prop-a-ga-tor for a rest so-journ is
 $\OML/cmm/m/it/10 G[]\OT1/cmr/m/n/10 (\OML/cmm/m/it/10 x; t\OT1/cmr/m/n/10 ) =
 \OML/cmm/m/it/10 ^^N\OT1/cmr/m/n/10 (\OML/cmm/m/it/10 x\OT1/cmr/m/n/10 )	[](\O
ML/cmm/m/it/10 t\OT1/cmr/m/n/10 ) = \OML/cmm/m/it/10 ^^N\OT1/cmr/m/n/10 (\OML/c
mm/m/it/10 x\OT1/cmr/m/n/10 )\OML/cmm/m/it/10 e[] \OT1/cmr/m/n/10 = 
 []


Overfull \hbox (15.51222pt too wide) in paragraph at lines 206--211
\OML/cmm/m/it/10 g[]\OT1/cmr/m/n/10 (\OML/cmm/m/it/10 x; t\OT1/cmr/m/n/10 )\OML
/cmm/m/it/10 =k[]:$ \OT1/cmr/m/n/10 The mo-tion prop-a-ga-tors are rea-soned si
m-i-larly. We con-sider mo-tions to have 
 []


Overfull \hbox (2.34908pt too wide) in paragraph at lines 206--211
\OT1/cmr/m/n/10 mean du-ra-tion of a sin-gle mo-tion. Since the ve-loc-ity of m
o-tions is con-stant, the prob- 
 []


LaTeX Warning: Reference `sec:appendixA' on page 0 undefined on input line 216.



LaTeX Warning: Reference `sec:appendixB' on page 0 undefined on input line 216.



Overfull \hbox (14.41846pt too wide) in paragraph at lines 214--218
[]\OT1/cmr/m/n/10 Having de-fined the prop-a-ga-tors (8[]-9[]), we set out to s
olve (1[]-6[]) [][][]to[] un-der-stand the 
 []

[9]
<./figures/pdf-plot.png, id=53, 385.9218pt x 164.5347pt>
File: ./figures/pdf-plot.png Graphic file (type png)
<use ./figures/pdf-plot.png>
Package pdftex.def Info: ./figures/pdf-plot.png  used on input line 226.
(pdftex.def)             Requested size: 397.48499pt x 169.4701pt.

Underfull \hbox (badness 10000) in paragraph at lines 229--229
[]\OT1/cmr/bx/n/9 Figure  1. \OT1/cmr/m/n/9 Joint dis-tri-bu-tions for a grain 
to be at po-si-tion $\OML/cmm/m/it/9 x$ \OT1/cmr/m/n/9 at time $\OML/cmm/m/it/9
 t$ \OT1/cmr/m/n/9 are dis-played for the
 []


Underfull \hbox (badness 10000) in paragraph at lines 229--229
\OT1/cmr/m/n/9 solid lines are the an-a-lyt-i-cal dis-tri-bu-tion in equa-tion 
(10[]), while the points are sim-u-la-tion re-sults
 []


Underfull \hbox (badness 10000) in paragraph at lines 229--229
\OT1/cmr/m/n/9 to show math-e-mat-i-cal cor-rect-ness. Col-ors per-tain to dif-
fer-ent times. Units are un-spec-i-fied, since
 []


Underfull \hbox (badness 2229) in paragraph at lines 229--229
\OT1/cmr/m/n/9 our aim is to demon-strate the gen-eral char-ac-ter-is-tics of $
\OML/cmm/m/it/9 p\OT1/cmr/m/n/9 (\OML/cmm/m/it/9 x; t\OT1/cmr/m/n/9 )$. Panel (
a) shows the case $\OML/cmm/m/it/9 ^^T \OT1/cmr/m/n/9 = 0$
 []


Underfull \hbox (badness 10000) in paragraph at lines 229--229
\OT1/cmr/m/n/9 -- the ab-sence of burial. In this case, the joint dis-tri-bu-ti
on tends to-ward Gaus-sian at large times
 []


Underfull \hbox (badness 10000) in paragraph at lines 229--229
\OT1/cmr/m/n/9 to be-come buried while rest-ing. Be-cause of burial, the joint 
dis-tri-bu-tion tends to-ward a more
 []


Underfull \hbox (badness 10000) in paragraph at lines 229--229
\OT1/cmr/m/n/9 uni-form dis-tri-bu-tion than Gaus-sian. This shows a re-dis-tri
-bu-tion of prob-a-bil-ity to smaller val-ues
 []


Underfull \hbox (badness 10000) in paragraph at lines 229--229
\OT1/cmr/m/n/9 of $\OML/cmm/m/it/9 x$ \OT1/cmr/m/n/9 due to the burial pro-cess
 (cf., Wu, Foufoula-Georgiou, et al.[], 2019). The re-dis-tri-bu-tion is
 []


Underfull \hbox (badness 10000) in paragraph at lines 229--229
\OT1/cmr/m/n/9 en-coded math-e-mat-i-cally by the Mar-cum Q-function terms in e
qua-tion (10[]). A sim-i-lar ten-dency is
 []


Overfull \hbox (9.82524pt too wide) in paragraph at lines 222--232
$\OMS/cmsy/m/n/10 H$ \OT1/cmr/m/n/10 is the Heav-i-side step func-tion and we u
se the con-ven-tion $\OMS/cmsy/m/n/10 H\OT1/cmr/m/n/10 (0) = 1$. The $\OMS/cmsy
/m/n/10 I[]$ \OT1/cmr/m/n/10 are mod- 
 []


Overfull \hbox (7.13911pt too wide) in paragraph at lines 222--232
\OT1/cmr/m/n/10 i-fied Bessel func-tions of the first kind, and the $\OMS/cmsy/
m/n/10 P[]$ \OT1/cmr/m/n/10 are gen-er-al-ized Mar-cum Q-functions 
 []


Overfull \hbox (3.46017pt too wide) in paragraph at lines 222--232
\OT1/cmr/m/n/10 Bessel func-tions are com-mon in one-dimensional dif-fu-sion pr
ob-lems (e.g., Daly & Por- 
 []


Overfull \hbox (3.61298pt too wide) in paragraph at lines 222--232
\OT1/cmr/m/n/10 po-rato, 2010; Gid-dings & Eyring, 1955), and they have long be
en used to char-ac-ter-ize 
 []


Overfull \hbox (11.37685pt too wide) in paragraph at lines 222--232
\OT1/cmr/m/n/10 the dis-tri-bu-tion of bed-load trac-ers mov-ing or rest-ing on
 the sur-face (e.g., N. D. Bradley 
 []


Overfull \hbox (13.75189pt too wide) in paragraph at lines 233--241
\OT1/cmr/m/n/10 ing ex-po-nen-tials[][][]and[] [][][]were orig-i-nally de-vised
 in re-la-tion to radar de-tec-tion the-ory (Mar- 
 []


Overfull \hbox (23.68243pt too wide) in paragraph at lines 233--241
\OT1/cmr/m/n/10 cum, 1960). Con-cep-tu-ally, the Q-functions emerge in our con-
text from the sed-i-ment burial 
 []


Overfull \hbox (10.48787pt too wide) in paragraph at lines 233--241
\OT1/cmr/m/n/10 pro-cess. Ac-cord-ing to our as-sump-tions, rest-ing grains can
 be-come buried in some in-ter- 
 []


Overfull \hbox (6.68248pt too wide) in paragraph at lines 233--241
\OT1/cmr/m/n/10 val of time with an ex-po-nen-tial prob-a-bil-ity. Mean-while, 
the prob-a-bil-ity that grains are 
 []


Overfull \hbox (9.6685pt too wide) in paragraph at lines 233--241
\OT1/cmr/m/n/10 rest-ing [][][]on[] [][][]the[] [][][]sur[]-[]face[] fol-lows a
 mod-i-fied Bessel dis-tri-bu-tion (e.g., Ein-stein, 1937; Lisle 
 []


Overfull \hbox (1.68234pt too wide) in paragraph at lines 233--241
\OT1/cmr/m/n/10 et al.[], 1998). As a re-sult, the prob-a-bil-ity that sed-i-me
nt is rest-ing and be-comes buried 
 []


Overfull \hbox (7.48792pt too wide) in paragraph at lines 233--241
\OT1/cmr/m/n/10 in-volves the con-vo-lu-tion struc-ture of the Mar-cum Q-functi
ons. Con-sis-tent with this in- 
 []


Overfull \hbox (8.59906pt too wide) in paragraph at lines 233--241
\OT1/cmr/m/n/10 ter-pre-ta-tion, terms in-volv-ing these con-vo-lu-tions van-is
h when the burial rate is taken to 
 []


Overfull \hbox (9.54353pt too wide) in paragraph at lines 233--241
\OT1/cmr/m/n/10 by a di-rect method based on eval-u-at-ing the cu-mu-la-tive tr
an-si-tion prob-a-bil-i-ties be-tween 
 []


Overfull \hbox (1.09898pt too wide) in paragraph at lines 233--241
[]\OT1/cmr/m/n/10 ness[] [][][]of[] [][][]our[] [][][]deriva[]-[]tions[]. A lin
k to the sim-u-la-tion code, which in-cludes de-scrip-tive com- 
 []


Overfull \hbox (29.57132pt too wide) in paragraph at lines 233--241
\OT1/cmr/m/n/10 ments, is avail-able in the ac-knowl-edg-ments. The new fea-tur
e of our bed-load dif-fu-sion model 
 []


Overfull \hbox (7.9566pt too wide) in paragraph at lines 233--241
\OT1/cmr/m/n/10 ex-hib-ited by the joint dis-tri-bu-tion $\OML/cmm/m/it/10 p\OT
1/cmr/m/n/10 (\OML/cmm/m/it/10 x; t\OT1/cmr/m/n/10 )$ and missed by most ear-li
er mod-els is the ten- 
 []


Overfull \hbox (29.01569pt too wide) in paragraph at lines 233--241
\OT1/cmr/m/n/10 dency of the tracer dis-tri-bu-tion to be-come uni-form as time
 in-creases. This pat-tern is shown 
 []


Overfull \hbox (28.54353pt too wide) in paragraph at lines 233--241
\OT1/cmr/m/n/10 in field tracer stud-ies of bed-load trans-port (e.g., Fer-gu-s
on & Hoey, 2002; Has-san & Church, 
 []


Overfull \hbox (6.0158pt too wide) in paragraph at lines 233--241
\OT1/cmr/m/n/10 1994), but has not been ad-dressed in many bed-load dif-fu-sion
 mod-els. When the burial 
 []


Overfull \hbox (7.14067pt too wide) in paragraph at lines 233--241
\OT1/cmr/m/n/10 pro-cess is turned off, as in panel (a) of fig-ure 1[], the dis
-tri-bu-tion be-comes Gaussian-like 
 []


Overfull \hbox (5.76581pt too wide) in paragraph at lines 233--241
\OT1/cmr/m/n/10 at rel-a-tively large ob-ser-va-tion times, ex-em-pli-fy-ing no
r-mal dif-fu-sion; while the dis-tri-bu- 
 []


Overfull \hbox (4.26572pt too wide) in paragraph at lines 233--241
\OT1/cmr/m/n/10 tion im-pacted by sed-i-ment burial, as in panel (b) of fig-ure
 1[] be-comes uniform-like, ex- 
 []


Overfull \hbox (1.48802pt too wide) in paragraph at lines 233--241
\OT1/cmr/m/n/10 em-pli-fy-ing no dif-fu-sion at all and cor-re-spond-ing to the
 even-tual burial of all sed-i-ment 
 []

[10]
Underfull \vbox (badness 2495) has occurred while \output is active []

 [11 <./figures/pdf-plot.png>]

LaTeX Warning: Reference `sec:appendixB' on page 0 undefined on input line 244.



Overfull \hbox (0.80727pt too wide) in paragraph at lines 243--245
[]\OT1/cmr/m/n/10 To take a closer look at the bed-load dif-fu-sion, [][][]we[]
 [][][]de[]-[]rive[] [][][]the[] first two mo-ments 
 []


Underfull \hbox (badness 10000) in paragraph at lines 257--257
[]\OT1/cmr/bx/n/9 Table 1. \OT1/cmr/m/n/9 Poly-no-mi-als and tran-scen-den-tal 
func-tions used in the ex-pres-sions of the mean (11[]),
 []


Overfull \hbox (2.74272pt too wide) in paragraph at lines 252--277
\OT1/cmr/m/n/10 The $\OML/cmm/m/it/10 A$\OT1/cmr/m/n/10 , $\OML/cmm/m/it/10 B$\
OT1/cmr/m/n/10 , and $\OML/cmm/m/it/10 C$ \OT1/cmr/m/n/10 are tran-scen-den-tal
 func-tions also avail-able in ta-ble 1[]. This equa-tion 
 []


Overfull \hbox (5.97409pt too wide) in paragraph at lines 252--277
\OT1/cmr/m/n/10 rep-re-sents [][][]the[] [][][]dif[]-[]fu[]-[]sion[] [][][]of[]
 [][][]a[] [][][]group[] [][][]of[] [][][]bed[]-[]load[] [][][]trac[]-[]ers[] [
][][]trans[]-[]port[]-[]ing[] [][][]down[]-[]stream[] [][][]through[] 
 []


LaTeX Warning: `!h' float specifier changed to `!ht'.

<./figures/diffusion.png, id=64, 378.6948pt x 228.855pt>
File: ./figures/diffusion.png Graphic file (type png)
<use ./figures/diffusion.png>
Package pdftex.def Info: ./figures/diffusion.png  used on input line 288.
(pdftex.def)             Requested size: 397.48499pt x 240.21404pt.

Underfull \hbox (badness 10000) in paragraph at lines 289--289
\OT1/cmr/m/n/9 and $\OML/cmm/m/it/9 v \OT1/cmr/m/n/9 = 0\OML/cmm/m/it/9 :\OT1/c
mr/m/n/9 1$m/s. These val-ues are com-pa-ra-ble to lab-o-ra-tory flume ex-per-i
-ments trans-port-ing
 []


Underfull \hbox (badness 2221) in paragraph at lines 289--289
\OT1/cmr/m/n/9 small ($\OMS/cmsy/m/n/9 ^^X \OT1/cmr/m/n/9 5$mm) grav-els (cf., 
La-je-unesse et al.[], 2010; Mar-tin et al.[], 2012). The timescale of burial
 []


Underfull \hbox (badness 10000) in paragraph at lines 289--289
\OT1/cmr/m/n/9 there are four dis-tinct scal-ing ranges of $\OML/cmm/m/it/9 ^^[
[]$\OT1/cmr/m/n/9 : lo-cal, in-ter-me-di-ate, global, and ge-o-mor-phic. Within

 []


Underfull \hbox (badness 10000) in paragraph at lines 289--289
\OT1/cmr/m/n/9 be-tween these ranges, de-noted on the fig-ure by ver-ti-cal lin
es. Crossover times $\OML/cmm/m/it/9 T[]$\OT1/cmr/m/n/9 , $\OML/cmm/m/it/9 T[]$
\OT1/cmr/m/n/9 , and $\OML/cmm/m/it/9 T[]$ \OT1/cmr/m/n/9 are
 []


Underfull \hbox (badness 10000) in paragraph at lines 289--289
\OT1/cmr/m/n/9 in-di-cated at the bot-tom of the plot. They are given in equa-t
ions (14[]-16[]) in terms of the model's
 []


Overfull \hbox (9.60797pt too wide) in paragraph at lines 278--292
[]\OT1/cmr/m/n/10 The po-si-tional vari-ance is plot-ted in fig-ure 2[] for con
-di-tions $\OML/cmm/m/it/10 ^^R[] \OT1/cmr/m/n/10 = 1$ and $\OML/cmm/m/it/10 k[
] \OMS/cmsy/m/n/10 ^^] \OML/cmm/m/it/10 k[] \OMS/cmsy/m/n/10 ^^] 
 []


Overfull \hbox (3.3883pt too wide) in paragraph at lines 278--292
\OML/cmm/m/it/10 ^^T$\OT1/cmr/m/n/10 . We in-ter-pret ``$\OMS/cmsy/m/n/10 ^^]$\
OT1/cmr/m/n/10 '' to mean ``of at least an or-der of mag-ni-tude greater''. The
se con- 
 []


Overfull \hbox (19.50192pt too wide) in paragraph at lines 278--292
\OT1/cmr/m/n/10 di-tions mean that all grains are ini-tially at rest (cf., Wu, 
Foufoula-Georgiou, et al.[], 2019), 
 []


Overfull \hbox (15.73796pt too wide) in paragraph at lines 278--292
\OT1/cmr/m/n/10 mo-tion in-ter-vals are typ-i-cally much shorter than rests (cf
., Ein-stein, 1937), and sed-i-ment 
 []


Overfull \hbox (1.3489pt too wide) in paragraph at lines 278--292
\OT1/cmr/m/n/10 burial re-quires a much longer time than typ-i-cal rests. We co
n-cen-trate on these con-di- 
 []


Overfull \hbox (0.90459pt too wide) in paragraph at lines 278--292
\OT1/cmr/m/n/10 tions in this pa-per as they are most rel-e-vant to bed-load di
f-fu-sion in gravel-bed rivers, 
 []


Overfull \hbox (1.69624pt too wide) in paragraph at lines 278--292
\OT1/cmr/m/n/10 where [][][]sed[]-[]i[]-[]ment[] [][][]trans[]-[]port[] [][][]i
s[] [][][]typ[]-[]i[]-[]cally[] [][][]rar[]-[]efied[] and the burial of sed-i-m
ent is rel-a-tively 
 []


Overfull \hbox (12.73788pt too wide) in paragraph at lines 278--292
\OT1/cmr/m/n/10 slow com-pared to sur-face rest-ing times (e.g., Fer-gu-son & H
oey, 2002; Has-san & Church, 
 []


Overfull \hbox (10.73792pt too wide) in paragraph at lines 278--292
\OT1/cmr/m/n/10 1994). Fig-ure 2[] demon-strates that un-der these con-di-tions
 the vari-ance (13[]) shows three 
 []


Overfull \hbox (0.42328pt too wide) in paragraph at lines 278--292
\OT1/cmr/m/n/10 ranges of bed-load dif-fu-sion each hav-ing ap-prox-i-mate powe
r law scal-ing ($\OML/cmm/m/it/10 ^^[[] \OMS/cmsy/m/n/10 / \OML/cmm/m/it/10 t[]
$\OT1/cmr/m/n/10 ), fol- 
 []


Overfull \hbox (23.56993pt too wide) in paragraph at lines 278--292
\OT1/cmr/m/n/10 lowed by a fourth range with no dif-fu-sion ($\OML/cmm/m/it/10 
^^[[] \OT1/cmr/m/n/10 = []$). We as-so-ciate the first three ranges 
 []


Overfull \hbox (5.07133pt too wide) in paragraph at lines 278--292
\OT1/cmr/m/n/10 with the lo-cal, in-ter-me-di-ate, and global ranges pro-posed 
by Nikora et al.[] (2002, 2001), 
 []


Overfull \hbox (16.00188pt too wide) in paragraph at lines 278--292
\OT1/cmr/m/n/10 and iden-tify the fourth range as re-sult-ing from the even-tua
l burial of all sed-i-ment [][][]trac[]- 
 []


Overfull \hbox (9.01567pt too wide) in paragraph at lines 278--292
[]\OT1/cmr/m/n/10 ers[]. We sug-gest to call the fourth range ge-o-mor-phic, si
nce any fur-ther trans-port in this 
 []


Overfull \hbox (7.62682pt too wide) in paragraph at lines 278--292
\OT1/cmr/m/n/10 range can oc-cur only if scour ex-poses buried grains to the fl
ow (cf., Mar-tin, Puro-hit, & 
 []


Overfull \hbox (9.09912pt too wide) in paragraph at lines 278--292
\OT1/cmr/m/n/10 Jerol-mack, 2014; Nak-a-gawa & Tsu-ji-moto, 1980; Voe-pel, Schu
mer, & Has-san, 2013; Wu, 
 []


Overfull \hbox (4.43219pt too wide) in paragraph at lines 278--292
\OT1/cmr/m/n/10 and $\OML/cmm/m/it/10 ^^R[] \OT1/cmr/m/n/10 = 1$, the vari-ance
 in equa-tion (13[]) ex-presses [][][]three[] scal-ing ranges: lo-cal, in-ter- 

 []

[12]
Overfull \hbox (11.511pt too wide) in paragraph at lines 298--307
\OT1/cmr/m/n/10 These are the char-ac-ter-is-tic ve-loc-ity $\OML/cmm/m/it/10 v
$ \OT1/cmr/m/n/10 of mov-ing sed-i-ment and three []timescales: $1\OML/cmm/m/it
/10 =k[]$\OT1/cmr/m/n/10 , 
 []


Overfull \hbox (0.21936pt too wide) in paragraph at lines 298--307
\OT1/cmr/m/n/10 1\OML/cmm/m/it/10 =k[]$\OT1/cmr/m/n/10 , and $1\OML/cmm/m/it/10
 =^^T$\OT1/cmr/m/n/10 . The timescales rep-re-sent the mean du-ra-tions of mo-t
ion, rest, and rest 
 []


Overfull \hbox (5.10956pt too wide) in paragraph at lines 298--307
\OT1/cmr/m/n/10 ac-ter-ize the dif-fu-sion in each scal-ing range. The ex-po-ne
nts $\OML/cmm/m/it/10 ^^M$ \OT1/cmr/m/n/10 in each range re-sult from 
 []


Overfull \hbox (3.62671pt too wide) in paragraph at lines 298--307
\OT1/cmr/m/n/10 com-pe-ti-tion be-tween dif-fer-ent terms in equa-tion (13[]). 
Be-tween these ranges, there are 
 []


Overfull \hbox (3.79324pt too wide) in paragraph at lines 298--307
\OT1/cmr/m/n/10 crossover re-gions where the scal-ing is not a sim-ple power la
w. Be-cause these crossover 
 []


Overfull \hbox (25.90453pt too wide) in paragraph at lines 298--307
\OT1/cmr/m/n/10 re-gions are rel-a-tively nar-row, we can ap-prox-i-mately char
-ac-ter-ize them with crossover times 
 []


Overfull \hbox (13.32108pt too wide) in paragraph at lines 298--307
\OT1/cmr/m/n/10 these crossover times as ver-ti-cal lines. To un-der-stand the 
scale de-pen-dence ex-pressed by 
 []


Overfull \hbox (24.88742pt too wide) in paragraph at lines 298--307
\OT1/cmr/m/n/10 the bed-load vari-ance in equa-tion (13[]), we need to de-ter-m
ine the ex-po-nents $\OML/cmm/m/it/10 ^^M$ \OT1/cmr/m/n/10 of each range 
 []


Overfull \hbox (13.4027pt too wide) in paragraph at lines 298--307
\OT1/cmr/m/n/10 and re-late the crossover times $\OML/cmm/m/it/10 T[]$\OT1/cmr/
m/n/10 , $\OML/cmm/m/it/10 T[]$\OT1/cmr/m/n/10 , and $\OML/cmm/m/it/10 T[]$ \OT
1/cmr/m/n/10 be-tween dif-fu-sion ranges to the model pa- 
 []


Underfull \vbox (badness 10000) has occurred while \output is active []

 [13]
[14 <./figures/diffusion.png>]

LaTeX Warning: Reference `sec:appendixC' on page 0 undefined on input line 311.



Overfull \hbox (20.94298pt too wide) in paragraph at lines 309--323
[]\OT1/cmr/m/n/10 We de-ter-mine the dif-fu-sion ex-po-nents $\OML/cmm/m/it/10 
^^M$ \OT1/cmr/m/n/10 in the lo-cal, in-ter-me-di-ate, and global ranges 
 []


Overfull \hbox (14.09908pt too wide) in paragraph at lines 309--323
[]$\OT1/cmr/m/n/10 . Limit (1) cor-re-sponds to times so short a neg-li-gi-ble 
amount of sed-i-ment burial 
 []


Overfull \hbox (6.23792pt too wide) in paragraph at lines 309--323
\OT1/cmr/m/n/10 has oc-curred, while limit (2) cor-re-sponds to times so long a
 mo-tion in-ter-val ap-pears as 
 []


Overfull \hbox (17.41374pt too wide) in paragraph at lines 309--323
\OT1/cmr/m/n/10 an in-stan-ta-neous step hav-ing mean step length $\OML/cmm/m/i
t/10 l \OT1/cmr/m/n/10 = \OML/cmm/m/it/10 vk[]$\OT1/cmr/m/n/10 . We eval-u-ate 
these lim-its in [][][]the[] 
 []


Overfull \hbox (6.73808pt too wide) in paragraph at lines 309--323
[][][]\OT1/cmr/m/n/10 sup[]-[]ple[]-[]men[]-[]tary[] [][][]in[]-[]for[]-[]ma[]-
[]tion[] [][][]to[] ob-tain the dif-fu-sion ex-po-nents. Lo-cal range dif-fu-si
on has 
 []


Overfull \hbox (0.59491pt too wide) in paragraph at lines 309--323
\OT1/cmr/m/n/10 grains start in a mix-ture of mo-tion and rest states, mean-ing
 nei-ther $\OML/cmm/m/it/10 ^^R[]$ \OT1/cmr/m/n/10 is zero, the lo- 
 []


Overfull \hbox (2.17552pt too wide) in paragraph at lines 309--323
\OT1/cmr/m/n/10 cal ex-po-nent is $\OML/cmm/m/it/10 ^^M \OT1/cmr/m/n/10 = 2$. I
n-ter-me-di-ate range dif-fu-sion al-ways has ex-po-nent $\OML/cmm/m/it/10 ^^M 
\OT1/cmr/m/n/10 = 1$, agree- 
 []


Overfull \hbox (4.73798pt too wide) in paragraph at lines 309--323
\OT1/cmr/m/n/10 ing with clas-sic flume ex-per-i-ments (e.g., Ein-stein, 1937; 
Nak-a-gawa & Tsu-ji-moto, 1976; 
 []


Overfull \hbox (11.47067pt too wide) in paragraph at lines 309--323
\OT1/cmr/m/n/10 Yano, Tsuchiya, & Michiue, 1969). Fi-nally, global range dif-fu
-sion has ex-po-nent $1 \OML/cmm/m/it/10 < ^^M < 
 []


Overfull \hbox (5.11745pt too wide) in paragraph at lines 309--323
\OT1/cmr/m/n/10 3$ de-pend-ing on the ra-tio $\OML/cmm/m/it/10 k[]=^^T$\OT1/cmr
/m/n/10 . In the ex-treme case $\OML/cmm/m/it/10 k[]=^^T \OMS/cmsy/m/n/10 ^^Y \
OT1/cmr/m/n/10 0$, we find nor-mal dif-fu-sion 
 []


Overfull \hbox (10.1499pt too wide) in paragraph at lines 309--323
\OML/cmm/m/it/10 t[]$\OT1/cmr/m/n/10 . For gen-eral ra-tios $\OML/cmm/m/it/10 ^
^T=k[]$\OT1/cmr/m/n/10 , the global ex-po-nent lies be-tween these ex-tremes. F
or ex-am- 
 []


Overfull \hbox (15.43907pt too wide) in paragraph at lines 309--323
\OT1/cmr/m/n/10 mise when the model pa-ram-e-ters sat-isfy $\OML/cmm/m/it/10 k[
] \OMS/cmsy/m/n/10 ^^] \OML/cmm/m/it/10 k[] \OMS/cmsy/m/n/10 ^^] \OML/cmm/m/it/
10 ^^T$\OT1/cmr/m/n/10 , mean-ing all three dif-fu-sion ranges 
 []


Overfull \hbox (7.0991pt too wide) in paragraph at lines 309--323
\OT1/cmr/m/n/10 ex-ist, the vari-ance (13[]) im-plies lo-cal range super-diffus
ion with ex-po-nent de-pend-ing on 
 []


Overfull \hbox (2.56721pt too wide) in paragraph at lines 309--323
\OT1/cmr/m/n/10 the $\OML/cmm/m/it/10 ^^R[]$\OT1/cmr/m/n/10 , in-ter-me-di-ate 
range nor-mal dif-fu-sion with no de-pen-dence on model pa-ram-e-ters, 
 []


Overfull \hbox (16.46956pt too wide) in paragraph at lines 309--323
\OT1/cmr/m/n/10 and global range super-diffusion with ex-po-nent de-pend-ing on
 the ra-tio $\OML/cmm/m/it/10 k[]=^^T$\OT1/cmr/m/n/10 . Fi-nally, the 
 []


Underfull \vbox (badness 10000) has occurred while \output is active []

 [15]
Overfull \hbox (6.18222pt too wide) in paragraph at lines 324--327
[]\OT1/cmr/m/n/10 Each of the three crossover times re-lates to a phys-i-cal pr
o-cess af-fect-ing a pop-u-la- 
 []


Overfull \hbox (9.79347pt too wide) in paragraph at lines 324--327
\OT1/cmr/m/n/10 tion of grains. Ex-change be-tween mo-tion and rest states in-d
uces the lo-cal/intermediate 
 []


Overfull \hbox (1.23785pt too wide) in paragraph at lines 324--327
\OT1/cmr/m/n/10 crossover, the on-set of sed-i-ment burial in-duces the in-ter-
me-di-ate/global crossover, and 
 []


Overfull \hbox (3.68236pt too wide) in paragraph at lines 324--327
\OT1/cmr/m/n/10 the com-ple-tion of sed-i-ment burial in-duces the global/geomo
rphic crossover. Each pro- 
 []


Overfull \hbox (8.29333pt too wide) in paragraph at lines 324--327
\OT1/cmr/m/n/10 cess ad-mits two char-ac-ter-is-tic times, and we for-mu-late t
he crossover times heuris-ti-cally 
 []


Overfull \hbox (1.84436pt too wide) in paragraph at lines 331--343
\OT1/cmr/m/n/10 Figure 2[] de-picts these re-la-tion-ships as dashed ver-ti-cal
 lines. The times $1\OML/cmm/m/it/10 =k[]$ \OT1/cmr/m/n/10 and $1\OML/cmm/m/it/
10 =k[]$ 
 []


Overfull \hbox (16.94153pt too wide) in paragraph at lines 331--343
\OT1/cmr/m/n/10 char-ac-ter-ize ex-changes be-tween mo-tion and rest, while $1\
OML/cmm/m/it/10 =k[]$ \OT1/cmr/m/n/10 and $1\OML/cmm/m/it/10 =^^T$ \OT1/cmr/m/n
/10 char-ac-ter-ize the on- 
 []


Overfull \hbox (15.07133pt too wide) in paragraph at lines 331--343
\OT1/cmr/m/n/10 set of burial orig-i-nat-ing from grains buried in their first 
rest-ing so-journs. Equa-tions (14[]) 
 []


Overfull \hbox (4.62679pt too wide) in paragraph at lines 331--343
\OT1/cmr/m/n/10 and (15[]) mix these paired times. The com-ple-tion of sed-i-me
nt burial and its char-ac-ter- 
 []


Overfull \hbox (10.15454pt too wide) in paragraph at lines 331--343
\OT1/cmr/m/n/10 is-tic timescales orig-i-nate from the last grains to bury. In 
one ex-treme, all grains rest on 
 []


Overfull \hbox (25.4718pt too wide) in paragraph at lines 331--343
\OT1/cmr/m/n/10 the sur-face, mean-ing the last grains bury around $1\OML/cmm/m
/it/10 =^^T$\OT1/cmr/m/n/10 ; while in an-other, a frac-tion of grains 
 []


Overfull \hbox (0.9603pt too wide) in paragraph at lines 331--343
\OT1/cmr/m/n/10 re-mains in mo-tion for a long time evad-ing burial. By anal-og
y to the mobile-immobile 
 []


Overfull \hbox (7.81447pt too wide) in paragraph at lines 331--343
\OT1/cmr/m/n/10 model of An-cey, B^^?ohm, Jodeau, and Frey (2006), we rea-son t
hat a frac-tion $\OML/cmm/m/it/10 k[]=\OT1/cmr/m/n/10 (\OML/cmm/m/it/10 k[] \OT
1/cmr/m/n/10 + \OML/cmm/m/it/10 k[]\OT1/cmr/m/n/10 )$ 
 []


Overfull \hbox (2.82135pt too wide) in paragraph at lines 331--343
\OT1/cmr/m/n/10 of the free pop-u-la-tion will be in mo-tion and evad-ing buria
l at long timescales, and for 
 []


Overfull \hbox (0.10376pt too wide) in paragraph at lines 331--343
\OT1/cmr/m/n/10 this frac-tion we pro-pose an ef-fec-tive trap-ping rate $\OML/
cmm/m/it/10 ^^Tk[]=\OT1/cmr/m/n/10 (\OML/cmm/m/it/10 k[] \OT1/cmr/m/n/10 + \OML
/cmm/m/it/10 k[]\OT1/cmr/m/n/10 )$. Equa-tion (16[]) mixes 
 []


Overfull \hbox (3.6939pt too wide) in paragraph at lines 331--343
\OT1/cmr/m/n/10 the re-cip-ro-cal of this ef-fec-tive rate with $1\OML/cmm/m/it
/10 =^^T$\OT1/cmr/m/n/10 . We tested for-mu-las (14[]-16[]) for many pa- 
 []


Overfull \hbox (11.40446pt too wide) in paragraph at lines 331--343
\OT1/cmr/m/n/10 ram-e-ter choices and con-clude they ad-e-quately rep-re-sent t
he crossover lo-ca-tions be-tween 
 []


Overfull \hbox (8.2379pt too wide) in paragraph at lines 331--343
\OT1/cmr/m/n/10 gion be-tween lo-cal and in-ter-me-di-ate ranges, mean-ing equa
-tion (14[]) loses rep-re-sen-ta-tive 
 []


Overfull \hbox (19.73552pt too wide) in paragraph at lines 331--343
\OT1/cmr/m/n/10 power; while set-ting rel-a-tively very large val-ues of $\OML/
cmm/m/it/10 k[]$ \OT1/cmr/m/n/10 widens the crossover re-gion be-tween 
 []


Overfull \hbox (5.7657pt too wide) in paragraph at lines 331--343
\OT1/cmr/m/n/10 global and ge-o-mor-phic ranges, mean-ing equa-tion (16[]) lose
s rep-re-sen-ta-tive power. Ul-ti- 
 []


Overfull \hbox (1.82112pt too wide) in paragraph at lines 331--343
\OT1/cmr/m/n/10 mately, we em-pha-size the rep-re-sen-ta-tion of fi-nite width 
crossover re-gions by crossover 
 []


Overfull \hbox (3.54338pt too wide) in paragraph at lines 331--343
\OT1/cmr/m/n/10 times is an ide-al-iza-tion, so we pro-pose equa-tions (14[]-16
[]) as heuris-tics. These re-la-tions 
 []


LaTeX Warning: Reference `sec:appendixC' on page 0 undefined on input line 344.



Overfull \hbox (17.00179pt too wide) in paragraph at lines 344--351
[]\OT1/cmr/m/n/10 Our [][][]three[] range bed-load dif-fu-sion model re-duces t
o ear-lier works through the two 
 []


Overfull \hbox (12.12358pt too wide) in paragraph at lines 344--351
\OT1/cmr/m/n/10 sim-pli-fied lim-its pre-vi-ously lever-aged to ex-tract the sc
al-ing ex-po-nents $\OML/cmm/m/it/10 ^^M$ \OT1/cmr/m/n/10 and [][][]de[]-[]scri
bed[] 
 []


Overfull \hbox (16.87683pt too wide) in paragraph at lines 344--351
\OT1/cmr/m/n/10 al.[] (1998) to de-scribe soil trans-port within a sheet flow, 
while limit (2) im-plies the model 
 []


Overfull \hbox (3.33522pt too wide) in paragraph at lines 344--351
\OT1/cmr/m/n/10 de-vel-oped by Wu, Foufoula-Georgiou, et al.[] (2019) to de-scr
ibe bed-load trans-port with 
 []


Overfull \hbox (18.87677pt too wide) in paragraph at lines 344--351
\OT1/cmr/m/n/10 burial. Ei-ther of these cases fur-ther sim-pli-fies to the cla
s-sic re-sults of Ein-stein (1937) and 
 []


Overfull \hbox (25.37694pt too wide) in paragraph at lines 344--351
\OT1/cmr/m/n/10 his early fol-low-ers (e.g., Hubbell & Sayre, 1964; Nak-a-gawa 
& Tsu-ji-moto, 1976; Yano, 1969) 
 []


Overfull \hbox (2.62682pt too wide) in paragraph at lines 344--351
\OT1/cmr/m/n/10 that pre-dict a sin-gle range of nor-mal dif-fu-sion. Lisle et 
al.[] (1998) gen-er-al-ized the Ein- 
 []


Overfull \hbox (11.43246pt too wide) in paragraph at lines 344--351
\OT1/cmr/m/n/10 stein model to in-clude a fi-nite ve-loc-ity and du-ra-tion of 
mo-tion in place of in-stan-ta-neous 
 []


Overfull \hbox (27.09912pt too wide) in paragraph at lines 344--351
\OT1/cmr/m/n/10 steps, and they de-rived two ranges of dif-fu-sion -- super-dif
fusive and nor-mal. Wu, Foufoula- 
 []


Overfull \hbox (14.863pt too wide) in paragraph at lines 344--351
\OT1/cmr/m/n/10 Georgiou, et al.[] (2019) de-vel-oped an ac-tive layer for-mu-l
a-tion of bed-load trans-port where 
 []


Overfull \hbox (1.8212pt too wide) in paragraph at lines 344--351
\OT1/cmr/m/n/10 grains are trans-ferred from the ac-tive layer (sur-face) to th
e sub-strate layer (burial) at 
 []


Overfull \hbox (5.2935pt too wide) in paragraph at lines 344--351
\OT1/cmr/m/n/10 a con-stant rate. They sim-pli-fied the prob-lem by in-ter-pret
-ing mo-tions as in-stan-ta-neous 
 []


Overfull \hbox (11.98798pt too wide) in paragraph at lines 344--351
\OT1/cmr/m/n/10 steps, and they de-rived two ranges of dif-fu-sion -- nor-mal a
nd super-diffusive. Our model 
 []


Overfull \hbox (19.32121pt too wide) in paragraph at lines 344--351
\OT1/cmr/m/n/10 ul-ti-mately ex-tends these two works and re-frames them in the
 for-mal-ism of CTRWs (e.g., 
 []


Underfull \vbox (badness 5741) has occurred while \output is active []

 [16]
Overfull \hbox (2.32124pt too wide) in paragraph at lines 352--360
[]\OT1/cmr/m/n/10 We of-fer sev-eral im-pli-ca-tions of our model for bed-load 
dif-fu-sion stud-ies in gravel 
 []


Overfull \hbox (12.43236pt too wide) in paragraph at lines 352--360
\OT1/cmr/m/n/10 bed streams. First, our model con-fines the valid range of scal
e in-de-pen-dent mod-els such 
 []


Overfull \hbox (29.62692pt too wide) in paragraph at lines 352--360
\OT1/cmr/m/n/10 as the advection-diffusion equa-tion (e.g., D. N. Bradley et al
.[], 2010) and the Ein-stein model 
 []


Overfull \hbox (5.76576pt too wide) in paragraph at lines 352--360
\OT1/cmr/m/n/10 (e.g., Mar-tin et al.[], 2012) for prac-ti-cal ap-pli-ca-tions 
such as con-tam-i-nant trans-port (e.g 
 []


Overfull \hbox (6.73802pt too wide) in paragraph at lines 352--360
\OT1/cmr/m/n/10 Mack-lin et al.[], 2006; Mal-mon, Re-neau, Dunne, Katz-man, & D
rakos, 2005) and aquatic 
 []


Overfull \hbox (11.50185pt too wide) in paragraph at lines 352--360
\OT1/cmr/m/n/10 habi-tat restora-tion (e.g., Gaeu-man et al.[], 2017). We can c
on-clude when the ob-ser-va-tion 
 []


Overfull \hbox (6.95648pt too wide) in paragraph at lines 352--360
\OT1/cmr/m/n/10 ex-pect nor-mal bed-load dif-fu-sion $\OML/cmm/m/it/10 ^^[[] \O
T1/cmr/m/n/10 = \OML/cmm/m/it/10 D[]t$\OT1/cmr/m/n/10 . For ex-am-ple, if grain
s move for a mean du- 
 []


Overfull \hbox (16.46017pt too wide) in paragraph at lines 352--360
\OT1/cmr/m/n/10 ra-tion $0\OML/cmm/m/it/10 :\OT1/cmr/m/n/10 5$s, they rest for 
a mean du-ra-tion $1$hr, and burial takes, on av-er-age $30$hr for rest- 
 []


Overfull \hbox (12.01578pt too wide) in paragraph at lines 352--360
\OT1/cmr/m/n/10 ing grains, a nor-mal dif-fu-sion model such as Ein-stein (1937
) would be ap-pli-ca-ble for ob- 
 []


Overfull \hbox (11.5712pt too wide) in paragraph at lines 352--360
\OT1/cmr/m/n/10 load trans-port un-der-stand-ing across scales. In prac-tice, w
e might mea-sure sed-i-ment dif- 
 []


Overfull \hbox (8.12682pt too wide) in paragraph at lines 352--360
\OT1/cmr/m/n/10 fu-sion within a chan-nel on one timescale with in-tent to ap-p
ly our knowl-edge at smaller 
 []


Overfull \hbox (27.62685pt too wide) in paragraph at lines 352--360
\OT1/cmr/m/n/10 or larger timescales; usu-ally, ex-per-i-men-tal lim-i-ta-tions
 con-strain the mea-sure-ment timescale. 
 []


Overfull \hbox (2.59445pt too wide) in paragraph at lines 352--360
\OT1/cmr/m/n/10 For ex-am-ple, we could de-ter-mine $\OML/cmm/m/it/10 k[]$ \OT1
/cmr/m/n/10 and $\OML/cmm/m/it/10 k[]$ \OT1/cmr/m/n/10 by mea-sur-ing the vir-t
ual ve-loc-ity and dif- 
 []


Overfull \hbox (10.59906pt too wide) in paragraph at lines 352--360
\OT1/cmr/m/n/10 fu-siv-ity of sed-i-ment trac-ers in the in-ter-me-di-ate range
 (e.g., Ein-stein, 1937; Nak-a-gawa & 
 []


Overfull \hbox (7.44403pt too wide) in paragraph at lines 352--360
\OT1/cmr/m/n/10 Tsu-ji-moto, 1976; Yano et al.[], 1969). With an es-ti-mate of 
the trap-ping rate $\OML/cmm/m/it/10 ^^T$\OT1/cmr/m/n/10 , equa-tion 
 []


Underfull \vbox (badness 10000) has occurred while \output is active []

 [17]
Overfull \hbox (19.76563pt too wide) in paragraph at lines 361--373
[]\OT1/cmr/m/n/10 To de-scribe the scale de-pen-dence of bed-load dif-fu-sion, 
we ex-tended the orig-i-nal Ein- 
 []


Overfull \hbox (10.18234pt too wide) in paragraph at lines 361--373
\OT1/cmr/m/n/10 stein model by build-ing up ideas from con-densed mat-ter physi
cs. Along the way, we in- 
 []


Overfull \hbox (3.6546pt too wide) in paragraph at lines 361--373
\OT1/cmr/m/n/10 cor-po-rated two sim-pli-fy-ing as-sump-tions that de-serve fur
-ther re-search at-ten-tion. First, 
 []


Overfull \hbox (0.43233pt too wide) in paragraph at lines 361--373
\OT1/cmr/m/n/10 we treated sed-i-ment burial as a quasi per-ma-nent con-di-tion
; and sec-ond, we im-plic-itly 
 []


Overfull \hbox (10.71016pt too wide) in paragraph at lines 361--373
\OT1/cmr/m/n/10 as-sumed burial is the only pro-cess trap-ping grains in river 
chan-nels. In ac-tu-al-ity, burial 
 []


Overfull \hbox (27.2102pt too wide) in paragraph at lines 361--373
\OT1/cmr/m/n/10 is a tem-po-rary con-di-tion linked to scour and fill of the se
d-i-men-tary bed (Has-san & Church, 
 []


Overfull \hbox (6.29355pt too wide) in paragraph at lines 361--373
\OT1/cmr/m/n/10 1994; Mar-tin et al.[], 2014; Voe-pel et al.[], 2013; Wu, Singh
, et al.[], 2019), and field ex-per- 
 []


Overfull \hbox (20.599pt too wide) in paragraph at lines 361--373
\OT1/cmr/m/n/10 i-ments show other pro-cesses trap-ping sed-i-ment. For ex-am-p
le, grains can be-come stranded 
 []


Overfull \hbox (20.32133pt too wide) in paragraph at lines 361--373
\OT1/cmr/m/n/10 on bars (D. N. Bradley, 2017; Fer-gu-son & Hoey, 2002) and em-b
ed-ded in sta-bi-liz-ing struc- 
 []


Overfull \hbox (24.18228pt too wide) in paragraph at lines 361--373
\OT1/cmr/m/n/10 tures such as steps or clus-ters (e.g. Church, Has-san, & Wol-c
ott, 1998; Has-san et al.[], 2008). 
 []


Overfull \hbox (8.57115pt too wide) in paragraph at lines 361--373
\OT1/cmr/m/n/10 In prin-ci-ple, the multi state CTRW frame-work we de-vel-oped 
here can de-scribe bed-load 
 []


Overfull \hbox (14.76576pt too wide) in paragraph at lines 361--373
\OT1/cmr/m/n/10 dif-fu-sion with mul-ti-ple trap-ping pro-cesses by sim-ply add
ing more states, and it can han- 
 []


Overfull \hbox (7.34908pt too wide) in paragraph at lines 361--373
\OT1/cmr/m/n/10 dle im-per-ma-nent so-journs in these states by spec-i-fy-ing p
rop-a-ga-tors for them. Un-for-tu- 
 []


Overfull \hbox (12.15456pt too wide) in paragraph at lines 361--373
\OT1/cmr/m/n/10 nately, we cur-rently lack the ex-per-i-men-tal knowl-edge to s
pec-ify these prop-a-ga-tors, since 
 []


Overfull \hbox (5.37692pt too wide) in paragraph at lines 361--373
\OT1/cmr/m/n/10 trap-ping rates and du-ra-tions are poorly un-der-stood in as-s
o-ci-a-tion with par-tic-u-lar pro- 
 []


Overfull \hbox (6.01564pt too wide) in paragraph at lines 361--373
\OT1/cmr/m/n/10 cesses. For ex-am-ple, re-cent ex-per-i-ments have at-tributed 
rest-ing times to any im-mo-bile 
 []


Overfull \hbox (1.40462pt too wide) in paragraph at lines 361--373
\OT1/cmr/m/n/10 sed-i-ment, and this is known to im-ply heavy-tailed sed-i-ment
 rest-ing time dis-tri-bu-tions 
 []


Overfull \hbox (14.62686pt too wide) in paragraph at lines 361--373
\OT1/cmr/m/n/10 re-solved im-mo-bile times of sed-i-ment while iden-ti-fy-ing t
heir un-der-ly-ing mech-a-nism (Mar- 
 []


Overfull \hbox (5.26567pt too wide) in paragraph at lines 361--373
\OT1/cmr/m/n/10 tin et al.[], 2014). We pro-pose ex-per-i-ments to de-ter-mine 
the rates and du-ra-tions of spe- 
 []


Overfull \hbox (18.7935pt too wide) in paragraph at lines 361--373
\OT1/cmr/m/n/10 cific bed-load trap-ping pro-cesses are im-por-tant top-ics for
 fur-ther study. A first step might 
 []


Overfull \hbox (9.86053pt too wide) in paragraph at lines 361--373
\OT1/cmr/m/n/10 be to mea-sure the burial rate $\OML/cmm/m/it/10 ^^T$ \OT1/cmr/
m/n/10 we ap-plied in this pa-per; in prin-ci-ple, this could be dis- 
 []


Overfull \hbox (16.84904pt too wide) in paragraph at lines 361--373
\OT1/cmr/m/n/10 cerned by tim-ing the pe-riod re-quired for tagged sur-face gra
ins to be-come buried in flume 
 []


Overfull \hbox (15.01576pt too wide) in paragraph at lines 361--373
\OT1/cmr/m/n/10 ex-per-i-ments. Once bet-ter un-der-stand-ing of the rates and 
du-ra-tions of sed-i-ment trap-ping 
 []


Overfull \hbox (1.23781pt too wide) in paragraph at lines 361--373
\OT1/cmr/m/n/10 pro-cesses is in place, gen-er-al-iza-tions built from the fram
e-work we've pre-sented in this 
 []


Underfull \vbox (badness 10000) has occurred while \output is active []

 [18]
Overfull \hbox (14.08524pt too wide) in paragraph at lines 377--383
\OT1/cmr/m/n/10 edge, this is the first an-a-lyt-i-cal de-scrip-tion of bed-loa
d dif-fu-sion [][][]cap[]-[]tur[]-[]ing[] the lo-cal, in- 
 []


Overfull \hbox (10.01575pt too wide) in paragraph at lines 377--383
\OT1/cmr/m/n/10 ter-me-di-ate, and global timescales in-tro-duced by Nikora et 
al.[] (2001). Push-ing the ideas 
 []


Overfull \hbox (13.07126pt too wide) in paragraph at lines 377--383
\OT1/cmr/m/n/10 of Nikora some-what fur-ther, we pro-posed a ge-o-mor-phic rang
e to de-scribe dif-fu-sion char- 
 []


Overfull \hbox (4.4323pt too wide) in paragraph at lines 377--383
\OT1/cmr/m/n/10 ac-ter-is-tics at timescales larger than the global range. At b
ase level, our model demon- 
 []


Overfull \hbox (6.15462pt too wide) in paragraph at lines 377--383
\OT1/cmr/m/n/10 strates the re-quired com-po-nents for three bed-load dif-fu-si
on ranges: (1) the du-ra-tion of 
 []


Overfull \hbox (8.5713pt too wide) in paragraph at lines 377--383
\OT1/cmr/m/n/10 sed-i-ment mo-tions, (2) mobile-immobile switch-ing, and (3) a 
sed-i-ment trap-ping pro-cess. 
 []


Overfull \hbox (5.46004pt too wide) in paragraph at lines 377--383
\OT1/cmr/m/n/10 A next step is to in-cor-po-rate the bed scour pro-cess that re
-exposes buried sed-i-ment to 
 []


Overfull \hbox (17.90463pt too wide) in paragraph at lines 377--383
\OT1/cmr/m/n/10 bet-ter un-der-stand the global and ge-o-mor-phic ranges. Ul-ti
-mately, we em-pha-size the multi 
 []


Overfull \hbox (7.29353pt too wide) in paragraph at lines 377--383
\OT1/cmr/m/n/10 state ran-dom walk for-mal-ism used in this pa-per im-plic-itly
 un-der-lies most ex-ist-ing bed- 
 []


Overfull \hbox (15.93242pt too wide) in paragraph at lines 377--383
\OT1/cmr/m/n/10 load dif-fu-sion mod-els, and we be-lieve it will read-ily ac-c
om-mo-date ef-forts to in-clude more 
 []


Underfull \hbox (badness 10000) in paragraph at lines 387--390
\OT1/cmr/m/n/10 J. Pierce ac-knowl-edges a help-ful ex-change with Ed-uardo Dal
y dur-ing the early 
 []


Underfull \hbox (badness 10000) in paragraph at lines 387--390
\OT1/cmr/m/n/10 stages of this work. He would like to thank Melinda Saun-ders a
nd Leonardo Gol- 
 []


Underfull \hbox (badness 10000) in paragraph at lines 387--390
\OT1/cmr/m/n/10 ubovic for their care-ful guid-ance in math-e-mat-ics through t
he years. M. Has-san is 
 []


Underfull \hbox (badness 10000) in paragraph at lines 387--390
\OT1/cmr/m/n/10 sup-ported by an NSERC Dis-cov-ery grant. The Python sim-u-la-t
ion code is avail-able 
 []

(./rwdiffu.bbl
Underfull \hbox (badness 3792) in paragraph at lines 17--35
\OT1/cmr/m/n/10 i-ment trans-port ex-per-i-ments.  \OT1/cmr/m/it/10 Phys-i-cal 
Re-view E - Sta-tis-ti-cal, Non-lin-ear, and 
 []


Underfull \hbox (badness 3930) in paragraph at lines 49--66
[]\OT1/cmr/m/n/10 Barik, D., Ghosh, P. K., & Ray, D. S.  (2006).  Langevin dy-n
am-ics with di-choto- 
 []


Underfull \hbox (badness 3108) in paragraph at lines 80--96
[]\OT1/cmr/m/n/10 Bialik, R. J., Nikora, V. I., & Rowi^^Snski, P. M.  (2012).  
3D La-grangian mod-elling 
 []


Underfull \vbox (badness 4543) has occurred while \output is active []

 [19]
Underfull \hbox (badness 1845) in paragraph at lines 108--123
[]\OT1/cmr/m/n/10 Bradley, D. N.  (2017).  Di-rect Ob-ser-va-tion of Heavy-Tail
ed Stor-age Times of Bed 
 []


Underfull \hbox (badness 10000) in paragraph at lines 108--123
\OT1/cmr/m/n/10 Load Tracer Par-ti-cles Caus-ing Anoma-lous Su-perdif-fu-sion. 
 \OT1/cmr/m/it/10 Geo-phys-i-cal Re- 
 []


Underfull \hbox (badness 10000) in paragraph at lines 137--155
[]\OT1/cmr/m/n/10 Bradley, D. N., Tucker, G. E., & Ben-son, D. A.  (2010).  Fra
c-tional dis-per- 
 []


Underfull \hbox (badness 10000) in paragraph at lines 137--155
\OT1/cmr/m/n/10 sion in a sand bed river.  \OT1/cmr/m/it/10 Jour-nal of Geo-phy
s-i-cal Re-search\OT1/cmr/m/n/10 , \OT1/cmr/m/it/10 115\OT1/cmr/m/n/10 , F00A09
. 
 []


Underfull \hbox (badness 10000) in paragraph at lines 137--155
\OT1/cmr/m/n/10 Re-trieved from $\OT1/cmtt/m/n/10 http :// doi [] .wiley [] .co
m / 10 [] .1029 / 2009JF001268$   \OT1/cmr/m/n/10 doi: 
 []


Underfull \hbox (badness 4193) in paragraph at lines 169--185
[]\OT1/cmr/m/n/10 Bradley, N. D., & Tucker, G. E.  (2012).  Mea-sur-ing gravel 
trans-port and dis-per- 
 []


Underfull \hbox (badness 5862) in paragraph at lines 169--185
\OT1/cmr/m/n/10 sion in a moun-tain river us-ing pas-sive ra-dio trac-ers.  \OT
1/cmr/m/it/10 Earth Sur-face Pro-cesses 
 []


Underfull \hbox (badness 2229) in paragraph at lines 258--271
[]\OT1/cmr/m/n/10 Einstein, H. A.  (1937).  \OT1/cmr/m/it/10 Bed-load trans-por
t as a prob-a-bil-ity prob-lem \OT1/cmr/m/n/10 (Un-pub-lished 
 []


Underfull \hbox (badness 10000) in paragraph at lines 317--337
\OT1/cmr/m/n/10 a semimech-a-nis-tic episodic Langevin model for bed load trans
-port: Emer-gence 
 []


Underfull \hbox (badness 10000) in paragraph at lines 317--337
\OT1/cmr/m/n/10 of nor-mal and anoma-lous ad-vec-tion and dif-fu-sion regimes. 
 \OT1/cmr/m/it/10 Wa-ter Re-sources 
 []


Underfull \hbox (badness 10000) in paragraph at lines 351--368
[]\OT1/cmr/m/n/10 Fathel, S. L., Fur-bish, D. J., & Schmeeckle, M. W.  (2015). 
 Ex-per-i-men-tal ev-i- 
 []


Underfull \hbox (badness 7722) in paragraph at lines 351--368
\OT1/cmr/m/n/10 dence of sta-tis-ti-cal en-sem-ble be-hav-ior in bed load sed-i
-ment trans-port.  \OT1/cmr/m/it/10 Jour- 
 []


Underfull \hbox (badness 10000) in paragraph at lines 351--368
\OT1/cmr/m/it/10 nal of Geo-phys-i-cal Re-search F: Earth Sur-face\OT1/cmr/m/n/
10 , \OT1/cmr/m/it/10 120\OT1/cmr/m/n/10 (11), 2298--2317.  doi: 
 []


Underfull \hbox (badness 10000) in paragraph at lines 382--398
\OT1/cmr/m/n/10 Generic mod-els and im-pli-ca-tions for in-ter-pret-ing short-t
erm tracer stud-ies. 
 []


Underfull \vbox (badness 10000) has occurred while \output is active []

 [20]
Underfull \hbox (badness 10000) in paragraph at lines 412--430
[]\OT1/cmr/m/n/10 Furbish, D. J., Ball, A. E., & Schmeeckle, M. W.  (2012).  A 
prob-a-bilis-tic de- 
 []


Underfull \hbox (badness 10000) in paragraph at lines 412--430
\OT1/cmr/m/n/10 scrip-tion of the bed load sed-i-ment flux: 4. Fick-ian dif-fu-
sion at low trans-port 
 []


Underfull \hbox (badness 5622) in paragraph at lines 412--430
\OT1/cmr/m/n/10 rates.  \OT1/cmr/m/it/10 Jour-nal of Geo-phys-i-cal Re-search: 
Earth Sur-face\OT1/cmr/m/n/10 , \OT1/cmr/m/it/10 117\OT1/cmr/m/n/10 (3), 1--13.
  doi: 
 []


Underfull \hbox (badness 7576) in paragraph at lines 445--465
[]\OT1/cmr/m/n/10 Furbish, D. J., Schmeeckle, M. W., Schumer, R., & Fa-thel, S.
 L.  (2016).  Prob- 
 []


Underfull \hbox (badness 10000) in paragraph at lines 445--465
\OT1/cmr/m/n/10 a-bil-ity dis-tri-bu-tions of bed load par-ti-cle ve-loc-i-ties
, ac-cel-er-a-tions, hop dis- 
 []


Underfull \hbox (badness 10000) in paragraph at lines 445--465
\OT1/cmr/m/n/10 tances, and travel times in-formed by Jaynes's prin-ci-ple of m
ax-i-mum en-tropy. 
 []


Underfull \hbox (badness 10000) in paragraph at lines 445--465
\OT1/cmr/m/it/10 Jour-nal of Geo-phys-i-cal Re-search: Earth Sur-face\OT1/cmr/m
/n/10 , \OT1/cmr/m/it/10 121\OT1/cmr/m/n/10 (7), 1373--1390.  doi: 
 []


Underfull \hbox (badness 7814) in paragraph at lines 480--499
[]\OT1/cmr/m/n/10 Gaeuman, D., Stew-art, R., Schmandt, B., & Pryor, C.  (2017).
  Ge-o-mor-phic re- 
 []


Underfull \hbox (badness 10000) in paragraph at lines 480--499
\OT1/cmr/m/n/10 sponse to gravel aug-men-ta-tion and high-flow dam re-lease in 
the Trin-ity River, 
 []


Underfull \hbox (badness 1194) in paragraph at lines 600--615
[]\OT1/cmr/m/n/10 Hassan, M. A., & Church, M.  (1994).  Ver-ti-cal mix-ing of c
oarse par-ti-cles in gravel 
 []


Underfull \hbox (badness 1314) in paragraph at lines 600--615
\OT1/cmr/m/n/10 bed rivers: A kine-matic model.  \OT1/cmr/m/it/10 Wa-ter Re-sou
rces Re-search\OT1/cmr/m/n/10 , \OT1/cmr/m/it/10 30\OT1/cmr/m/n/10 (4), 1173--1
185. 
 []


Underfull \hbox (badness 10000) in paragraph at lines 629--645
\OT1/cmr/m/n/10 par-ti-cles in gravel bed streams.  \OT1/cmr/m/it/10 Wa-ter Re-
sources Re-search\OT1/cmr/m/n/10 , \OT1/cmr/m/it/10 27\OT1/cmr/m/n/10 (4), 503-
-511. 
 []


Underfull \hbox (badness 10000) in paragraph at lines 657--681
[]\OT1/cmr/m/n/10 Hassan, M. A., Smith, B. J., Hogan, D. L., Luzi, D. S., Zim-m
er-mann, A. E., & 
 []


Underfull \hbox (badness 1052) in paragraph at lines 657--681
\OT1/cmr/m/n/10 Eaton, B. C.  (2008).  Sed-i-ment stor-age and trans-port in co
arse bed streams: 
 []


Underfull \hbox (badness 10000) in paragraph at lines 657--681
\OT1/cmr/m/n/10 scale con-sid-er-a-tions.  In H. Haber-sack & H. Pie-gay (Eds.[
]), \OT1/cmr/m/it/10 Gravel-bed rivers 
 []


Underfull \hbox (badness 10000) in paragraph at lines 657--681
\OT1/cmr/m/it/10 8: From pro-cess un-der-stand-ing to river restora-tion \OT1/c
mr/m/n/10 (Vol.[] 11, pp.[] 473--496). 
 []


Underfull \vbox (badness 10000) has occurred while \output is active []

 [21]
Underfull \hbox (badness 1237) in paragraph at lines 721--734
[]\OT1/cmr/m/n/10 Lajeunesse, E., De-vauchelle, O., & James, F.  (2018).  Ad-ve
c-tion and dis-per-sion of 
 []


Underfull \hbox (badness 10000) in paragraph at lines 802--818
[]\OT1/cmr/m/n/10 Lisle, I. G., Rose, C. W., Hog-a-rth, W. L., Hair-sine, P. B.
, Sander, G. C., & Par- 
 []


Underfull \hbox (badness 10000) in paragraph at lines 830--850
[]\OT1/cmr/m/n/10 Macklin, M. G., Brewer, P. A., Hudson-Edwards, K. A., Bird, G
., Coulthard, T. J., 
 []


Underfull \hbox (badness 10000) in paragraph at lines 866--884
\OT1/cmr/m/n/10 flu-ence of sed-i-ment stor-age on down-stream de-liv-ery of co
n-tam-i-nated sed-i-ment. 
 []


Underfull \hbox (badness 1331) in paragraph at lines 896--907
[]\OT1/cmr/m/n/10 Marcum, J.  (1960).  A sta-tis-ti-cal the-ory of tar-get de-t
ec-tion by pulse radar.  \OT1/cmr/m/it/10 IRE 
 []


Underfull \hbox (badness 10000) in paragraph at lines 921--938
[]\OT1/cmr/m/n/10 Martin, R. L., Jerol-mack, D. J., & Schumer, R.  (2012).  The
 phys-i-cal ba-sis for 
 []


Underfull \hbox (badness 7256) in paragraph at lines 921--938
\OT1/cmr/m/n/10 anoma-lous dif-fu-sion in bed load trans-port.  \OT1/cmr/m/it/1
0 Jour-nal of Geo-phys-i-cal Re-search: 
 []


Underfull \vbox (badness 10000) has occurred while \output is active []

 [22]
Underfull \hbox (badness 10000) in paragraph at lines 1037--1056
\OT1/cmr/m/it/10 by stochas-tic meth-ods: Sec-ond in-ter-na-tional iahr sym-po-
sium on stochas-tic 
 []


Underfull \hbox (badness 1735) in paragraph at lines 1097--1117
[]\OT1/cmr/m/n/10 Nikora, V., Haber-sack, H., Hu-ber, T., & McE-wan, I.  (2002)
.  On bed par-ti-cle dif- 
 []


Underfull \hbox (badness 10000) in paragraph at lines 1097--1117
\OT1/cmr/m/n/10 fu-sion in gravel bed flows un-der weak bed load trans-port.  \
OT1/cmr/m/it/10 Wa-ter Re-sources 
 []


Underfull \hbox (badness 10000) in paragraph at lines 1097--1117
\OT1/cmr/m/it/10 Re-search\OT1/cmr/m/n/10 , \OT1/cmr/m/it/10 38\OT1/cmr/m/n/10 
(6), 1--9.  Re-trieved from $\OT1/cmtt/m/n/10 http :// doi [] .wiley [] .com / 
10 [] .1029 / 
 []


Underfull \hbox (badness 1173) in paragraph at lines 1164--1181
[]\OT1/cmr/m/n/10 Olinde, L., & John-son, J. P. L.  (2015).  Us-ing RFID and ac
celerometer-embedded 
 []


Underfull \hbox (badness 10000) in paragraph at lines 1164--1181
\OT1/cmr/m/n/10 trac-ers to mea-sure prob-a-bil-i-ties of bed load trans-port, 
step lengths, and rest 
 []


Underfull \hbox (badness 2359) in paragraph at lines 1220--1236
[]\OT1/cmr/m/n/10 Phillips, C. B., Mar-tin, R. L., & Jerol-mack, D. J.  (2013).
  Im-pulse frame-work for 
 []


Underfull \hbox (badness 3525) in paragraph at lines 1250--1266
\OT1/cmr/m/n/10 ac-tions for anoma-lous dif-fu-sion: A case study.  \OT1/cmr/m/
it/10 Jour-nal of Physics Con-densed 
 []


Underfull \hbox (badness 4752) in paragraph at lines 1329--1347
[]\OT1/cmr/m/n/10 Voepel, H., Schumer, R., & Has-san, M. A.  (2013).  Sed-i-men
t res-i-dence time dis- 
 []


Underfull \hbox (badness 1163) in paragraph at lines 1329--1347
\OT1/cmr/m/it/10 of Geo-phys-i-cal Re-search: Earth Sur-face\OT1/cmr/m/n/10 , \
OT1/cmr/m/it/10 118\OT1/cmr/m/n/10 (4), 2557--2567.  doi: $10 [] .1002 / jgrf [
] 
 []


Underfull \vbox (badness 10000) has occurred while \output is active []

 [23]
Underfull \hbox (badness 4608) in paragraph at lines 1361--1377
\OT1/cmr/m/n/10 asym-met-ric ran-dom walks.  \OT1/cmr/m/it/10 Phys-i-cal Re-vie
w E - Sta-tis-ti-cal Physics, Plas-mas, 
 []


Underfull \hbox (badness 2080) in paragraph at lines 1361--1377
\OT1/cmr/m/it/10 Flu-ids, and Re-lated In-ter-dis-ci-plinary Top-ics\OT1/cmr/m/
n/10 , \OT1/cmr/m/it/10 57\OT1/cmr/m/n/10 (5), 4915--4920.  doi: $10 [] .1103 /
 
 []


Underfull \hbox (badness 1490) in paragraph at lines 1414--1425
[]\OT1/cmr/m/n/10 Weiss, G. H.  (1994).  \OT1/cmr/m/it/10 As-pects and ap-pli-c
a-tions of the ran-dom walk\OT1/cmr/m/n/10 .  Am-s-ter-dam: 
 []


Underfull \hbox (badness 10000) in paragraph at lines 1439--1459
[]\OT1/cmr/m/n/10 Wu, Z., Foufoula-Georgiou, E., Parker, G., Singh, A., Fu, X.,
 & Wang, G.  (2019). 
 []


Underfull \hbox (badness 10000) in paragraph at lines 1439--1459
\OT1/cmr/m/n/10 An-a-lyt-i-cal So-lu-tion for Anoma-lous Dif-fu-sion of Bed-loa
d Trac-ers Grad-u-ally 
 []


Underfull \hbox (badness 5288) in paragraph at lines 1439--1459
\OT1/cmr/m/n/10 Un-der-go-ing Burial.  \OT1/cmr/m/it/10 Jour-nal of Geo-phys-i-
cal Re-search: Earth Sur-face\OT1/cmr/m/n/10 , \OT1/cmr/m/it/10 124\OT1/cmr/m/n
/10 (1), 
 []


Underfull \hbox (badness 1845) in paragraph at lines 1559--1573
[]\OT1/cmr/m/n/10 Yano, K., Tsuchiya, Y., & Michiue, M.  (1969).  Stud-ies on t
he Sand Trans-port in 
 []


Underfull \hbox (badness 10000) in paragraph at lines 1559--1573
\OT1/cmr/m/n/10 Streams with Trac-ers.  \OT1/cmr/m/it/10 Bull. Disas. Prev. Res
. Inst. Ky-oto Univ.\OT1/cmr/m/n/10 , \OT1/cmr/m/it/10 18\OT1/cmr/m/n/10 (Part 
3, 
 []

) [24] (./rwdiffu.aux)

LaTeX Font Warning: Size substitutions with differences
(Font)              up to 0.45pt have occurred.


LaTeX Warning: There were undefined references.

 ) 
Here is how much of TeX's memory you used:
 5058 strings out of 492982
 66911 string characters out of 6134895
 258828 words of memory out of 5000000
 8501 multiletter control sequences out of 15000+600000
 15466 words of font info for 60 fonts, out of 8000000 for 9000
 1147 hyphenation exceptions out of 8191
 50i,21n,40p,1063b,832s stack positions out of 5000i,500n,10000p,200000b,80000s
</usr/share/texlive/texmf-dist/fonts/type1/public/amsfonts/cm/cmbx10.pfb></us
r/share/texlive/texmf-dist/fonts/type1/public/amsfonts/cm/cmbx12.pfb></usr/shar
e/texlive/texmf-dist/fonts/type1/public/amsfonts/cm/cmbx8.pfb></usr/share/texli
ve/texmf-dist/fonts/type1/public/amsfonts/cm/cmbx9.pfb></usr/share/texlive/texm
f-dist/fonts/type1/public/amsfonts/cm/cmex10.pfb></usr/share/texlive/texmf-dist
/fonts/type1/public/amsfonts/cm/cmmi10.pfb></usr/share/texlive/texmf-dist/fonts
/type1/public/amsfonts/cm/cmmi6.pfb></usr/share/texlive/texmf-dist/fonts/type1/
public/amsfonts/cm/cmmi7.pfb></usr/share/texlive/texmf-dist/fonts/type1/public/
amsfonts/cm/cmmi8.pfb></usr/share/texlive/texmf-dist/fonts/type1/public/amsfont
s/cm/cmmi9.pfb></usr/share/texlive/texmf-dist/fonts/type1/public/amsfonts/cm/cm
r10.pfb></usr/share/texlive/texmf-dist/fonts/type1/public/amsfonts/cm/cmr5.pfb>
</usr/share/texlive/texmf-dist/fonts/type1/public/amsfonts/cm/cmr6.pfb></usr/sh
are/texlive/texmf-dist/fonts/type1/public/amsfonts/cm/cmr7.pfb></usr/share/texl
ive/texmf-dist/fonts/type1/public/amsfonts/cm/cmr8.pfb></usr/share/texlive/texm
f-dist/fonts/type1/public/amsfonts/cm/cmr9.pfb></usr/share/texlive/texmf-dist/f
onts/type1/public/amsfonts/cm/cmss8.pfb></usr/share/texlive/texmf-dist/fonts/ty
pe1/public/amsfonts/cm/cmsy10.pfb></usr/share/texlive/texmf-dist/fonts/type1/pu
blic/amsfonts/cm/cmsy5.pfb></usr/share/texlive/texmf-dist/fonts/type1/public/am
sfonts/cm/cmsy7.pfb></usr/share/texlive/texmf-dist/fonts/type1/public/amsfonts/
cm/cmsy8.pfb></usr/share/texlive/texmf-dist/fonts/type1/public/amsfonts/cm/cmsy
9.pfb></usr/share/texlive/texmf-dist/fonts/type1/public/amsfonts/cm/cmti10.pfb>
</usr/share/texlive/texmf-dist/fonts/type1/public/amsfonts/cm/cmti8.pfb></usr/s
hare/texlive/texmf-dist/fonts/type1/public/amsfonts/cm/cmti9.pfb></usr/share/te
xlive/texmf-dist/fonts/type1/public/amsfonts/cm/cmtt10.pfb></usr/share/texlive/
texmf-dist/fonts/type1/public/amsfonts/cm/cmtt9.pfb>
Output written on rwdiffu.pdf (24 pages, 789108 bytes).
PDF statistics:
 195 PDF objects out of 1000 (max. 8388607)
 136 compressed objects within 2 object streams
 0 named destinations out of 1000 (max. 500000)
 11 words of extra memory for PDF output out of 10000 (max. 10000000)

