\BOOKMARK [1][-]{section.1}{Introduction: birth-death models for the probability distribution of bedload flux}{}% 1
\BOOKMARK [1][-]{section.2}{Background: the foundational stochastic model of bedload transport}{}% 2
\BOOKMARK [1][-]{section.3}{Review: birth-death theories of bedload transport}{}% 3
\BOOKMARK [2][-]{subsection.3.1}{Formalizing Einstein: a foundation in Markov process theory}{section.3}% 4
\BOOKMARK [3][-]{subsubsection.3.1.1}{Theoretical development: the number of moving particles within a control volume}{subsection.3.1}% 5
\BOOKMARK [3][-]{subsubsection.3.1.2}{From the number of moving particles to the bedload flux}{subsection.3.1}% 6
\BOOKMARK [3][-]{subsubsection.3.1.3}{The bedload flux as a random variable: Einstein revisited, Yalin an intermediary}{subsection.3.1}% 7
\BOOKMARK [2][-]{subsection.3.2}{Describing bedload fluctuations: Including correlations between particle motions}{section.3}% 8
\BOOKMARK [3][-]{subsubsection.3.2.1}{Master equation of the collective entrainment model}{subsection.3.2}% 9
\BOOKMARK [3][-]{subsubsection.3.2.2}{The bedload flux: wide fluctuations and the Einstein limit}{subsection.3.2}% 10
\BOOKMARK [2][-]{subsection.3.3}{What about sediment availability?: Turowski's two species model}{section.3}% 11
\BOOKMARK [2][-]{subsection.3.4}{The waiting time between emigration events: Bedload flux from waiting time statistics}{section.3}% 12
\BOOKMARK [2][-]{subsection.3.5}{The bedload flux at a point: the counting statistics of emigration events}{section.3}% 13
\BOOKMARK [2][-]{subsection.3.6}{The diffusion of bedload from a microstructural basis}{section.3}% 14
\BOOKMARK [2][-]{subsection.3.7}{Spatial correlations in bedload transport: }{section.3}% 15
\BOOKMARK [1][-]{section.4}{Scope: identifying future research directions}{}% 16
\BOOKMARK [2][-]{subsection.4.1}{recap}{section.4}% 17
\BOOKMARK [2][-]{subsection.4.2}{Assumptions, calibraiton problems, and unclear aspects: A criticism of the birth-death approach}{section.4}% 18
\BOOKMARK [1][-]{section.5}{synthesis: three new birth death models}{}% 19
\BOOKMARK [2][-]{subsection.5.1}{ Two-dimensional bedload diffusion}{section.5}% 20
\BOOKMARK [2][-]{subsection.5.2}{ A stochastic model of transport with bed elevation variations }{section.5}% 21
\BOOKMARK [2][-]{subsection.5.3}{ Sediment doesn't deposit just anywhere }{section.5}% 22
\BOOKMARK [1][-]{section.6}{Conclusion: progress mining from other fields}{}% 23
